This is pdfTeX, Version 3.141592653-2.6-1.40.24 (TeX Live 2022) (preloaded format=pdftex 2023.1.18)  19 FEB 2023 22:15
entering extended mode
 restricted \write18 enabled.
 file:line:error style messages enabled.
 %&-line parsing enabled.
**main.tex
(./main.tex
./main.tex:1: Undefined control sequence.
l.1 \section
            {Á©∫Èó¥Ëß£ÊûêÂá†‰Ωï}
The control sequence at the end of the top line
of your error message was never \def'ed. If you have
misspelled it (e.g., `\hobx'), type `I' and the correct
spelling (e.g., `I\hbox'). Otherwise just continue,
and I'll forget about whatever was undefined.

Missing character: There is no Á in font cmr10!
Missing character: There is no © in font cmr10!
Missing character: There is no ∫ in font cmr10!
Missing character: There is no È in font cmr10!
Missing character: There is no ó in font cmr10!
Missing character: There is no ¥ in font cmr10!
Missing character: There is no Ë in font cmr10!
Missing character: There is no ß in font cmr10!
Missing character: There is no £ in font cmr10!
Missing character: There is no Ê in font cmr10!
Missing character: There is no û in font cmr10!
Missing character: There is no ê in font cmr10!
Missing character: There is no Â in font cmr10!
Missing character: There is no á in font cmr10!
Missing character: There is no † in font cmr10!
Missing character: There is no ‰ in font cmr10!
Missing character: There is no Ω in font cmr10!
Missing character: There is no ï in font cmr10!
Missing character: There is no Ê in font cmr10!
Missing character: There is no Ä in font cmr10!
Missing character: There is no ù in font cmr10!
Missing character: There is no Ë in font cmr10!
Missing character: There is no Ä in font cmr10!
Missing character: There is no É in font cmr10!
Missing character: There is no ‰ in font cmr10!
Missing character: There is no ∏ in font cmr10!
Missing character: There is no Ä in font cmr10!
Missing character: There is no ‰ in font cmr10!
Missing character: There is no ∏ in font cmr10!
Missing character: There is no ã in font cmr10!
Missing character: There is no Â in font cmr10!
Missing character: There is no Ü in font cmr10!
Missing character: There is no ç in font cmr10!
Missing character: There is no È in font cmr10!
Missing character: There is no ´ in font cmr10!
Missing character: There is no ò in font cmr10!
Missing character: There is no ‰ in font cmr10!
Missing character: There is no ∏ in font cmr10!
Missing character: There is no ≠ in font cmr10!
Missing character: There is no Á in font cmr10!
Missing character: There is no ö in font cmr10!
Missing character: There is no Ñ in font cmr10!
Missing character: There is no Ê in font cmr10!
Missing character: There is no ó in font cmr10!
Missing character: There is no ∂ in font cmr10!
Missing character: There is no Â in font cmr10!
Missing character: There is no Ä in font cmr10!
Missing character: There is no ô in font cmr10!
Missing character: There is no Â in font cmr10!
Missing character: There is no Ø in font cmr10!
Missing character: There is no π in font cmr10!
Missing character: There is no ‰ in font cmr10!
Missing character: There is no ∫ in font cmr10!
Missing character: There is no é in font cmr10!
Missing character: There is no Á in font cmr10!
Missing character: There is no õ in font cmr10!
Missing character: There is no ¥ in font cmr10!
Missing character: There is no Á in font cmr10!
Missing character: There is no ∫ in font cmr10!
Missing character: There is no ø in font cmr10!
Missing character: There is no ‰ in font cmr10!
Missing character: There is no ∏ in font cmr10!
Missing character: There is no é in font cmr10!
Missing character: There is no Â in font cmr10!
Missing character: There is no π in font cmr10!
Missing character: There is no ≥ in font cmr10!
Missing character: There is no È in font cmr10!
Missing character: There is no ù in font cmr10!
Missing character: There is no ¢ in font cmr10!
Missing character: There is no Á in font cmr10!
Missing character: There is no ö in font cmr10!
Missing character: There is no Ñ in font cmr10!
Missing character: There is no Â in font cmr10!
Missing character: There is no Ö in font cmr10!
Missing character: There is no ≥ in font cmr10!
Missing character: There is no Á in font cmr10!
Missing character: There is no ≥ in font cmr10!
Missing character: There is no ª in font cmr10!
Missing character: There is no Â in font cmr10!
Missing character: There is no § in font cmr10!
Missing character: There is no ß in font cmr10!
Missing character: There is no Ë in font cmr10!
Missing character: There is no á in font cmr10!
Missing character: There is no ¥ in font cmr10!
Missing character: There is no Â in font cmr10!
Missing character: There is no è in font cmr10!
Missing character: There is no Ø in font cmr10!
Missing character: There is no ‰ in font cmr10!
Missing character: There is no ª in font cmr10!
Missing character: There is no • in font cmr10!
Missing character: There is no Â in font cmr10!
Missing character: There is no à in font cmr10!
Missing character: There is no Ü in font cmr10!
Missing character: There is no ‰ in font cmr10!
Missing character: There is no ∏ in font cmr10!
Missing character: There is no ∫ in font cmr10!
Missing character: There is no Â in font cmr10!
Missing character: There is no ¶ in font cmr10!
Missing character: There is no Ç in font cmr10!
Missing character: There is no ‰ in font cmr10!
Missing character: There is no ∏ in font cmr10!
Missing character: There is no ã in font cmr10!
Missing character: There is no Á in font cmr10!
Missing character: There is no ö in font cmr10!
Missing character: There is no Ñ in font cmr10!
Missing character: There is no Â in font cmr10!
Missing character: There is no á in font cmr10!
Missing character: There is no † in font cmr10!
Missing character: There is no ‰ in font cmr10!
Missing character: There is no ∏ in font cmr10!
Missing character: There is no ™ in font cmr10!
Missing character: There is no È in font cmr10!
Missing character: There is no ò in font cmr10!
Missing character: There is no ∂ in font cmr10!
Missing character: There is no Ê in font cmr10!
Missing character: There is no Æ in font cmr10!
Missing character: There is no µ in font cmr10!
./main.tex:4: Undefined control sequence.
l.4 \begin
          {itemize}
The control sequence at the end of the top line
of your error message was never \def'ed. If you have
misspelled it (e.g., `\hobx'), type `I' and the correct
spelling (e.g., `I\hbox'). Otherwise just continue,
and I'll forget about whatever was undefined.

Missing character: There is no Â in font cmr10!
Missing character: There is no à in font cmr10!
Missing character: There is no ù in font cmr10!
Missing character: There is no ‰ in font cmr10!
Missing character: There is no ∏ in font cmr10!
Missing character: There is no ≠ in font cmr10!
Missing character: There is no Á in font cmr10!
Missing character: There is no ö in font cmr10!
Missing character: There is no Ñ in font cmr10!
Missing character: There is no Ê in font cmr10!
Missing character: There is no ó in font cmr10!
Missing character: There is no ∂ in font cmr10!
Missing character: There is no Â in font cmr10!
Missing character: There is no Ä in font cmr10!
Missing character: There is no ô in font cmr10!
Missing character: There is no Ê in font cmr10!
Missing character: There is no à in font cmr10!
Missing character: There is no ë in font cmr10!
Missing character: There is no ‰ in font cmr10!
Missing character: There is no ª in font cmr10!
Missing character: There is no ¨ in font cmr10!
Missing character: There is no Â in font cmr10!
Missing character: There is no ≠ in font cmr10!
Missing character: There is no ¶ in font cmr10!
Missing character: There is no ‰ in font cmr10!
Missing character: There is no π in font cmr10!
Missing character: There is no † in font cmr10!
Missing character: There is no ‰ in font cmr10!
Missing character: There is no ∫ in font cmr10!
Missing character: There is no Ü in font cmr10!
Missing character: There is no Ê in font cmr10!
Missing character: There is no ù in font cmr10!
Missing character: There is no • in font cmr10!
Missing character: There is no Ë in font cmr10!
Missing character: There is no ° in font cmr10!
Missing character: There is no ® in font cmr10!
Missing character: There is no Á in font cmr10!
Missing character: There is no § in font cmr10!
Missing character: There is no ∫ in font cmr10!
Missing character: There is no Á in font cmr10!
Missing character: There is no õ in font cmr10!
Missing character: There is no ¥ in font cmr10!
Missing character: There is no Á in font cmr10!
Missing character: There is no ∫ in font cmr10!
Missing character: There is no ø in font cmr10!
Missing character: There is no È in font cmr10!
Missing character: There is no ´ in font cmr10!
Missing character: There is no ò in font cmr10!
Missing character: There is no ‰ in font cmr10!
Missing character: There is no ∏ in font cmr10!
Missing character: There is no ≠ in font cmr10!
Missing character: There is no Á in font cmr10!
Missing character: There is no ö in font cmr10!
Missing character: There is no Ñ in font cmr10!
Missing character: There is no Ê in font cmr10!
Missing character: There is no ó in font cmr10!
Missing character: There is no ∂ in font cmr10!
Missing character: There is no Â in font cmr10!
Missing character: There is no Ä in font cmr10!
Missing character: There is no ô in font cmr10!
Missing character: There is no Ê in font cmr10!
Missing character: There is no à in font cmr10!
Missing character: There is no ë in font cmr10!
Missing character: There is no ‰ in font cmr10!
Missing character: There is no ª in font cmr10!
Missing character: There is no ¨ in font cmr10!
Missing character: There is no Ê in font cmr10!
Missing character: There is no ã in font cmr10!
Missing character: There is no ì in font cmr10!
Missing character: There is no Â in font cmr10!
Missing character: There is no ± in font cmr10!
Missing character: There is no ï in font cmr10!
Missing character: There is no ‰ in font cmr10!
Missing character: There is no ∫ in font cmr10!
Missing character: There is no Ü in font cmr10!
Missing character: There is no Ë in font cmr10!
Missing character: There is no ß in font cmr10!
Missing character: There is no Ü in font cmr10!
Missing character: There is no È in font cmr10!
Missing character: There is no á in font cmr10!
Missing character: There is no é in font cmr10!
Missing character: There is no Ê in font cmr10!
Missing character: There is no ≥ in font cmr10!
Missing character: There is no ® in font cmr10!
Missing character: There is no Ê in font cmr10!
Missing character: There is no Ñ in font cmr10!
Missing character: There is no è in font cmr10!
Missing character: There is no Â in font cmr10!
Missing character: There is no à in font cmr10!
Missing character: There is no ∞ in font cmr10!
Missing character: There is no ‰ in font cmr10!
Missing character: There is no ∫ in font cmr10!
Missing character: There is no Ü in font cmr10!
Missing character: There is no ‰ in font cmr10!
Missing character: There is no π in font cmr10!
Missing character: There is no ü in font cmr10!
Missing character: There is no Â in font cmr10!
Missing character: There is no è in font cmr10!
Missing character: There is no Ø in font cmr10!
Missing character: There is no ‰ in font cmr10!
Missing character: There is no ª in font cmr10!
Missing character: There is no • in font cmr10!
Missing character: There is no Ë in font cmr10!
Missing character: There is no ° in font cmr10!
Missing character: There is no ® in font cmr10!
Missing character: There is no Á in font cmr10!
Missing character: There is no § in font cmr10!
Missing character: There is no ∫ in font cmr10!
Missing character: There is no ‰ in font cmr10!
Missing character: There is no ∏ in font cmr10!
Missing character: There is no Ä in font cmr10!
Missing character: There is no ‰ in font cmr10!
Missing character: There is no ∏ in font cmr10!
Missing character: There is no ™ in font cmr10!
Missing character: There is no Á in font cmr10!
Missing character: There is no õ in font cmr10!
Missing character: There is no ¥ in font cmr10!
Missing character: There is no Á in font cmr10!
Missing character: There is no ∫ in font cmr10!
Missing character: There is no ø in font cmr10!
Missing character: There is no Â in font cmr10!
Missing character: There is no Ü in font cmr10!
Missing character: There is no ç in font cmr10!
Missing character: There is no Â in font cmr10!
Missing character: There is no ê in font cmr10!
Missing character: There is no é in font cmr10!
Missing character: There is no Ê in font cmr10!
Missing character: There is no ù in font cmr10!
Missing character: There is no • in font cmr10!
Missing character: There is no Â in font cmr10!
Missing character: There is no è in font cmr10!
Missing character: There is no Ç in font cmr10!
Missing character: There is no Ê in font cmr10!
Missing character: There is no ï in font cmr10!
Missing character: There is no ∞ in font cmr10!
Missing character: There is no Ê in font cmr10!
Missing character: There is no ñ in font cmr10!
Missing character: There is no π in font cmr10!
Missing character: There is no Á in font cmr10!
Missing character: There is no ® in font cmr10!
Missing character: There is no ã in font cmr10!
Missing character: There is no Á in font cmr10!
Missing character: There is no ö in font cmr10!
Missing character: There is no Ñ in font cmr10!
Missing character: There is no Á in font cmr10!
Missing character: There is no ü in font cmr10!
Missing character: There is no • in font cmr10!
Missing character: There is no Ë in font cmr10!
Missing character: There is no Ø in font cmr10!
Missing character: There is no Ü in font cmr10!
Missing character: There is no Â in font cmr10!
Missing character: There is no ë in font cmr10!
Missing character: There is no ä in font cmr10!
Missing character: There is no Ë in font cmr10!
Missing character: There is no Ø in font cmr10!
Missing character: There is no â in font cmr10!
Missing character: There is no Ê in font cmr10!
Missing character: There is no à in font cmr10!
Missing character: There is no ë in font cmr10!
Missing character: There is no ‰ in font cmr10!
Missing character: There is no ª in font cmr10!
Missing character: There is no ¨ in font cmr10!
Missing character: There is no Â in font cmr10!
Missing character: There is no è in font cmr10!
Missing character: There is no Ø in font cmr10!
Missing character: There is no ‰ in font cmr10!
Missing character: There is no ª in font cmr10!
Missing character: There is no • in font cmr10!
Missing character: There is no Á in font cmr10!
Missing character: There is no î in font cmr10!
Missing character: There is no ® in font cmr10!
./main.tex:7: Undefined control sequence.
<recently read> \begin 
                       
l.7 ...ÊñπÁ®ãÁöÑÁü•ËØÜÂëäËØâÊàë‰ª¨ÂèØ‰ª•Áî®$\begin
                                                  {cases}
The control sequence at the end of the top line
of your error message was never \def'ed. If you have
misspelled it (e.g., `\hobx'), type `I' and the correct
spelling (e.g., `I\hbox'). Otherwise just continue,
and I'll forget about whatever was undefined.

Runaway argument?
 y=\psi (t) \end {cases}$Ë°®Á§∫. \item Âú®ÂúÜÈî•Êõ≤Á∫øÁöÑ‰∏ÄËäÇ‰∏≠, Ê\ETC.
./main.tex:13: Paragraph ended before \\ was complete.
<to be read again> 
                   \par 
l.13 
     
I suspect you've forgotten a `}', causing me to apply this
control sequence to too much text. How can we recover?
My plan is to forget the whole thing and hope for the best.

./main.tex:13: Missing $ inserted.
<inserted text> 
                $
<to be read again> 
                   \par 
l.13 
     
I've inserted a begin-math/end-math symbol since I think
you left one out. Proceed, with fingers crossed.

Missing character: There is no Á in font cmr10!
Missing character: There is no é in font cmr10!
Missing character: There is no ∞ in font cmr10!
Missing character: There is no Â in font cmr10!
Missing character: There is no ú in font cmr10!
Missing character: There is no ® in font cmr10!
Missing character: There is no Ê in font cmr10!
Missing character: There is no à in font cmr10!
Missing character: There is no ë in font cmr10!
Missing character: There is no ‰ in font cmr10!
Missing character: There is no ª in font cmr10!
Missing character: There is no ¨ in font cmr10!
Missing character: There is no Ë in font cmr10!
Missing character: There is no Ø in font cmr10!
Missing character: There is no ï in font cmr10!
Missing character: There is no Â in font cmr10!
Missing character: There is no õ in font cmr10!
Missing character: There is no æ in font cmr10!
Missing character: There is no Â in font cmr10!
Missing character: There is no Ø in font cmr10!
Missing character: There is no π in font cmr10!
Missing character: There is no ‰ in font cmr10!
Missing character: There is no ∫ in font cmr10!
Missing character: There is no é in font cmr10!
Missing character: There is no ‰ in font cmr10!
Missing character: There is no ∏ in font cmr10!
Missing character: There is no ä in font cmr10!
Missing character: There is no Ë in font cmr10!
Missing character: There is no ø in font cmr10!
Missing character: There is no ∞ in font cmr10!
Missing character: There is no Á in font cmr10!
Missing character: There is no Æ in font cmr10!
Missing character: There is no ° in font cmr10!
Missing character: There is no Ë in font cmr10!
Missing character: There is no ø in font cmr10!
Missing character: There is no õ in font cmr10!
Missing character: There is no Ë in font cmr10!
Missing character: There is no ° in font cmr10!
Missing character: There is no å in font cmr10!
Missing character: There is no Ê in font cmr10!
Missing character: There is no ã in font cmr10!
Missing character: There is no ì in font cmr10!
Missing character: There is no Â in font cmr10!
Missing character: There is no ± in font cmr10!
Missing character: There is no ï in font cmr10!
Missing character: There is no Ê in font cmr10!
Missing character: There is no ò in font cmr10!
Missing character: There is no Ø in font cmr10!
Missing character: There is no ‰ in font cmr10!
Missing character: There is no ∏ in font cmr10!
Missing character: There is no ç in font cmr10!
Missing character: There is no Ê in font cmr10!
Missing character: There is no ò in font cmr10!
Missing character: There is no Ø in font cmr10!
Missing character: There is no Â in font cmr10!
Missing character: There is no è in font cmr10!
Missing character: There is no Ø in font cmr10!
Missing character: There is no ‰ in font cmr10!
Missing character: There is no ª in font cmr10!
Missing character: There is no • in font cmr10!
Missing character: There is no Ê in font cmr10!
Missing character: There is no ä in font cmr10!
Missing character: There is no ä in font cmr10!
Missing character: There is no Á in font cmr10!
Missing character: There is no © in font cmr10!
Missing character: There is no ∫ in font cmr10!
Missing character: There is no È in font cmr10!
Missing character: There is no ó in font cmr10!
Missing character: There is no ¥ in font cmr10!
Missing character: There is no ‰ in font cmr10!
Missing character: There is no ∏ in font cmr10!
Missing character: There is no ≠ in font cmr10!
Missing character: There is no Á in font cmr10!
Missing character: There is no ö in font cmr10!
Missing character: There is no Ñ in font cmr10!
Missing character: There is no Â in font cmr10!
Missing character: There is no õ in font cmr10!
Missing character: There is no æ in font cmr10!
Missing character: There is no Â in font cmr10!
Missing character: There is no Ω in font cmr10!
Missing character: There is no ¢ in font cmr10!
Missing character: There is no ‰ in font cmr10!
Missing character: There is no ∏ in font cmr10!
Missing character: There is no é in font cmr10!
Missing character: There is no Ê in font cmr10!
Missing character: There is no ñ in font cmr10!
Missing character: There is no π in font cmr10!
Missing character: There is no Á in font cmr10!
Missing character: There is no ® in font cmr10!
Missing character: There is no ã in font cmr10!
Missing character: There is no Ê in font cmr10!
Missing character: There is no à in font cmr10!
Missing character: There is no ñ in font cmr10!
Missing character: There is no ‰ in font cmr10!
Missing character: There is no ∏ in font cmr10!
Missing character: There is no ç in font cmr10!
Missing character: There is no Á in font cmr10!
Missing character: There is no ≠ in font cmr10!
Missing character: There is no â in font cmr10!
Missing character: There is no Â in font cmr10!
Missing character: There is no º in font cmr10!
Missing character: There is no è in font cmr10!
Missing character: There is no Ë in font cmr10!
Missing character: There is no Å in font cmr10!
Missing character: There is no î in font cmr10!
Missing character: There is no Á in font cmr10!
Missing character: There is no ≥ in font cmr10!
Missing character: There is no ª in font cmr10!
Missing character: There is no Ë in font cmr10!
Missing character: There is no µ in font cmr10!
Missing character: There is no ∑ in font cmr10!
Missing character: There is no Ê in font cmr10!
Missing character: There is no ù in font cmr10!
Missing character: There is no • in font cmr10!
./main.tex:16: Undefined control sequence.
l.16 \begin
           {tool}
The control sequence at the end of the top line
of your error message was never \def'ed. If you have
misspelled it (e.g., `\hobx'), type `I' and the correct
spelling (e.g., `I\hbox'). Otherwise just continue,
and I'll forget about whatever was undefined.

Missing character: There is no Â in font cmr10!
Missing character: There is no É in font cmr10!
Missing character: There is no è in font cmr10!
Missing character: There is no Â in font cmr10!
Missing character: There is no ú in font cmr10!
Missing character: There is no ® in font cmr10!
Missing character: There is no È in font cmr10!
Missing character: There is no ´ in font cmr10!
Missing character: There is no ò in font cmr10!
Missing character: There is no ‰ in font cmr10!
Missing character: There is no ∏ in font cmr10!
Missing character: There is no ≠ in font cmr10!
Missing character: There is no Ê in font cmr10!
Missing character: There is no ï in font cmr10!
Missing character: There is no ∞ in font cmr10!
Missing character: There is no Â in font cmr10!
Missing character: There is no ≠ in font cmr10!
Missing character: There is no ¶ in font cmr10!
Missing character: There is no Á in font cmr10!
Missing character: There is no ö in font cmr10!
Missing character: There is no Ñ in font cmr10!
Missing character: There is no Ê in font cmr10!
Missing character: There is no ï in font cmr10!
Missing character: There is no ô in font cmr10!
Missing character: There is no Á in font cmr10!
Missing character: There is no ß in font cmr10!
Missing character: There is no ë in font cmr10!
Missing character: There is no ‰ in font cmr10!
Missing character: There is no π in font cmr10!
Missing character: There is no ¶ in font cmr10!
Missing character: There is no ‰ in font cmr10!
Missing character: There is no ∏ in font cmr10!
Missing character: There is no ≠ in font cmr10!
Missing character: There is no Ê in font cmr10!
Missing character: There is no º in font cmr10!
Missing character: There is no î in font cmr10!
Missing character: There is no Á in font cmr10!
Missing character: There is no § in font cmr10!
Missing character: There is no ∫ in font cmr10!
Missing character: There is no Á in font cmr10!
Missing character: There is no ö in font cmr10!
Missing character: There is no Ñ in font cmr10!
Missing character: There is no È in font cmr10!
Missing character: There is no Ç in font cmr10!
Missing character: There is no £ in font cmr10!
Missing character: There is no Ê in font cmr10!
Missing character: There is no † in font cmr10!
Missing character: There is no ∑ in font cmr10!
Missing character: There is no Ê in font cmr10!
Missing character: There is no à in font cmr10!
Missing character: There is no ë in font cmr10!
Missing character: There is no ‰ in font cmr10!
Missing character: There is no ª in font cmr10!
Missing character: There is no ¨ in font cmr10!
Missing character: There is no Â in font cmr10!
Missing character: There is no è in font cmr10!
Missing character: There is no Ø in font cmr10!
Missing character: There is no ‰ in font cmr10!
Missing character: There is no ª in font cmr10!
Missing character: There is no • in font cmr10!
Missing character: There is no Á in font cmr10!
Missing character: There is no î in font cmr10!
Missing character: There is no ® in font cmr10!
Missing character: There is no Ë in font cmr10!
Missing character: There is no æ in font cmr10!
Missing character: There is no Ö in font cmr10!
Missing character: There is no Â in font cmr10!
Missing character: There is no ä in font cmr10!
Missing character: There is no © in font cmr10!
Missing character: There is no Â in font cmr10!
Missing character: There is no ∑ in font cmr10!
Missing character: There is no • in font cmr10!
Missing character: There is no Â in font cmr10!
Missing character: There is no Ö in font cmr10!
Missing character: There is no ∑ in font cmr10!
Missing character: There is no Ê in font cmr10!
Missing character: There is no à in font cmr10!
Missing character: There is no ñ in font cmr10!
Missing character: There is no Ë in font cmr10!
Missing character: There is no Ä in font cmr10!
Missing character: There is no Ö in font cmr10!
Missing character: There is no Ê in font cmr10!
Missing character: There is no ù in font cmr10!
Missing character: There is no • in font cmr10!
Missing character: There is no Ë in font cmr10!
Missing character: There is no æ in font cmr10!
Missing character: There is no Ö in font cmr10!
Missing character: There is no Â in font cmr10!
Missing character: There is no ä in font cmr10!
Missing character: There is no © in font cmr10!
Missing character: There is no Ë in font cmr10!
Missing character: There is no ß in font cmr10!
Missing character: There is no Ç in font cmr10!
Missing character: There is no Â in font cmr10!
Missing character: There is no Ø in font cmr10!
Missing character: There is no ü in font cmr10!
Missing character: There is no Ê in font cmr10!
Missing character: There is no ò in font cmr10!
Missing character: There is no Ø in font cmr10!
Missing character: There is no ‰ in font cmr10!
Missing character: There is no ∫ in font cmr10!
Missing character: There is no í in font cmr10!
Missing character: There is no Ë in font cmr10!
Missing character: There is no Å in font cmr10!
Missing character: There is no î in font cmr10!
Missing character: There is no Á in font cmr10!
Missing character: There is no Ω in font cmr10!
Missing character: There is no ë in font cmr10!
Missing character: There is no ‰ in font cmr10!
Missing character: There is no ∏ in font cmr10!
Missing character: There is no ä in font cmr10!
Missing character: There is no Á in font cmr10!
Missing character: There is no ö in font cmr10!
Missing character: There is no Ñ in font cmr10!
Missing character: There is no ‰ in font cmr10!
Missing character: There is no ∏ in font cmr10!
Missing character: There is no Ä in font cmr10!
Missing character: There is no ‰ in font cmr10!
Missing character: There is no ∏ in font cmr10!
Missing character: There is no ™ in font cmr10!
Missing character: There is no Â in font cmr10!
Missing character: There is no ∞ in font cmr10!
Missing character: There is no è in font cmr10!
Missing character: There is no Á in font cmr10!
Missing character: There is no ® in font cmr10!
Missing character: There is no ã in font cmr10!
Missing character: There is no Â in font cmr10!
Missing character: There is no ∫ in font cmr10!
Missing character: There is no è in font cmr10!
Missing character: There is no ‰ in font cmr10!
Missing character: There is no Ω in font cmr10!
Missing character: There is no † in font cmr10!
Missing character: There is no Â in font cmr10!
Missing character: There is no è in font cmr10!
Missing character: There is no Ø in font cmr10!
Missing character: There is no ‰ in font cmr10!
Missing character: There is no ª in font cmr10!
Missing character: There is no • in font cmr10!
Missing character: There is no Â in font cmr10!
Missing character: There is no ú in font cmr10!
Missing character: There is no ® in font cmr10!
./main.tex:19: Undefined control sequence.
l.19 ...ÁΩë‰∏äÁöÑ‰∏Ä‰∏™Â∞èÁ®ãÂ∫è, ‰Ω†ÂèØ‰ª•Âú®\url
                                                  {https://www.geogebra.org/...
The control sequence at the end of the top line
of your error message was never \def'ed. If you have
misspelled it (e.g., `\hobx'), type `I' and the correct
spelling (e.g., `I\hbox'). Otherwise just continue,
and I'll forget about whatever was undefined.

Missing character: There is no Ë in font cmr10!
Missing character: There is no á in font cmr10!
Missing character: There is no ™ in font cmr10!
Missing character: There is no Â in font cmr10!
Missing character: There is no ∑ in font cmr10!
Missing character: There is no ± in font cmr10!
Missing character: There is no Á in font cmr10!
Missing character: There is no é in font cmr10!
Missing character: There is no © in font cmr10!
Missing character: There is no ‰ in font cmr10!
Missing character: There is no ∏ in font cmr10!
Missing character: There is no Ä in font cmr10!
Missing character: There is no Á in font cmr10!
Missing character: There is no é in font cmr10!
Missing character: There is no © in font cmr10!
[1{/usr/local/texlive/2022/texmf-var/fonts/map/pdftex/updmap/pdftex.map}] )</usr/local/texlive/2022/texmf-dist/fonts/type1/public/amsfonts/cm/cmmi10.pfb></usr/local/texlive/2022/texmf-dist/fonts/type1/public/amsfonts/cm/cmr10.pfb>
Output written on /Users/zgw/Documents/dx/TeXify/rescuecser/space-ana-geo/.texpadtmp/main.pdf (1 page, 26331 bytes).
PDF statistics:
 16 PDF objects out of 1000 (max. 8388607)
 10 compressed objects within 1 object stream
 0 named destinations out of 1000 (max. 500000)
 1 words of extra memory for PDF output out of 10000 (max. 10000000)

