This is XeTeX, Version 3.141592653-2.6-0.999994 (MiKTeX 22.3) (preloaded format=xelatex 2022.5.1)  15 OCT 2022 15:19
entering extended mode
 restricted \write18 enabled.
 %&-line parsing enabled.
**./slide.tex
(slide.tex
LaTeX2e <2021-11-15> patch level 1
L3 programming layer <2022-02-24>
(D:\Program Data\MikTEX\tex/latex/beamer\beamer.cls
Document Class: beamer 2022/02/08 v3.66 A class for typesetting presentations
(D:\Program Data\MikTEX\tex/latex/beamer\beamerbasemodes.sty
(D:\Program Data\MikTEX\tex/latex/etoolbox\etoolbox.sty
Package: etoolbox 2020/10/05 v2.5k e-TeX tools for LaTeX (JAW)
\etb@tempcnta=\count181
)
\beamer@tempbox=\box50
\beamer@tempcount=\count182
\c@beamerpauses=\count183

(D:\Program Data\MikTEX\tex/latex/beamer\beamerbasedecode.sty
\beamer@slideinframe=\count184
\beamer@minimum=\count185
\beamer@decode@box=\box51
)
\beamer@commentbox=\box52
\beamer@modecount=\count186
)
(D:\Program Data\MikTEX\tex/generic/iftex\iftex.sty
Package: iftex 2022/02/03 v1.0f TeX engine tests
)
\headdp=\dimen138
\footheight=\dimen139
\sidebarheight=\dimen140
\beamer@tempdim=\dimen141
\beamer@finalheight=\dimen142
\beamer@animht=\dimen143
\beamer@animdp=\dimen144
\beamer@animwd=\dimen145
\beamer@leftmargin=\dimen146
\beamer@rightmargin=\dimen147
\beamer@leftsidebar=\dimen148
\beamer@rightsidebar=\dimen149
\beamer@boxsize=\dimen150
\beamer@vboxoffset=\dimen151
\beamer@descdefault=\dimen152
\beamer@descriptionwidth=\dimen153
\beamer@lastskip=\skip47
\beamer@areabox=\box53
\beamer@animcurrent=\box54
\beamer@animshowbox=\box55
\beamer@sectionbox=\box56
\beamer@logobox=\box57
\beamer@linebox=\box58
\beamer@sectioncount=\count187
\beamer@subsubsectionmax=\count188
\beamer@subsectionmax=\count189
\beamer@sectionmax=\count190
\beamer@totalheads=\count191
\beamer@headcounter=\count192
\beamer@partstartpage=\count193
\beamer@sectionstartpage=\count194
\beamer@subsectionstartpage=\count195
\beamer@animationtempa=\count196
\beamer@animationtempb=\count197
\beamer@xpos=\count198
\beamer@ypos=\count199
\beamer@ypos@offset=\count266
\beamer@showpartnumber=\count267
\beamer@currentsubsection=\count268
\beamer@coveringdepth=\count269
\beamer@sectionadjust=\count270
\beamer@toclastsection=\count271
\beamer@tocsectionnumber=\count272

(D:\Program Data\MikTEX\tex/latex/beamer\beamerbaseoptions.sty
(D:\Program Data\MikTEX\tex/latex/graphics\keyval.sty
Package: keyval 2014/10/28 v1.15 key=value parser (DPC)
\KV@toks@=\toks16
))
\beamer@paperwidth=\skip48
\beamer@paperheight=\skip49

(D:\Program Data\MikTEX\tex/latex/geometry\geometry.sty
Package: geometry 2020/01/02 v5.9 Page Geometry

(D:\Program Data\MikTEX\tex/generic/iftex\ifvtex.sty
Package: ifvtex 2019/10/25 v1.7 ifvtex legacy package. Use iftex instead.
)
\Gm@cnth=\count273
\Gm@cntv=\count274
\c@Gm@tempcnt=\count275
\Gm@bindingoffset=\dimen154
\Gm@wd@mp=\dimen155
\Gm@odd@mp=\dimen156
\Gm@even@mp=\dimen157
\Gm@layoutwidth=\dimen158
\Gm@layoutheight=\dimen159
\Gm@layouthoffset=\dimen160
\Gm@layoutvoffset=\dimen161
\Gm@dimlist=\toks17

(D:\Program Data\MikTEX\tex/latex/geometry\geometry.cfg))
(D:\Program Data\MikTEX\tex/latex/pgf/math\pgfmath.sty
(D:\Program Data\MikTEX\tex/latex/pgf/utilities\pgfrcs.sty
(D:\Program Data\MikTEX\tex/generic/pgf/utilities\pgfutil-common.tex
\pgfutil@everybye=\toks18
\pgfutil@tempdima=\dimen162
\pgfutil@tempdimb=\dimen163

(D:\Program Data\MikTEX\tex/generic/pgf/utilities\pgfutil-common-lists.tex))
(D:\Program Data\MikTEX\tex/generic/pgf/utilities\pgfutil-latex.def
\pgfutil@abb=\box59
)
(D:\Program Data\MikTEX\tex/generic/pgf/utilities\pgfrcs.code.tex
(D:\Program Data\MikTEX\tex/generic/pgf\pgf.revision.tex)
Package: pgfrcs 2021/05/15 v3.1.9a (3.1.9a)
))
(D:\Program Data\MikTEX\tex/latex/pgf/utilities\pgfkeys.sty
(D:\Program Data\MikTEX\tex/generic/pgf/utilities\pgfkeys.code.tex
\pgfkeys@pathtoks=\toks19
\pgfkeys@temptoks=\toks20

(D:\Program Data\MikTEX\tex/generic/pgf/utilities\pgfkeysfiltered.code.tex
\pgfkeys@tmptoks=\toks21
)))
(D:\Program Data\MikTEX\tex/generic/pgf/math\pgfmath.code.tex
(D:\Program Data\MikTEX\tex/generic/pgf/math\pgfmathcalc.code.tex
(D:\Program Data\MikTEX\tex/generic/pgf/math\pgfmathutil.code.tex
\pgf@x=\dimen164
\pgf@xa=\dimen165
\pgf@xb=\dimen166
\pgf@xc=\dimen167
\pgf@y=\dimen168
\pgf@ya=\dimen169
\pgf@yb=\dimen170
\pgf@yc=\dimen171
\c@pgf@counta=\count276
\c@pgf@countb=\count277
\c@pgf@countc=\count278
\c@pgf@countd=\count279
)
(D:\Program Data\MikTEX\tex/generic/pgf/math\pgfmathparser.code.tex
\pgfmath@dimen=\dimen172
\pgfmath@count=\count280
\pgfmath@box=\box60
\pgfmath@toks=\toks22
\pgfmath@stack@operand=\toks23
\pgfmath@stack@operation=\toks24
)
(D:\Program Data\MikTEX\tex/generic/pgf/math\pgfmathfunctions.code.tex
(D:\Program Data\MikTEX\tex/generic/pgf/math\pgfmathfunctions.basic.code.tex)
(D:\Program Data\MikTEX\tex/generic/pgf/math\pgfmathfunctions.trigonometric.cod
e.tex)
(D:\Program Data\MikTEX\tex/generic/pgf/math\pgfmathfunctions.random.code.tex)
(D:\Program Data\MikTEX\tex/generic/pgf/math\pgfmathfunctions.comparison.code.t
ex) (D:\Program Data\MikTEX\tex/generic/pgf/math\pgfmathfunctions.base.code.tex
) (D:\Program Data\MikTEX\tex/generic/pgf/math\pgfmathfunctions.round.code.tex)
(D:\Program Data\MikTEX\tex/generic/pgf/math\pgfmathfunctions.misc.code.tex)
(D:\Program Data\MikTEX\tex/generic/pgf/math\pgfmathfunctions.integerarithmetic
s.code.tex)))
(D:\Program Data\MikTEX\tex/generic/pgf/math\pgfmathfloat.code.tex
\c@pgfmathroundto@lastzeros=\count281
)))
(D:\Program Data\MikTEX\tex/latex/base\size11.clo
File: size11.clo 2021/10/04 v1.4n Standard LaTeX file (size option)
)
(D:\Program Data\MikTEX\tex/latex/pgf/basiclayer\pgfcore.sty
(D:\Program Data\MikTEX\tex/latex/graphics\graphicx.sty
Package: graphicx 2021/09/16 v1.2d Enhanced LaTeX Graphics (DPC,SPQR)

(D:\Program Data\MikTEX\tex/latex/graphics\graphics.sty
Package: graphics 2021/03/04 v1.4d Standard LaTeX Graphics (DPC,SPQR)

(D:\Program Data\MikTEX\tex/latex/graphics\trig.sty
Package: trig 2021/08/11 v1.11 sin cos tan (DPC)
)
(D:\Program Data\MikTEX\tex/latex/graphics-cfg\graphics.cfg
File: graphics.cfg 2016/06/04 v1.11 sample graphics configuration
)
Package graphics Info: Driver file: xetex.def on input line 107.

(D:\Program Data\MikTEX\tex/latex/graphics-def\xetex.def
File: xetex.def 2021/03/18 v5.0k Graphics/color driver for xetex
))
\Gin@req@height=\dimen173
\Gin@req@width=\dimen174
)
(D:\Program Data\MikTEX\tex/latex/pgf/systemlayer\pgfsys.sty
(D:\Program Data\MikTEX\tex/generic/pgf/systemlayer\pgfsys.code.tex
Package: pgfsys 2021/05/15 v3.1.9a (3.1.9a)

(D:\Program Data\MikTEX\tex/generic/pgf/utilities\pgfkeys.code.tex)
\pgf@x=\dimen175
\pgf@y=\dimen176
\pgf@xa=\dimen177
\pgf@ya=\dimen178
\pgf@xb=\dimen179
\pgf@yb=\dimen180
\pgf@xc=\dimen181
\pgf@yc=\dimen182
\pgf@xd=\dimen183
\pgf@yd=\dimen184
\w@pgf@writea=\write3
\r@pgf@reada=\read2
\c@pgf@counta=\count282
\c@pgf@countb=\count283
\c@pgf@countc=\count284
\c@pgf@countd=\count285
\t@pgf@toka=\toks25
\t@pgf@tokb=\toks26
\t@pgf@tokc=\toks27
\pgf@sys@id@count=\count286

(D:\Program Data\MikTEX\tex/generic/pgf/systemlayer\pgf.cfg
File: pgf.cfg 2021/05/15 v3.1.9a (3.1.9a)
)
Driver file for pgf: pgfsys-xetex.def

(D:\Program Data\MikTEX\tex/generic/pgf/systemlayer\pgfsys-xetex.def
File: pgfsys-xetex.def 2021/05/15 v3.1.9a (3.1.9a)

(D:\Program Data\MikTEX\tex/generic/pgf/systemlayer\pgfsys-dvipdfmx.def
File: pgfsys-dvipdfmx.def 2021/05/15 v3.1.9a (3.1.9a)

(D:\Program Data\MikTEX\tex/generic/pgf/systemlayer\pgfsys-common-pdf.def
File: pgfsys-common-pdf.def 2021/05/15 v3.1.9a (3.1.9a)
)
\pgfsys@objnum=\count287
)))
(D:\Program Data\MikTEX\tex/generic/pgf/systemlayer\pgfsyssoftpath.code.tex
File: pgfsyssoftpath.code.tex 2021/05/15 v3.1.9a (3.1.9a)
\pgfsyssoftpath@smallbuffer@items=\count288
\pgfsyssoftpath@bigbuffer@items=\count289
)
(D:\Program Data\MikTEX\tex/generic/pgf/systemlayer\pgfsysprotocol.code.tex
File: pgfsysprotocol.code.tex 2021/05/15 v3.1.9a (3.1.9a)
))
(D:\Program Data\MikTEX\tex/latex/xcolor\xcolor.sty
Package: xcolor 2021/10/31 v2.13 LaTeX color extensions (UK)

(D:\Program Data\MikTEX\tex/latex/graphics-cfg\color.cfg
File: color.cfg 2016/01/02 v1.6 sample color configuration
)
Package xcolor Info: Driver file: xetex.def on input line 227.
Package xcolor Info: Model `cmy' substituted by `cmy0' on input line 1352.
Package xcolor Info: Model `RGB' extended on input line 1368.
Package xcolor Info: Model `HTML' substituted by `rgb' on input line 1370.
Package xcolor Info: Model `Hsb' substituted by `hsb' on input line 1371.
Package xcolor Info: Model `tHsb' substituted by `hsb' on input line 1372.
Package xcolor Info: Model `HSB' substituted by `hsb' on input line 1373.
Package xcolor Info: Model `Gray' substituted by `gray' on input line 1374.
Package xcolor Info: Model `wave' substituted by `hsb' on input line 1375.
)
(D:\Program Data\MikTEX\tex/generic/pgf/basiclayer\pgfcore.code.tex
Package: pgfcore 2021/05/15 v3.1.9a (3.1.9a)

(D:\Program Data\MikTEX\tex/generic/pgf/math\pgfmath.code.tex)
(D:\Program Data\MikTEX\tex/generic/pgf/math\pgfint.code.tex)
(D:\Program Data\MikTEX\tex/generic/pgf/basiclayer\pgfcorepoints.code.tex
File: pgfcorepoints.code.tex 2021/05/15 v3.1.9a (3.1.9a)
\pgf@picminx=\dimen185
\pgf@picmaxx=\dimen186
\pgf@picminy=\dimen187
\pgf@picmaxy=\dimen188
\pgf@pathminx=\dimen189
\pgf@pathmaxx=\dimen190
\pgf@pathminy=\dimen191
\pgf@pathmaxy=\dimen192
\pgf@xx=\dimen193
\pgf@xy=\dimen194
\pgf@yx=\dimen195
\pgf@yy=\dimen196
\pgf@zx=\dimen197
\pgf@zy=\dimen198
)
(D:\Program Data\MikTEX\tex/generic/pgf/basiclayer\pgfcorepathconstruct.code.te
x
File: pgfcorepathconstruct.code.tex 2021/05/15 v3.1.9a (3.1.9a)
\pgf@path@lastx=\dimen199
\pgf@path@lasty=\dimen256
) (D:\Program Data\MikTEX\tex/generic/pgf/basiclayer\pgfcorepathusage.code.tex
File: pgfcorepathusage.code.tex 2021/05/15 v3.1.9a (3.1.9a)
\pgf@shorten@end@additional=\dimen257
\pgf@shorten@start@additional=\dimen258
) (D:\Program Data\MikTEX\tex/generic/pgf/basiclayer\pgfcorescopes.code.tex
File: pgfcorescopes.code.tex 2021/05/15 v3.1.9a (3.1.9a)
\pgfpic=\box61
\pgf@hbox=\box62
\pgf@layerbox@main=\box63
\pgf@picture@serial@count=\count290
)
(D:\Program Data\MikTEX\tex/generic/pgf/basiclayer\pgfcoregraphicstate.code.tex
File: pgfcoregraphicstate.code.tex 2021/05/15 v3.1.9a (3.1.9a)
\pgflinewidth=\dimen259
)
(D:\Program Data\MikTEX\tex/generic/pgf/basiclayer\pgfcoretransformations.code.
tex
File: pgfcoretransformations.code.tex 2021/05/15 v3.1.9a (3.1.9a)
\pgf@pt@x=\dimen260
\pgf@pt@y=\dimen261
\pgf@pt@temp=\dimen262
) (D:\Program Data\MikTEX\tex/generic/pgf/basiclayer\pgfcorequick.code.tex
File: pgfcorequick.code.tex 2021/05/15 v3.1.9a (3.1.9a)
)
(D:\Program Data\MikTEX\tex/generic/pgf/basiclayer\pgfcoreobjects.code.tex
File: pgfcoreobjects.code.tex 2021/05/15 v3.1.9a (3.1.9a)
)
(D:\Program Data\MikTEX\tex/generic/pgf/basiclayer\pgfcorepathprocessing.code.t
ex
File: pgfcorepathprocessing.code.tex 2021/05/15 v3.1.9a (3.1.9a)
) (D:\Program Data\MikTEX\tex/generic/pgf/basiclayer\pgfcorearrows.code.tex
File: pgfcorearrows.code.tex 2021/05/15 v3.1.9a (3.1.9a)
\pgfarrowsep=\dimen263
)
(D:\Program Data\MikTEX\tex/generic/pgf/basiclayer\pgfcoreshade.code.tex
File: pgfcoreshade.code.tex 2021/05/15 v3.1.9a (3.1.9a)
\pgf@max=\dimen264
\pgf@sys@shading@range@num=\count291
\pgf@shadingcount=\count292
)
(D:\Program Data\MikTEX\tex/generic/pgf/basiclayer\pgfcoreimage.code.tex
File: pgfcoreimage.code.tex 2021/05/15 v3.1.9a (3.1.9a)

(D:\Program Data\MikTEX\tex/generic/pgf/basiclayer\pgfcoreexternal.code.tex
File: pgfcoreexternal.code.tex 2021/05/15 v3.1.9a (3.1.9a)
\pgfexternal@startupbox=\box64
))
(D:\Program Data\MikTEX\tex/generic/pgf/basiclayer\pgfcorelayers.code.tex
File: pgfcorelayers.code.tex 2021/05/15 v3.1.9a (3.1.9a)
)
(D:\Program Data\MikTEX\tex/generic/pgf/basiclayer\pgfcoretransparency.code.tex
File: pgfcoretransparency.code.tex 2021/05/15 v3.1.9a (3.1.9a)
) (D:\Program Data\MikTEX\tex/generic/pgf/basiclayer\pgfcorepatterns.code.tex
File: pgfcorepatterns.code.tex 2021/05/15 v3.1.9a (3.1.9a)
)
(D:\Program Data\MikTEX\tex/generic/pgf/basiclayer\pgfcorerdf.code.tex
File: pgfcorerdf.code.tex 2021/05/15 v3.1.9a (3.1.9a)
)))
(D:\Program Data\MikTEX\tex/latex/pgf/utilities\xxcolor.sty
Package: xxcolor 2003/10/24 ver 0.1
\XC@nummixins=\count293
\XC@countmixins=\count294
)
(D:\Program Data\MikTEX\tex/latex/base\atbegshi-ltx.sty
Package: atbegshi-ltx 2021/01/10 v1.0c Emulation of the original atbegshi
package with kernel methods
)
(D:\Program Data\MikTEX\tex/latex/hyperref\hyperref.sty
Package: hyperref 2022-02-21 v7.00n Hypertext links for LaTeX

(D:\Program Data\MikTEX\tex/generic/ltxcmds\ltxcmds.sty
Package: ltxcmds 2020-05-10 v1.25 LaTeX kernel commands for general use (HO)
)
(D:\Program Data\MikTEX\tex/generic/pdftexcmds\pdftexcmds.sty
Package: pdftexcmds 2020-06-27 v0.33 Utility functions of pdfTeX for LuaTeX (HO
)

(D:\Program Data\MikTEX\tex/generic/infwarerr\infwarerr.sty
Package: infwarerr 2019/12/03 v1.5 Providing info/warning/error messages (HO)
)
Package pdftexcmds Info: \pdf@primitive is available.
Package pdftexcmds Info: \pdf@ifprimitive is available.
Package pdftexcmds Info: \pdfdraftmode not found.
)
(D:\Program Data\MikTEX\tex/generic/kvsetkeys\kvsetkeys.sty
Package: kvsetkeys 2019/12/15 v1.18 Key value parser (HO)
)
(D:\Program Data\MikTEX\tex/generic/kvdefinekeys\kvdefinekeys.sty
Package: kvdefinekeys 2019-12-19 v1.6 Define keys (HO)
)
(D:\Program Data\MikTEX\tex/generic/pdfescape\pdfescape.sty
Package: pdfescape 2019/12/09 v1.15 Implements pdfTeX's escape features (HO)
)
(D:\Program Data\MikTEX\tex/latex/hycolor\hycolor.sty
Package: hycolor 2020-01-27 v1.10 Color options for hyperref/bookmark (HO)
)
(D:\Program Data\MikTEX\tex/latex/letltxmacro\letltxmacro.sty
Package: letltxmacro 2019/12/03 v1.6 Let assignment for LaTeX macros (HO)
)
(D:\Program Data\MikTEX\tex/latex/auxhook\auxhook.sty
Package: auxhook 2019-12-17 v1.6 Hooks for auxiliary files (HO)
)
(D:\Program Data\MikTEX\tex/latex/kvoptions\kvoptions.sty
Package: kvoptions 2020-10-07 v3.14 Key value format for package options (HO)
)
\@linkdim=\dimen265
\Hy@linkcounter=\count295
\Hy@pagecounter=\count296

(D:\Program Data\MikTEX\tex/latex/hyperref\pd1enc.def
File: pd1enc.def 2022-02-21 v7.00n Hyperref: PDFDocEncoding definition (HO)
)
(D:\Program Data\MikTEX\tex/generic/intcalc\intcalc.sty
Package: intcalc 2019/12/15 v1.3 Expandable calculations with integers (HO)
)
(D:\Program Data\MikTEX\tex/generic/etexcmds\etexcmds.sty
Package: etexcmds 2019/12/15 v1.7 Avoid name clashes with e-TeX commands (HO)
)
\Hy@SavedSpaceFactor=\count297

(D:\Program Data\MikTEX\tex/latex/hyperref\puenc.def
File: puenc.def 2022-02-21 v7.00n Hyperref: PDF Unicode definition (HO)
)
Package hyperref Info: Option `bookmarks' set `true' on input line 4018.
Package hyperref Info: Option `bookmarksopen' set `true' on input line 4018.
Package hyperref Info: Option `implicit' set `false' on input line 4018.
Package hyperref Info: Hyper figures OFF on input line 4137.
Package hyperref Info: Link nesting OFF on input line 4142.
Package hyperref Info: Hyper index ON on input line 4145.
Package hyperref Info: Plain pages OFF on input line 4152.
Package hyperref Info: Backreferencing OFF on input line 4157.
Package hyperref Info: Implicit mode OFF; no redefinition of LaTeX internals.
Package hyperref Info: Bookmarks ON on input line 4390.
\c@Hy@tempcnt=\count298

(D:\Program Data\MikTEX\tex/latex/url\url.sty
\Urlmuskip=\muskip16
Package: url 2013/09/16  ver 3.4  Verb mode for urls, etc.
)
LaTeX Info: Redefining \url on input line 4749.
\XeTeXLinkMargin=\dimen266

(D:\Program Data\MikTEX\tex/generic/bitset\bitset.sty
Package: bitset 2019/12/09 v1.3 Handle bit-vector datatype (HO)

(D:\Program Data\MikTEX\tex/generic/bigintcalc\bigintcalc.sty
Package: bigintcalc 2019/12/15 v1.5 Expandable calculations on big integers (HO
)
))
\Fld@menulength=\count299
\Field@Width=\dimen267
\Fld@charsize=\dimen268
Package hyperref Info: Hyper figures OFF on input line 6027.
Package hyperref Info: Link nesting OFF on input line 6032.
Package hyperref Info: Hyper index ON on input line 6035.
Package hyperref Info: backreferencing OFF on input line 6042.
Package hyperref Info: Link coloring OFF on input line 6047.
Package hyperref Info: Link coloring with OCG OFF on input line 6052.
Package hyperref Info: PDF/A mode OFF on input line 6057.
LaTeX Info: Redefining \ref on input line 6097.
LaTeX Info: Redefining \pageref on input line 6101.
\Hy@abspage=\count300


Package hyperref Message: Stopped early.

)
Package hyperref Info: Driver (autodetected): hxetex.
 (D:\Program Data\MikTEX\tex/latex/hyperref\hxetex.def
File: hxetex.def 2022-02-21 v7.00n Hyperref driver for XeTeX

(D:\Program Data\MikTEX\tex/generic/stringenc\stringenc.sty
Package: stringenc 2019/11/29 v1.12 Convert strings between diff. encodings (HO
)
)
\pdfm@box=\box65
\c@Hy@AnnotLevel=\count301
\HyField@AnnotCount=\count302
\Fld@listcount=\count303
\c@bookmark@seq@number=\count304

(D:\Program Data\MikTEX\tex/latex/rerunfilecheck\rerunfilecheck.sty
Package: rerunfilecheck 2019/12/05 v1.9 Rerun checks for auxiliary files (HO)

(D:\Program Data\MikTEX\tex/latex/base\atveryend-ltx.sty
Package: atveryend-ltx 2020/08/19 v1.0a Emulation of the original atveryend pac
kage
with kernel methods
)
(D:\Program Data\MikTEX\tex/generic/uniquecounter\uniquecounter.sty
Package: uniquecounter 2019/12/15 v1.4 Provide unlimited unique counter (HO)
)
Package uniquecounter Info: New unique counter `rerunfilecheck' on input line 2
86.
))
(D:\Program Data\MikTEX\tex/latex/beamer\beamerbaserequires.sty
(D:\Program Data\MikTEX\tex/latex/beamer\beamerbasecompatibility.sty)
(D:\Program Data\MikTEX\tex/latex/beamer\beamerbasefont.sty
(D:\Program Data\MikTEX\tex/latex/amsfonts\amssymb.sty
Package: amssymb 2013/01/14 v3.01 AMS font symbols

(D:\Program Data\MikTEX\tex/latex/amsfonts\amsfonts.sty
Package: amsfonts 2013/01/14 v3.01 Basic AMSFonts support
\@emptytoks=\toks28
\symAMSa=\mathgroup4
\symAMSb=\mathgroup5
LaTeX Font Info:    Redeclaring math symbol \hbar on input line 98.
LaTeX Font Info:    Overwriting math alphabet `\mathfrak' in version `bold'
(Font)                  U/euf/m/n --> U/euf/b/n on input line 106.
))
(D:\Program Data\MikTEX\tex/latex/sansmathaccent\sansmathaccent.sty
Package: sansmathaccent 2020/01/31

(D:\Program Data\MikTEX\tex/latex/koma-script\scrlfile.sty
Package: scrlfile 2021/11/13 v3.35 KOMA-Script package (file load hooks)

(D:\Program Data\MikTEX\tex/latex/koma-script\scrlfile-hook.sty
Package: scrlfile-hook 2021/11/13 v3.35 KOMA-Script package (using LaTeX hooks)


(D:\Program Data\MikTEX\tex/latex/koma-script\scrlogo.sty
Package: scrlogo 2021/11/13 v3.35 KOMA-Script package (logo)
)))))
(D:\Program Data\MikTEX\tex/latex/beamer\beamerbasetranslator.sty
(D:\Program Data\MikTEX\tex/latex/translator\translator.sty
Package: translator 2021-05-31 v1.12d Easy translation of strings in LaTeX
))
(D:\Program Data\MikTEX\tex/latex/beamer\beamerbasemisc.sty)
(D:\Program Data\MikTEX\tex/latex/beamer\beamerbasetwoscreens.sty)
(D:\Program Data\MikTEX\tex/latex/beamer\beamerbaseoverlay.sty
\beamer@argscount=\count305
\beamer@lastskipcover=\skip50
\beamer@trivlistdepth=\count306
)
(D:\Program Data\MikTEX\tex/latex/beamer\beamerbasetitle.sty)
(D:\Program Data\MikTEX\tex/latex/beamer\beamerbasesection.sty
\c@lecture=\count307
\c@part=\count308
\c@section=\count309
\c@subsection=\count310
\c@subsubsection=\count311
)
(D:\Program Data\MikTEX\tex/latex/beamer\beamerbaseframe.sty
\beamer@framebox=\box66
\beamer@frametitlebox=\box67
\beamer@zoombox=\box68
\beamer@zoomcount=\count312
\beamer@zoomframecount=\count313
\beamer@frametextheight=\dimen269
\c@subsectionslide=\count314
\beamer@frametopskip=\skip51
\beamer@framebottomskip=\skip52
\beamer@frametopskipautobreak=\skip53
\beamer@framebottomskipautobreak=\skip54
\beamer@envbody=\toks29
\framewidth=\dimen270
\c@framenumber=\count315
)
(D:\Program Data\MikTEX\tex/latex/beamer\beamerbaseverbatim.sty
\beamer@verbatimfileout=\write4
)
(D:\Program Data\MikTEX\tex/latex/beamer\beamerbaseframesize.sty
\beamer@splitbox=\box69
\beamer@autobreakcount=\count316
\beamer@autobreaklastheight=\dimen271
\beamer@frametitletoks=\toks30
\beamer@framesubtitletoks=\toks31
)
(D:\Program Data\MikTEX\tex/latex/beamer\beamerbaseframecomponents.sty
\beamer@footins=\box70
)
(D:\Program Data\MikTEX\tex/latex/beamer\beamerbasecolor.sty)
(D:\Program Data\MikTEX\tex/latex/beamer\beamerbasenotes.sty
\beamer@frameboxcopy=\box71
)
(D:\Program Data\MikTEX\tex/latex/beamer\beamerbasetoc.sty)
(D:\Program Data\MikTEX\tex/latex/beamer\beamerbasetemplates.sty
\beamer@sbttoks=\toks32

(D:\Program Data\MikTEX\tex/latex/beamer\beamerbaseauxtemplates.sty
(D:\Program Data\MikTEX\tex/latex/beamer\beamerbaseboxes.sty
\bmb@box=\box72
\bmb@colorbox=\box73
\bmb@boxwidth=\dimen272
\bmb@boxheight=\dimen273
\bmb@prevheight=\dimen274
\bmb@temp=\dimen275
\bmb@dima=\dimen276
\bmb@dimb=\dimen277
\bmb@prevheight=\dimen278
)
\beamer@blockheadheight=\dimen279
))
(D:\Program Data\MikTEX\tex/latex/beamer\beamerbaselocalstructure.sty
(D:\Program Data\MikTEX\tex/latex/tools\enumerate.sty
Package: enumerate 2015/07/23 v3.00 enumerate extensions (DPC)
\@enLab=\toks33
)
\beamer@bibiconwidth=\skip55
\c@figure=\count317
\c@table=\count318
\abovecaptionskip=\skip56
\belowcaptionskip=\skip57
)
(D:\Program Data\MikTEX\tex/latex/beamer\beamerbasenavigation.sty
\beamer@section@min@dim=\dimen280
)
(D:\Program Data\MikTEX\tex/latex/beamer\beamerbasetheorems.sty
(D:\Program Data\MikTEX\tex/latex/amsmath\amsmath.sty
Package: amsmath 2021/10/15 v2.17l AMS math features
\@mathmargin=\skip58

For additional information on amsmath, use the `?' option.
(D:\Program Data\MikTEX\tex/latex/amsmath\amstext.sty
Package: amstext 2021/08/26 v2.01 AMS text

(D:\Program Data\MikTEX\tex/latex/amsmath\amsgen.sty
File: amsgen.sty 1999/11/30 v2.0 generic functions
\@emptytoks=\toks34
\ex@=\dimen281
))
(D:\Program Data\MikTEX\tex/latex/amsmath\amsbsy.sty
Package: amsbsy 1999/11/29 v1.2d Bold Symbols
\pmbraise@=\dimen282
)
(D:\Program Data\MikTEX\tex/latex/amsmath\amsopn.sty
Package: amsopn 2021/08/26 v2.02 operator names
)
\inf@bad=\count319
LaTeX Info: Redefining \frac on input line 234.
\uproot@=\count320
\leftroot@=\count321
LaTeX Info: Redefining \overline on input line 399.
\classnum@=\count322
\DOTSCASE@=\count323
LaTeX Info: Redefining \ldots on input line 496.
LaTeX Info: Redefining \dots on input line 499.
LaTeX Info: Redefining \cdots on input line 620.
\Mathstrutbox@=\box74
\strutbox@=\box75
\big@size=\dimen283
LaTeX Font Info:    Redeclaring font encoding OML on input line 743.
LaTeX Font Info:    Redeclaring font encoding OMS on input line 744.
\macc@depth=\count324
\c@MaxMatrixCols=\count325
\dotsspace@=\muskip17
\c@parentequation=\count326
\dspbrk@lvl=\count327
\tag@help=\toks35
\row@=\count328
\column@=\count329
\maxfields@=\count330
\andhelp@=\toks36
\eqnshift@=\dimen284
\alignsep@=\dimen285
\tagshift@=\dimen286
\tagwidth@=\dimen287
\totwidth@=\dimen288
\lineht@=\dimen289
\@envbody=\toks37
\multlinegap=\skip59
\multlinetaggap=\skip60
\mathdisplay@stack=\toks38
LaTeX Info: Redefining \[ on input line 2938.
LaTeX Info: Redefining \] on input line 2939.
)
(D:\Program Data\MikTEX\tex/latex/amscls\amsthm.sty
Package: amsthm 2020/05/29 v2.20.6
\thm@style=\toks39
\thm@bodyfont=\toks40
\thm@headfont=\toks41
\thm@notefont=\toks42
\thm@headpunct=\toks43
\thm@preskip=\skip61
\thm@postskip=\skip62
\thm@headsep=\skip63
\dth@everypar=\toks44
)
\c@theorem=\count331
)
(D:\Program Data\MikTEX\tex/latex/beamer\beamerbasethemes.sty))
(D:\Program Data\MikTEX\tex/latex/beamer\beamerthemedefault.sty
(D:\Program Data\MikTEX\tex/latex/beamer\beamerfontthemedefault.sty)
(D:\Program Data\MikTEX\tex/latex/beamer\beamercolorthemedefault.sty)
(D:\Program Data\MikTEX\tex/latex/beamer\beamerinnerthemedefault.sty
\beamer@dima=\dimen290
\beamer@dimb=\dimen291
)
(D:\Program Data\MikTEX\tex/latex/beamer\beamerouterthemedefault.sty)))
(D:\Program Data\MikTEX\tex/latex/base\inputenc.sty
Package: inputenc 2021/02/14 v1.3d Input encoding file
\inpenc@prehook=\toks45
\inpenc@posthook=\toks46


Package inputenc Warning: inputenc package ignored with utf8 based engines.

) (D:\Program Data\MikTEX\tex/latex/fancyhdr\fancyhdr.sty
Package: fancyhdr 2021/01/28 v4.0.1 Extensive control of page headers and foote
rs
\f@nch@headwidth=\skip64
\f@nch@O@elh=\skip65
\f@nch@O@erh=\skip66
\f@nch@O@olh=\skip67
\f@nch@O@orh=\skip68
\f@nch@O@elf=\skip69
\f@nch@O@erf=\skip70
\f@nch@O@olf=\skip71
\f@nch@O@orf=\skip72
)
(D:\Program Data\MikTEX\tex/latex/tools\array.sty
Package: array 2021/10/04 v2.5f Tabular extension package (FMi)
\col@sep=\dimen292
\ar@mcellbox=\box76
\extrarowheight=\dimen293
\NC@list=\toks47
\extratabsurround=\skip73
\backup@length=\skip74
\ar@cellbox=\box77
)
(D:\Program Data\MikTEX\tex/latex/listings\listings.sty
\lst@mode=\count332
\lst@gtempboxa=\box78
\lst@token=\toks48
\lst@length=\count333
\lst@currlwidth=\dimen294
\lst@column=\count334
\lst@pos=\count335
\lst@lostspace=\dimen295
\lst@width=\dimen296
\lst@newlines=\count336
\lst@lineno=\count337
\lst@maxwidth=\dimen297

(D:\Program Data\MikTEX\tex/latex/listings\lstmisc.sty
File: lstmisc.sty 2020/03/24 1.8d (Carsten Heinz)
\c@lstnumber=\count338
\lst@skipnumbers=\count339
\lst@framebox=\box79
)
(D:\Program Data\MikTEX\tex/latex/listings\listings.cfg
File: listings.cfg 2020/03/24 1.8d listings configuration
))
Package: listings 2020/03/24 1.8d (Carsten Heinz)

(D:\Program Data\MikTEX\tex/latex/fontspec\fontspec.sty
(D:\Program Data\MikTEX\tex/latex/l3packages/xparse\xparse.sty
(D:\Program Data\MikTEX\tex/latex/l3kernel\expl3.sty
Package: expl3 2022-02-24 L3 programming layer (loader) 

(D:\Program Data\MikTEX\tex/latex/l3backend\l3backend-xetex.def
File: l3backend-xetex.def 2022-02-07 L3 backend support: XeTeX
 ()
\c__kernel_sys_dvipdfmx_version_int=\count340
\l__color_backend_stack_int=\count341
\g__color_backend_stack_int=\count342
\g__graphics_track_int=\count343
\l__pdf_internal_box=\box80
\g__pdf_backend_object_int=\count344
\g__pdf_backend_annotation_int=\count345
\g__pdf_backend_link_int=\count346
))
Package: xparse 2022-01-12 L3 Experimental document command parser
)
Package: fontspec 2022/01/15 v2.8a Font selection for XeLaTeX and LuaLaTeX

(D:\Program Data\MikTEX\tex/latex/fontspec\fontspec-xetex.sty
Package: fontspec-xetex 2022/01/15 v2.8a Font selection for XeLaTeX and LuaLaTe
X
\l__fontspec_script_int=\count347
\l__fontspec_language_int=\count348
\l__fontspec_strnum_int=\count349
\l__fontspec_tmp_int=\count350
\l__fontspec_tmpa_int=\count351
\l__fontspec_tmpb_int=\count352
\l__fontspec_tmpc_int=\count353
\l__fontspec_em_int=\count354
\l__fontspec_emdef_int=\count355
\l__fontspec_strong_int=\count356
\l__fontspec_strongdef_int=\count357
\l__fontspec_tmpa_dim=\dimen298
\l__fontspec_tmpb_dim=\dimen299
\l__fontspec_tmpc_dim=\dimen300

(D:\Program Data\MikTEX\tex/latex/base\fontenc.sty
Package: fontenc 2021/04/29 v2.0v Standard LaTeX package
)
(D:\Program Data\MikTEX\tex/latex/fontspec\fontspec.cfg)))
(D:\Program Data\MikTEX\tex/latex/beamer\beamerfontthemeserif.sty)
(D:\Program Data\MikTEX\tex/latex/ctex\ctex.sty
Package: ctex 2021/12/12 v2.5.8 Chinese adapter in LaTeX (CTEX)

(D:\Program Data\MikTEX\tex/latex/l3packages/l3keys2e\l3keys2e.sty
Package: l3keys2e 2022-01-12 LaTeX2e option processing using LaTeX3 keys
)
(D:\Program Data\MikTEX\tex/latex/ctex\ctexhook.sty
Package: ctexhook 2021/12/12 v2.5.8 Document and package hooks (CTEX)
)
(D:\Program Data\MikTEX\tex/latex/ctex\ctexpatch.sty
Package: ctexpatch 2021/12/12 v2.5.8 Patching commands (CTEX)
)
(D:\Program Data\MikTEX\tex/latex/base\fix-cm.sty
Package: fix-cm 2020/11/24 v1.1t fixes to LaTeX

(D:\Program Data\MikTEX\tex/latex/base\ts1enc.def
File: ts1enc.def 2001/06/05 v3.0e (jk/car/fm) Standard LaTeX file
LaTeX Font Info:    Redeclaring font encoding TS1 on input line 47.
))
\l__ctex_tmp_int=\count358
\l__ctex_tmp_box=\box81
\l__ctex_tmp_dim=\dimen301
\g__ctex_section_depth_int=\count359
\g__ctex_font_size_int=\count360

(D:\Program Data\MikTEX\tex/latex/ctex/config\ctexopts.cfg
File: ctexopts.cfg 2021/12/12 v2.5.8 Option configuration file (CTEX)
)
(D:\Program Data\MikTEX\tex/latex/ctex/engine\ctex-engine-xetex.def
File: ctex-engine-xetex.def 2021/12/12 v2.5.8 XeLaTeX adapter (CTEX)

(D:\Program Data\MikTEX\tex/xelatex/xecjk\xeCJK.sty
Package: xeCJK 2021/12/12 v3.8.8 Typesetting CJK scripts with XeLaTeX

(D:\Program Data\MikTEX\tex/latex/l3packages/xtemplate\xtemplate.sty
Package: xtemplate 2022-01-12 L3 Experimental prototype document functions
\l__xtemplate_tmp_dim=\dimen302
\l__xtemplate_tmp_int=\count361
\l__xtemplate_tmp_muskip=\muskip18
\l__xtemplate_tmp_skip=\skip75
)
\l__xeCJK_tmp_int=\count362
\l__xeCJK_tmp_box=\box82
\l__xeCJK_tmp_dim=\dimen303
\l__xeCJK_tmp_skip=\skip76
\g__xeCJK_space_factor_int=\count363
\l__xeCJK_begin_int=\count364
\l__xeCJK_end_int=\count365
\c__xeCJK_CJK_class_int=\XeTeXcharclass1
\c__xeCJK_FullLeft_class_int=\XeTeXcharclass2
\c__xeCJK_FullRight_class_int=\XeTeXcharclass3
\c__xeCJK_HalfLeft_class_int=\XeTeXcharclass4
\c__xeCJK_HalfRight_class_int=\XeTeXcharclass5
\c__xeCJK_NormalSpace_class_int=\XeTeXcharclass6
\c__xeCJK_CM_class_int=\XeTeXcharclass7
\c__xeCJK_HangulJamo_class_int=\XeTeXcharclass8
\l__xeCJK_last_skip=\skip77
\g__xeCJK_node_int=\count366
\c__xeCJK_CJK_node_dim=\dimen304
\c__xeCJK_CJK-space_node_dim=\dimen305
\c__xeCJK_default_node_dim=\dimen306
\c__xeCJK_default-space_node_dim=\dimen307
\c__xeCJK_CJK-widow_node_dim=\dimen308
\c__xeCJK_normalspace_node_dim=\dimen309
\l__xeCJK_ccglue_skip=\skip78
\l__xeCJK_ecglue_skip=\skip79
\l__xeCJK_punct_kern_skip=\skip80
\l__xeCJK_last_penalty_int=\count367
\l__xeCJK_last_bound_dim=\dimen310
\l__xeCJK_last_kern_dim=\dimen311
\l__xeCJK_widow_penalty_int=\count368

Package xtemplate Info: Declaring object type 'xeCJK/punctuation' taking 0
(xtemplate)             argument(s) on line 2337.

\l__xeCJK_fixed_punct_width_dim=\dimen312
\l__xeCJK_mixed_punct_width_dim=\dimen313
\l__xeCJK_middle_punct_width_dim=\dimen314
\l__xeCJK_fixed_margin_width_dim=\dimen315
\l__xeCJK_mixed_margin_width_dim=\dimen316
\l__xeCJK_middle_margin_width_dim=\dimen317
\l__xeCJK_bound_punct_width_dim=\dimen318
\l__xeCJK_bound_margin_width_dim=\dimen319
\l__xeCJK_margin_minimum_dim=\dimen320
\l__xeCJK_kerning_total_width_dim=\dimen321
\l__xeCJK_same_align_margin_dim=\dimen322
\l__xeCJK_different_align_margin_dim=\dimen323
\l__xeCJK_kerning_margin_width_dim=\dimen324
\l__xeCJK_kerning_margin_minimum_dim=\dimen325
\l__xeCJK_bound_dim=\dimen326
\l__xeCJK_reverse_bound_dim=\dimen327
\l__xeCJK_margin_dim=\dimen328
\l__xeCJK_minimum_bound_dim=\dimen329
\l__xeCJK_kerning_margin_dim=\dimen330
\g__xeCJK_family_int=\count369
\l__xeCJK_fam_int=\count370
\g__xeCJK_fam_allocation_int=\count371
\l__xeCJK_verb_case_int=\count372
\l__xeCJK_verb_exspace_skip=\skip81

(D:\Program Data\MikTEX\tex/xelatex/xecjk\xeCJK-listings.sty
Package: xeCJK-listings 2021/12/12 v3.8.8 xeCJK patch file for listings
\l__xeCJK_listings_max_char_int=\count373
\l__xeCJK_listings_flag_int=\count374
)
(D:\Program Data\MikTEX\tex/xelatex/xecjk\xeCJK.cfg
File: xeCJK.cfg 2021/12/12 v3.8.8 Configuration file for xeCJK package
))
\ccwd=\dimen331
\l__ctex_ccglue_skip=\skip82
)
\l__ctex_ziju_dim=\dimen332

(D:\Program Data\MikTEX\tex/latex/zhnumber\zhnumber.sty
Package: zhnumber 2020/05/01 v2.8 Typesetting numbers with Chinese glyphs
\l__zhnum_scale_int=\count375

(D:\Program Data\MikTEX\tex/latex/zhnumber\zhnumber-utf8.cfg
File: zhnumber-utf8.cfg 2020/05/01 v2.8 Chinese numerals with UTF8 encoding
))
(D:\Program Data\MikTEX\tex/latex/ctex/scheme\ctex-scheme-chinese.def
File: ctex-scheme-chinese.def 2021/12/12 v2.5.8 Chinese scheme for generic (CTE
X)

(D:\Program Data\MikTEX\tex/latex/ctex/config\ctex-name-utf8.cfg
File: ctex-name-utf8.cfg 2021/12/12 v2.5.8 Caption with encoding UTF-8 (CTEX)
))
(D:\Program Data\MikTEX\tex/latex/ctex/fontset\ctex-fontset-windows.def
File: ctex-fontset-windows.def 2021/12/12 v2.5.8 Windows fonts definition (CTEX
)

Package fontspec Info: Could not resolve font "KaiTi/B" (it probably doesn't
(fontspec)             exist).


Package fontspec Info: Could not resolve font "SimHei/I" (it probably doesn't
(fontspec)             exist).


Package fontspec Info: Could not resolve font "SimSun/BI" (it probably doesn't
(fontspec)             exist).


Package fontspec Info: Font family 'SimSun(0)' created for font 'SimSun' with
(fontspec)             options
(fontspec)             [Script={CJK},BoldFont={SimHei},ItalicFont={KaiTi}].
(fontspec)              
(fontspec)              This font family consists of the following NFSS
(fontspec)             series/shapes:
(fontspec)              
(fontspec)             - 'normal' (m/n) with NFSS spec.:
(fontspec)             <->"SimSun/OT:script=hani;language=dflt;"
(fontspec)             - 'small caps'  (m/sc) with NFSS spec.: 
(fontspec)             - 'bold' (b/n) with NFSS spec.:
(fontspec)             <->"SimHei/OT:script=hani;language=dflt;"
(fontspec)             - 'bold small caps'  (b/sc) with NFSS spec.: 
(fontspec)             - 'italic' (m/it) with NFSS spec.:
(fontspec)             <->"KaiTi/OT:script=hani;language=dflt;"
(fontspec)             - 'italic small caps'  (m/scit) with NFSS spec.: 

))
(D:\Program Data\MikTEX\tex/latex/ctex/config\ctex.cfg
File: ctex.cfg 2021/12/12 v2.5.8 Configuration file (CTEX)
)
(D:\Program Data\MikTEX\tex/latex/beamer\beamerthemeEastLansing.sty
(D:\Program Data\MikTEX\tex/latex/beamer\beamerinnerthemerounded.sty)
(D:\Program Data\MikTEX\tex/latex/beamer\beamerouterthemeinfolines.sty)
(D:\Program Data\MikTEX\tex/latex/beamer\beamercolorthemespruce.sty))
(slide.aux)
\openout1 = `slide.aux'.

LaTeX Font Info:    Checking defaults for OML/cmm/m/it on input line 18.
LaTeX Font Info:    ... okay on input line 18.
LaTeX Font Info:    Checking defaults for OMS/cmsy/m/n on input line 18.
LaTeX Font Info:    ... okay on input line 18.
LaTeX Font Info:    Checking defaults for OT1/cmr/m/n on input line 18.
LaTeX Font Info:    ... okay on input line 18.
LaTeX Font Info:    Checking defaults for T1/cmr/m/n on input line 18.
LaTeX Font Info:    ... okay on input line 18.
LaTeX Font Info:    Checking defaults for TS1/cmr/m/n on input line 18.
LaTeX Font Info:    ... okay on input line 18.
LaTeX Font Info:    Checking defaults for TU/lmr/m/n on input line 18.
LaTeX Font Info:    ... okay on input line 18.
LaTeX Font Info:    Checking defaults for OMX/cmex/m/n on input line 18.
LaTeX Font Info:    ... okay on input line 18.
LaTeX Font Info:    Checking defaults for U/cmr/m/n on input line 18.
LaTeX Font Info:    ... okay on input line 18.
LaTeX Font Info:    Checking defaults for PD1/pdf/m/n on input line 18.
LaTeX Font Info:    ... okay on input line 18.
LaTeX Font Info:    Checking defaults for PU/pdf/m/n on input line 18.
LaTeX Font Info:    ... okay on input line 18.

*geometry* driver: auto-detecting
*geometry* detected driver: xetex
*geometry* verbose mode - [ preamble ] result:
* driver: xetex
* paper: custom
* layout: <same size as paper>
* layoutoffset:(h,v)=(0.0pt,0.0pt)
* modes: includehead includefoot 
* h-part:(L,W,R)=(10.95pt, 342.29536pt, 10.95pt)
* v-part:(T,H,B)=(0.0pt, 273.14662pt, 0.0pt)
* \paperwidth=364.19536pt
* \paperheight=273.14662pt
* \textwidth=342.29536pt
* \textheight=244.6939pt
* \oddsidemargin=-61.31999pt
* \evensidemargin=-61.31999pt
* \topmargin=-72.26999pt
* \headheight=14.22636pt
* \headsep=0.0pt
* \topskip=11.0pt
* \footskip=14.22636pt
* \marginparwidth=4.0pt
* \marginparsep=10.0pt
* \columnsep=10.0pt
* \skip\footins=10.0pt plus 4.0pt minus 2.0pt
* \hoffset=0.0pt
* \voffset=0.0pt
* \mag=1000
* \@twocolumnfalse
* \@twosidefalse
* \@mparswitchfalse
* \@reversemarginfalse
* (1in=72.27pt=25.4mm, 1cm=28.453pt)

Package hyperref Info: Link coloring OFF on input line 18.
(D:\Program Data\MikTEX\tex/latex/hyperref\nameref.sty
Package: nameref 2021-04-02 v2.47 Cross-referencing by name of section

(D:\Program Data\MikTEX\tex/latex/refcount\refcount.sty
Package: refcount 2019/12/15 v3.6 Data extraction from label references (HO)
)
(D:\Program Data\MikTEX\tex/generic/gettitlestring\gettitlestring.sty
Package: gettitlestring 2019/12/15 v1.6 Cleanup title references (HO)
)
\c@section@level=\count376
)
LaTeX Info: Redefining \ref on input line 18.
LaTeX Info: Redefining \pageref on input line 18.
LaTeX Info: Redefining \nameref on input line 18.

(slide.out) (slide.out)
\@outlinefile=\write5
\openout5 = `slide.out'.

\symnumbers=\mathgroup6
\sympureletters=\mathgroup7
LaTeX Font Info:    Overwriting math alphabet `\mathrm' in version `normal'
(Font)                  OT1/cmr/m/n --> TU/lmr/m/n on input line 18.
LaTeX Font Info:    Redeclaring math alphabet \mathbf on input line 18.
LaTeX Font Info:    Overwriting math alphabet `\mathbf' in version `normal'
(Font)                  OT1/cmr/bx/n --> TU/lmr/b/n on input line 18.
LaTeX Font Info:    Overwriting math alphabet `\mathbf' in version `bold'
(Font)                  OT1/cmr/bx/n --> TU/lmr/b/n on input line 18.
LaTeX Font Info:    Redeclaring math alphabet \mathsf on input line 18.
LaTeX Font Info:    Overwriting math alphabet `\mathsf' in version `normal'
(Font)                  OT1/cmss/m/n --> TU/lmss/m/n on input line 18.
LaTeX Font Info:    Overwriting math alphabet `\mathsf' in version `bold'
(Font)                  OT1/cmss/bx/n --> TU/lmss/m/n on input line 18.
LaTeX Font Info:    Redeclaring math alphabet \mathit on input line 18.
LaTeX Font Info:    Overwriting math alphabet `\mathit' in version `normal'
(Font)                  OT1/cmr/m/it --> TU/lmr/m/it on input line 18.
LaTeX Font Info:    Overwriting math alphabet `\mathit' in version `bold'
(Font)                  OT1/cmr/bx/it --> TU/lmr/m/it on input line 18.
LaTeX Font Info:    Redeclaring math alphabet \mathtt on input line 18.
LaTeX Font Info:    Overwriting math alphabet `\mathtt' in version `normal'
(Font)                  OT1/cmtt/m/n --> TU/lmtt/m/n on input line 18.
LaTeX Font Info:    Overwriting math alphabet `\mathtt' in version `bold'
(Font)                  OT1/cmtt/m/n --> TU/lmtt/m/n on input line 18.
LaTeX Font Info:    Overwriting symbol font `numbers' in version `bold'
(Font)                  TU/lmr/m/n --> TU/lmr/b/n on input line 18.
LaTeX Font Info:    Overwriting symbol font `pureletters' in version `bold'
(Font)                  TU/lmr/m/it --> TU/lmr/b/it on input line 18.
LaTeX Font Info:    Overwriting math alphabet `\mathrm' in version `bold'
(Font)                  OT1/cmr/bx/n --> TU/lmr/b/n on input line 18.
LaTeX Font Info:    Overwriting math alphabet `\mathbf' in version `bold'
(Font)                  TU/lmr/b/n --> TU/lmr/b/n on input line 18.
LaTeX Font Info:    Overwriting math alphabet `\mathsf' in version `bold'
(Font)                  TU/lmss/m/n --> TU/lmss/b/n on input line 18.
LaTeX Font Info:    Overwriting math alphabet `\mathit' in version `bold'
(Font)                  TU/lmr/m/it --> TU/lmr/b/it on input line 18.
LaTeX Font Info:    Overwriting math alphabet `\mathtt' in version `bold'
(Font)                  TU/lmtt/m/n --> TU/lmtt/b/n on input line 18.

(D:\Program Data\MikTEX\tex/latex/translator\translator-basic-dictionary-Englis
h.dict
Dictionary: translator-basic-dictionary, Language: English 
)
(D:\Program Data\MikTEX\tex/latex/translator\translator-bibliography-dictionary
-English.dict
Dictionary: translator-bibliography-dictionary, Language: English 
)
(D:\Program Data\MikTEX\tex/latex/translator\translator-environment-dictionary-
English.dict
Dictionary: translator-environment-dictionary, Language: English 
)
(D:\Program Data\MikTEX\tex/latex/translator\translator-months-dictionary-Engli
sh.dict
Dictionary: translator-months-dictionary, Language: English 
)
(D:\Program Data\MikTEX\tex/latex/translator\translator-numbers-dictionary-Engl
ish.dict
Dictionary: translator-numbers-dictionary, Language: English 
)
(D:\Program Data\MikTEX\tex/latex/translator\translator-theorem-dictionary-Engl
ish.dict
Dictionary: translator-theorem-dictionary, Language: English 
)
(D:\Program Data\MikTEX\tex/latex/ctex/dictionary\translator-theorem-dictionary
-ChineseUTF8.dict
Dictionary: translator-theorem-dictionary, Language: ChineseUTF8 2021/12/12 v2.
5.8 Chinese translation for theorem name (CTEX)
)
\c@lstlisting=\count377

Package fontspec Info: Adjusting the maths setup (use [no-math] to avoid
(fontspec)             this).

\symlegacymaths=\mathgroup8
LaTeX Font Info:    Overwriting symbol font `legacymaths' in version `bold'
(Font)                  OT1/cmr/m/n --> OT1/cmr/bx/n on input line 18.
LaTeX Font Info:    Redeclaring math accent \acute on input line 18.
LaTeX Font Info:    Redeclaring math accent \grave on input line 18.
LaTeX Font Info:    Redeclaring math accent \ddot on input line 18.
LaTeX Font Info:    Redeclaring math accent \tilde on input line 18.
LaTeX Font Info:    Redeclaring math accent \bar on input line 18.
LaTeX Font Info:    Redeclaring math accent \breve on input line 18.
LaTeX Font Info:    Redeclaring math accent \check on input line 18.
LaTeX Font Info:    Redeclaring math accent \hat on input line 18.
LaTeX Font Info:    Redeclaring math accent \dot on input line 18.
LaTeX Font Info:    Redeclaring math accent \mathring on input line 18.
LaTeX Font Info:    Redeclaring math symbol \Gamma on input line 18.
LaTeX Font Info:    Redeclaring math symbol \Delta on input line 18.
LaTeX Font Info:    Redeclaring math symbol \Theta on input line 18.
LaTeX Font Info:    Redeclaring math symbol \Lambda on input line 18.
LaTeX Font Info:    Redeclaring math symbol \Xi on input line 18.
LaTeX Font Info:    Redeclaring math symbol \Pi on input line 18.
LaTeX Font Info:    Redeclaring math symbol \Sigma on input line 18.
LaTeX Font Info:    Redeclaring math symbol \Upsilon on input line 18.
LaTeX Font Info:    Redeclaring math symbol \Phi on input line 18.
LaTeX Font Info:    Redeclaring math symbol \Psi on input line 18.
LaTeX Font Info:    Redeclaring math symbol \Omega on input line 18.
LaTeX Font Info:    Redeclaring math symbol \mathdollar on input line 18.
LaTeX Font Info:    Redeclaring symbol font `operators' on input line 18.
LaTeX Font Info:    Encoding `OT1' has changed to `TU' for symbol font
(Font)              `operators' in the math version `normal' on input line 18.
LaTeX Font Info:    Overwriting symbol font `operators' in version `normal'
(Font)                  OT1/cmr/m/n --> TU/lmr/m/n on input line 18.
LaTeX Font Info:    Encoding `OT1' has changed to `TU' for symbol font
(Font)              `operators' in the math version `bold' on input line 18.
LaTeX Font Info:    Overwriting symbol font `operators' in version `bold'
(Font)                  OT1/cmr/bx/n --> TU/lmr/m/n on input line 18.
LaTeX Font Info:    Overwriting symbol font `operators' in version `normal'
(Font)                  TU/lmr/m/n --> TU/lmr/m/n on input line 18.
LaTeX Font Info:    Redeclaring math alphabet \mathrm on input line 18.
LaTeX Font Info:    Overwriting math alphabet `\mathit' in version `normal'
(Font)                  TU/lmr/m/it --> TU/lmr/m/it on input line 18.
LaTeX Font Info:    Overwriting math alphabet `\mathbf' in version `normal'
(Font)                  TU/lmr/b/n --> TU/lmr/b/n on input line 18.
LaTeX Font Info:    Overwriting math alphabet `\mathsf' in version `normal'
(Font)                  TU/lmss/m/n --> TU/lmss/m/n on input line 18.
LaTeX Font Info:    Overwriting math alphabet `\mathtt' in version `normal'
(Font)                  TU/lmtt/m/n --> TU/lmtt/m/n on input line 18.
LaTeX Font Info:    Overwriting symbol font `operators' in version `bold'
(Font)                  TU/lmr/m/n --> TU/lmr/b/n on input line 18.
LaTeX Font Info:    Overwriting math alphabet `\mathit' in version `bold'
(Font)                  TU/lmr/b/it --> TU/lmr/b/it on input line 18.
LaTeX Font Info:    Overwriting math alphabet `\mathsf' in version `bold'
(Font)                  TU/lmss/b/n --> TU/lmss/b/n on input line 18.
LaTeX Font Info:    Overwriting math alphabet `\mathtt' in version `bold'
(Font)                  TU/lmtt/b/n --> TU/lmtt/b/n on input line 18.
 (slide.nav)

Package hyperref Warning: Option `pdfauthor' has already been used,
(hyperref)                setting the option has no effect on input line 19.

File: logo.png Graphic file (type bmp)
<logo.png>
[1

] (slide.toc) [2

] [3

] [4

] [5

] (slide.toc) [6

]

Package fontspec Info: Could not resolve font "FangSong/BI" (it probably
(fontspec)             doesn't exist).


Package fontspec Info: Could not resolve font "FangSong/B" (it probably
(fontspec)             doesn't exist).


Package fontspec Info: Could not resolve font "FangSong/I" (it probably
(fontspec)             doesn't exist).


Package fontspec Info: Font family 'FangSong(0)' created for font 'FangSong'
(fontspec)             with options [Script={CJK}].
(fontspec)              
(fontspec)              This font family consists of the following NFSS
(fontspec)             series/shapes:
(fontspec)              
(fontspec)             - 'normal' (m/n) with NFSS spec.:
(fontspec)             <->"FangSong/OT:script=hani;language=dflt;"
(fontspec)             - 'small caps'  (m/sc) with NFSS spec.: 

 [7

] [8

] [9

]
LaTeX Font Info:    Trying to load font information for U+msa on input line 142
.

(D:\Program Data\MikTEX\tex/latex/amsfonts\umsa.fd
File: umsa.fd 2013/01/14 v3.01 AMS symbols A
)
LaTeX Font Info:    Trying to load font information for U+msb on input line 142
.

(D:\Program Data\MikTEX\tex/latex/amsfonts\umsb.fd
File: umsb.fd 2013/01/14 v3.01 AMS symbols B
) [10

] [11

] (slide.toc)
[12

] [13

] [14

] [15

]

LaTeX Font Warning: Command \Huge invalid in math mode on input line 211.

[16

]
\tf@nav=\write6
\openout6 = `slide.nav'.

\tf@toc=\write7
\openout7 = `slide.toc'.

\tf@snm=\write8
\openout8 = `slide.snm'.

 (slide.aux)
Package rerunfilecheck Info: File `slide.out' has not changed.
(rerunfilecheck)             Checksum: 9C6B680DBE7C83A712B1BC85D39AB595;462.
 ) 
Here is how much of TeX's memory you used:
 28692 strings out of 410967
 609152 string characters out of 2828220
 932333 words of memory out of 3000000
 48842 multiletter control sequences out of 15000+600000
 482630 words of font info for 123 fonts, out of 8000000 for 9000
 1348 hyphenation exceptions out of 8191
 128i,15n,122p,420b,710s stack positions out of 10000i,1000n,20000p,200000b,80000s

Output written on slide.pdf (16 pages).
