This is XeTeX, Version 3.141592653-2.6-0.999994 (TeX Live 2022) (preloaded format=xelatex 2023.1.19)  3 AUG 2023 00:43
entering extended mode
 restricted \write18 enabled.
 file:line:error style messages enabled.
 %&-line parsing enabled.
**/Users/zgw/Documents/dx/TeXify/intro-oi/main.tex
(/Users/zgw/Documents/dx/TeXify/intro-oi/main.tex
LaTeX2e <2022-11-01> patch level 1
L3 programming layer <2023-01-16> (/usr/local/texlive/2022/texmf-dist/tex/latex/base/article.cls
Document Class: article 2022/07/02 v1.4n Standard LaTeX document class
(/usr/local/texlive/2022/texmf-dist/tex/latex/base/size10.clo
File: size10.clo 2022/07/02 v1.4n Standard LaTeX file (size option)
)
\c@part=\count181
\c@section=\count182
\c@subsection=\count183
\c@subsubsection=\count184
\c@paragraph=\count185
\c@subparagraph=\count186
\c@figure=\count187
\c@table=\count188
\abovecaptionskip=\skip48
\belowcaptionskip=\skip49
\bibindent=\dimen140
) (./NotesTeXV3.sty
Package: NotesTeXV3 2021/10/22 rV3
 (/usr/local/texlive/2022/texmf-dist/tex/latex/natbib/natbib.sty
Package: natbib 2010/09/13 8.31b (PWD, AO)
\bibhang=\skip50
\bibsep=\skip51
LaTeX Info: Redefining \cite on input line 694.
\c@NAT@ctr=\count189
) (/usr/local/texlive/2022/texmf-dist/tex/latex/graphics/color.sty
Package: color 2022/01/06 v1.3d Standard LaTeX Color (DPC)
 (/usr/local/texlive/2022/texmf-dist/tex/latex/graphics-cfg/color.cfg
File: color.cfg 2016/01/02 v1.6 sample color configuration
)
Package color Info: Driver file: xetex.def on input line 149.
 (/usr/local/texlive/2022/texmf-dist/tex/latex/graphics-def/xetex.def
File: xetex.def 2022/09/22 v5.0n Graphics/color driver for xetex
) (/usr/local/texlive/2022/texmf-dist/tex/latex/graphics/mathcolor.ltx)) (/usr/local/texlive/2022/texmf-dist/tex/latex/hyperref/hyperref.sty
Package: hyperref 2022-11-13 v7.00u Hypertext links for LaTeX
 (/usr/local/texlive/2022/texmf-dist/tex/generic/ltxcmds/ltxcmds.sty
Package: ltxcmds 2020-05-10 v1.25 LaTeX kernel commands for general use (HO)
) (/usr/local/texlive/2022/texmf-dist/tex/generic/iftex/iftex.sty
Package: iftex 2022/02/03 v1.0f TeX engine tests
) (/usr/local/texlive/2022/texmf-dist/tex/generic/pdftexcmds/pdftexcmds.sty
Package: pdftexcmds 2020-06-27 v0.33 Utility functions of pdfTeX for LuaTeX (HO)
 (/usr/local/texlive/2022/texmf-dist/tex/generic/infwarerr/infwarerr.sty
Package: infwarerr 2019/12/03 v1.5 Providing info/warning/error messages (HO)
)
Package pdftexcmds Info: \pdf@primitive is available.
Package pdftexcmds Info: \pdf@ifprimitive is available.
Package pdftexcmds Info: \pdfdraftmode not found.
) (/usr/local/texlive/2022/texmf-dist/tex/latex/graphics/keyval.sty
Package: keyval 2022/05/29 v1.15 key=value parser (DPC)
\KV@toks@=\toks16
) (/usr/local/texlive/2022/texmf-dist/tex/latex/kvsetkeys/kvsetkeys.sty
Package: kvsetkeys 2022-10-05 v1.19 Key value parser (HO)
) (/usr/local/texlive/2022/texmf-dist/tex/generic/kvdefinekeys/kvdefinekeys.sty
Package: kvdefinekeys 2019-12-19 v1.6 Define keys (HO)
) (/usr/local/texlive/2022/texmf-dist/tex/generic/pdfescape/pdfescape.sty
Package: pdfescape 2019/12/09 v1.15 Implements pdfTeX's escape features (HO)
) (/usr/local/texlive/2022/texmf-dist/tex/latex/hycolor/hycolor.sty
Package: hycolor 2020-01-27 v1.10 Color options for hyperref/bookmark (HO)
) (/usr/local/texlive/2022/texmf-dist/tex/latex/letltxmacro/letltxmacro.sty
Package: letltxmacro 2019/12/03 v1.6 Let assignment for LaTeX macros (HO)
) (/usr/local/texlive/2022/texmf-dist/tex/latex/auxhook/auxhook.sty
Package: auxhook 2019-12-17 v1.6 Hooks for auxiliary files (HO)
) (/usr/local/texlive/2022/texmf-dist/tex/latex/hyperref/nameref.sty
Package: nameref 2022-05-17 v2.50 Cross-referencing by name of section
 (/usr/local/texlive/2022/texmf-dist/tex/latex/refcount/refcount.sty
Package: refcount 2019/12/15 v3.6 Data extraction from label references (HO)
) (/usr/local/texlive/2022/texmf-dist/tex/generic/gettitlestring/gettitlestring.sty
Package: gettitlestring 2019/12/15 v1.6 Cleanup title references (HO)
 (/usr/local/texlive/2022/texmf-dist/tex/latex/kvoptions/kvoptions.sty
Package: kvoptions 2022-06-15 v3.15 Key value format for package options (HO)
))
\c@section@level=\count190
)
\@linkdim=\dimen141
\Hy@linkcounter=\count191
\Hy@pagecounter=\count192
 (/usr/local/texlive/2022/texmf-dist/tex/latex/hyperref/pd1enc.def
File: pd1enc.def 2022-11-13 v7.00u Hyperref: PDFDocEncoding definition (HO)
) (/usr/local/texlive/2022/texmf-dist/tex/generic/intcalc/intcalc.sty
Package: intcalc 2019/12/15 v1.3 Expandable calculations with integers (HO)
) (/usr/local/texlive/2022/texmf-dist/tex/generic/etexcmds/etexcmds.sty
Package: etexcmds 2019/12/15 v1.7 Avoid name clashes with e-TeX commands (HO)
)
\Hy@SavedSpaceFactor=\count193
 (/usr/local/texlive/2022/texmf-dist/tex/latex/hyperref/puenc.def
File: puenc.def 2022-11-13 v7.00u Hyperref: PDF Unicode definition (HO)
)
Package hyperref Info: Option `colorlinks' set `true' on input line 4045.
Package hyperref Info: Option `linktocpage' set `true' on input line 4045.
Package hyperref Info: Option `pdfa' set `true' on input line 4045.
Package hyperref Info: Option `pdfusetitle' set `true' on input line 4045.
Package hyperref Info: Hyper figures OFF on input line 4162.
Package hyperref Info: Link nesting OFF on input line 4167.
Package hyperref Info: Hyper index ON on input line 4170.
Package hyperref Info: Plain pages OFF on input line 4177.
Package hyperref Info: Backreferencing OFF on input line 4182.
Package hyperref Info: Implicit mode ON; LaTeX internals redefined.
Package hyperref Info: Bookmarks ON on input line 4410.
\c@Hy@tempcnt=\count194
 (/usr/local/texlive/2022/texmf-dist/tex/latex/url/url.sty
\Urlmuskip=\muskip16
Package: url 2013/09/16  ver 3.4  Verb mode for urls, etc.
)
LaTeX Info: Redefining \url on input line 4748.
\XeTeXLinkMargin=\dimen142
 (/usr/local/texlive/2022/texmf-dist/tex/generic/bitset/bitset.sty
Package: bitset 2019/12/09 v1.3 Handle bit-vector datatype (HO)
 (/usr/local/texlive/2022/texmf-dist/tex/generic/bigintcalc/bigintcalc.sty
Package: bigintcalc 2019/12/15 v1.5 Expandable calculations on big integers (HO)
))
\Fld@menulength=\count195
\Field@Width=\dimen143
\Fld@charsize=\dimen144
Package hyperref Info: Hyper figures OFF on input line 6027.
Package hyperref Info: Link nesting OFF on input line 6032.
Package hyperref Info: Hyper index ON on input line 6035.
Package hyperref Info: backreferencing OFF on input line 6042.
Package hyperref Info: Link coloring ON on input line 6045.
Package hyperref Info: Link coloring with OCG OFF on input line 6052.
Package hyperref Info: PDF/A mode ON on input line 6055.
 (/usr/local/texlive/2022/texmf-dist/tex/latex/base/atbegshi-ltx.sty
Package: atbegshi-ltx 2021/01/10 v1.0c Emulation of the original atbegshi
package with kernel methods
)
\Hy@abspage=\count196
\c@Item=\count197
\c@Hfootnote=\count198
)
Package hyperref Info: Driver (autodetected): hxetex.
 (/usr/local/texlive/2022/texmf-dist/tex/latex/hyperref/hxetex.def
File: hxetex.def 2022-11-13 v7.00u Hyperref driver for XeTeX
 (/usr/local/texlive/2022/texmf-dist/tex/generic/stringenc/stringenc.sty
Package: stringenc 2019/11/29 v1.12 Convert strings between diff. encodings (HO)
)
\pdfm@box=\box51
\c@Hy@AnnotLevel=\count199
\HyField@AnnotCount=\count266
\Fld@listcount=\count267
\c@bookmark@seq@number=\count268
 (/usr/local/texlive/2022/texmf-dist/tex/latex/rerunfilecheck/rerunfilecheck.sty
Package: rerunfilecheck 2022-07-10 v1.10 Rerun checks for auxiliary files (HO)
 (/usr/local/texlive/2022/texmf-dist/tex/latex/base/atveryend-ltx.sty
Package: atveryend-ltx 2020/08/19 v1.0a Emulation of the original atveryend package
with kernel methods
) (/usr/local/texlive/2022/texmf-dist/tex/generic/uniquecounter/uniquecounter.sty
Package: uniquecounter 2019/12/15 v1.4 Provide unlimited unique counter (HO)
)
Package uniquecounter Info: New unique counter `rerunfilecheck' on input line 285.
)
\Hy@SectionHShift=\skip52
) (/usr/local/texlive/2022/texmf-dist/tex/latex/marginnote/marginnote.sty
Package: marginnote 2018/08/09 v1.4b non floating margin notes for LaTeX
\c@mn@abspage=\count269
) (/usr/local/texlive/2022/texmf-dist/tex/latex/sidenotes/sidenotes.sty (/usr/local/texlive/2022/texmf-dist/tex/latex/l3packages/l3keys2e/l3keys2e.sty (/usr/local/texlive/2022/texmf-dist/tex/latex/l3kernel/expl3.sty
Package: expl3 2023-01-16 L3 programming layer (loader) 
 (/usr/local/texlive/2022/texmf-dist/tex/latex/l3backend/l3backend-xetex.def
File: l3backend-xetex.def 2023-01-16 L3 backend support: XeTeX
\g__graphics_track_int=\count270
\l__pdf_internal_box=\box52
\g__pdf_backend_object_int=\count271
\g__pdf_backend_annotation_int=\count272
\g__pdf_backend_link_int=\count273
))
Package: l3keys2e 2023-01-16 LaTeX2e option processing using LaTeX3 keys
)
Package: sidenotes 2016/04/21 v1.00 rich text in the margin for LaTeX
 (/usr/local/texlive/2022/texmf-dist/tex/latex/caption/caption.sty
Package: caption 2022/03/01 v3.6b Customizing captions (AR)
 (/usr/local/texlive/2022/texmf-dist/tex/latex/caption/caption3.sty
Package: caption3 2022/03/17 v2.3b caption3 kernel (AR)
\caption@tempdima=\dimen145
\captionmargin=\dimen146
\caption@leftmargin=\dimen147
\caption@rightmargin=\dimen148
\caption@width=\dimen149
\caption@indent=\dimen150
\caption@parindent=\dimen151
\caption@hangindent=\dimen152
Package caption Info: Standard document class detected.
)
\c@caption@flags=\count274
\c@continuedfloat=\count275
Package caption Info: hyperref package is loaded.
) (/usr/local/texlive/2022/texmf-dist/tex/latex/l3packages/xparse/xparse.sty
Package: xparse 2023-01-16 L3 Experimental document command parser
) (/usr/local/texlive/2022/texmf-dist/tex/latex/changepage/changepage.sty
Package: changepage 2009/10/20 v1.0c check page and change page layout
\c@cp@cntr=\count276
\cp@tempcnt=\count277
)
\c@sidenote=\count278
\@sidenotes@marginfigurebox=\box53
\@sidenotes@margintablebox=\box54
) (/usr/local/texlive/2022/texmf-dist/tex/latex/fancyhdr/fancyhdr.sty
Package: fancyhdr 2022/11/09 v4.1 Extensive control of page headers and footers
\f@nch@headwidth=\skip53
\f@nch@O@elh=\skip54
\f@nch@O@erh=\skip55
\f@nch@O@olh=\skip56
\f@nch@O@orh=\skip57
\f@nch@O@elf=\skip58
\f@nch@O@erf=\skip59
\f@nch@O@olf=\skip60
\f@nch@O@orf=\skip61
) (/usr/local/texlive/2022/texmf-dist/tex/latex/geometry/geometry.sty
Package: geometry 2020/01/02 v5.9 Page Geometry
 (/usr/local/texlive/2022/texmf-dist/tex/generic/iftex/ifvtex.sty
Package: ifvtex 2019/10/25 v1.7 ifvtex legacy package. Use iftex instead.
)
\Gm@cnth=\count279
\Gm@cntv=\count280
\c@Gm@tempcnt=\count281
\Gm@bindingoffset=\dimen153
\Gm@wd@mp=\dimen154
\Gm@odd@mp=\dimen155
\Gm@even@mp=\dimen156
\Gm@layoutwidth=\dimen157
\Gm@layoutheight=\dimen158
\Gm@layouthoffset=\dimen159
\Gm@layoutvoffset=\dimen160
\Gm@dimlist=\toks17
) (/usr/local/texlive/2022/texmf-dist/tex/latex/xcolor/xcolor.sty
Package: xcolor 2022/06/12 v2.14 LaTeX color extensions (UK)
 (/usr/local/texlive/2022/texmf-dist/tex/latex/graphics-cfg/color.cfg
File: color.cfg 2016/01/02 v1.6 sample color configuration
)
Package xcolor Info: Package option `usenames' ignored on input line 218.
Package xcolor Info: Driver file: xetex.def on input line 227.
LaTeX Info: Redefining \color on input line 711.
 (/usr/local/texlive/2022/texmf-dist/tex/latex/graphics/mathcolor.ltx)
Package xcolor Info: Model `cmy' substituted by `cmy0' on input line 1353.
Package xcolor Info: Model `RGB' extended on input line 1369.
Package xcolor Info: Model `HTML' substituted by `rgb' on input line 1371.
Package xcolor Info: Model `Hsb' substituted by `hsb' on input line 1372.
Package xcolor Info: Model `tHsb' substituted by `hsb' on input line 1373.
Package xcolor Info: Model `HSB' substituted by `hsb' on input line 1374.
Package xcolor Info: Model `Gray' substituted by `gray' on input line 1375.
Package xcolor Info: Model `wave' substituted by `hsb' on input line 1376.
 (/usr/local/texlive/2022/texmf-dist/tex/latex/graphics/dvipsnam.def
File: dvipsnam.def 2016/06/17 v3.0m Driver-dependent file (DPC,SPQR)
)) (/usr/local/texlive/2022/texmf-dist/tex/latex/tcolorbox/tcolorbox.sty
Package: tcolorbox 2022/06/24 version 5.1.1 text color boxes
 (/usr/local/texlive/2022/texmf-dist/tex/latex/pgf/basiclayer/pgf.sty (/usr/local/texlive/2022/texmf-dist/tex/latex/pgf/utilities/pgfrcs.sty (/usr/local/texlive/2022/texmf-dist/tex/generic/pgf/utilities/pgfutil-common.tex
\pgfutil@everybye=\toks18
\pgfutil@tempdima=\dimen161
\pgfutil@tempdimb=\dimen162
) (/usr/local/texlive/2022/texmf-dist/tex/generic/pgf/utilities/pgfutil-latex.def
\pgfutil@abb=\box55
) (/usr/local/texlive/2022/texmf-dist/tex/generic/pgf/utilities/pgfrcs.code.tex (/usr/local/texlive/2022/texmf-dist/tex/generic/pgf/pgf.revision.tex)
Package: pgfrcs 2023-01-15 v3.1.10 (3.1.10)
))
Package: pgf 2023-01-15 v3.1.10 (3.1.10)
 (/usr/local/texlive/2022/texmf-dist/tex/latex/pgf/basiclayer/pgfcore.sty (/usr/local/texlive/2022/texmf-dist/tex/latex/graphics/graphicx.sty
Package: graphicx 2021/09/16 v1.2d Enhanced LaTeX Graphics (DPC,SPQR)
 (/usr/local/texlive/2022/texmf-dist/tex/latex/graphics/graphics.sty
Package: graphics 2022/03/10 v1.4e Standard LaTeX Graphics (DPC,SPQR)
 (/usr/local/texlive/2022/texmf-dist/tex/latex/graphics/trig.sty
Package: trig 2021/08/11 v1.11 sin cos tan (DPC)
) (/usr/local/texlive/2022/texmf-dist/tex/latex/graphics-cfg/graphics.cfg
File: graphics.cfg 2016/06/04 v1.11 sample graphics configuration
)
Package graphics Info: Driver file: xetex.def on input line 107.
)
\Gin@req@height=\dimen163
\Gin@req@width=\dimen164
) (/usr/local/texlive/2022/texmf-dist/tex/latex/pgf/systemlayer/pgfsys.sty (/usr/local/texlive/2022/texmf-dist/tex/generic/pgf/systemlayer/pgfsys.code.tex
Package: pgfsys 2023-01-15 v3.1.10 (3.1.10)
 (/usr/local/texlive/2022/texmf-dist/tex/generic/pgf/utilities/pgfkeys.code.tex
\pgfkeys@pathtoks=\toks19
\pgfkeys@temptoks=\toks20
 (/usr/local/texlive/2022/texmf-dist/tex/generic/pgf/utilities/pgfkeyslibraryfiltered.code.tex
\pgfkeys@tmptoks=\toks21
))
\pgf@x=\dimen165
\pgf@y=\dimen166
\pgf@xa=\dimen167
\pgf@ya=\dimen168
\pgf@xb=\dimen169
\pgf@yb=\dimen170
\pgf@xc=\dimen171
\pgf@yc=\dimen172
\pgf@xd=\dimen173
\pgf@yd=\dimen174
\w@pgf@writea=\write3
\r@pgf@reada=\read2
\c@pgf@counta=\count282
\c@pgf@countb=\count283
\c@pgf@countc=\count284
\c@pgf@countd=\count285
\t@pgf@toka=\toks22
\t@pgf@tokb=\toks23
\t@pgf@tokc=\toks24
\pgf@sys@id@count=\count286
 (/usr/local/texlive/2022/texmf-dist/tex/generic/pgf/systemlayer/pgf.cfg
File: pgf.cfg 2023-01-15 v3.1.10 (3.1.10)
)
Driver file for pgf: pgfsys-xetex.def
 (/usr/local/texlive/2022/texmf-dist/tex/generic/pgf/systemlayer/pgfsys-xetex.def
File: pgfsys-xetex.def 2023-01-15 v3.1.10 (3.1.10)
 (/usr/local/texlive/2022/texmf-dist/tex/generic/pgf/systemlayer/pgfsys-dvipdfmx.def
File: pgfsys-dvipdfmx.def 2023-01-15 v3.1.10 (3.1.10)
 (/usr/local/texlive/2022/texmf-dist/tex/generic/pgf/systemlayer/pgfsys-common-pdf.def
File: pgfsys-common-pdf.def 2023-01-15 v3.1.10 (3.1.10)
)
\pgfsys@objnum=\count287
))) (/usr/local/texlive/2022/texmf-dist/tex/generic/pgf/systemlayer/pgfsyssoftpath.code.tex
File: pgfsyssoftpath.code.tex 2023-01-15 v3.1.10 (3.1.10)
\pgfsyssoftpath@smallbuffer@items=\count288
\pgfsyssoftpath@bigbuffer@items=\count289
) (/usr/local/texlive/2022/texmf-dist/tex/generic/pgf/systemlayer/pgfsysprotocol.code.tex
File: pgfsysprotocol.code.tex 2023-01-15 v3.1.10 (3.1.10)
)) (/usr/local/texlive/2022/texmf-dist/tex/generic/pgf/basiclayer/pgfcore.code.tex
Package: pgfcore 2023-01-15 v3.1.10 (3.1.10)
 (/usr/local/texlive/2022/texmf-dist/tex/generic/pgf/math/pgfmath.code.tex (/usr/local/texlive/2022/texmf-dist/tex/generic/pgf/math/pgfmathutil.code.tex) (/usr/local/texlive/2022/texmf-dist/tex/generic/pgf/math/pgfmathparser.code.tex
\pgfmath@dimen=\dimen175
\pgfmath@count=\count290
\pgfmath@box=\box56
\pgfmath@toks=\toks25
\pgfmath@stack@operand=\toks26
\pgfmath@stack@operation=\toks27
) (/usr/local/texlive/2022/texmf-dist/tex/generic/pgf/math/pgfmathfunctions.code.tex) (/usr/local/texlive/2022/texmf-dist/tex/generic/pgf/math/pgfmathfunctions.basic.code.tex) (/usr/local/texlive/2022/texmf-dist/tex/generic/pgf/math/pgfmathfunctions.trigonometric.code.tex) (/usr/local/texlive/2022/texmf-dist/tex/generic/pgf/math/pgfmathfunctions.random.code.tex) (/usr/local/texlive/2022/texmf-dist/tex/generic/pgf/math/pgfmathfunctions.comparison.code.tex) (/usr/local/texlive/2022/texmf-dist/tex/generic/pgf/math/pgfmathfunctions.base.code.tex) (/usr/local/texlive/2022/texmf-dist/tex/generic/pgf/math/pgfmathfunctions.round.code.tex) (/usr/local/texlive/2022/texmf-dist/tex/generic/pgf/math/pgfmathfunctions.misc.code.tex) (/usr/local/texlive/2022/texmf-dist/tex/generic/pgf/math/pgfmathfunctions.integerarithmetics.code.tex) (/usr/local/texlive/2022/texmf-dist/tex/generic/pgf/math/pgfmathcalc.code.tex) (/usr/local/texlive/2022/texmf-dist/tex/generic/pgf/math/pgfmathfloat.code.tex
\c@pgfmathroundto@lastzeros=\count291
)) (/usr/local/texlive/2022/texmf-dist/tex/generic/pgf/math/pgfint.code.tex) (/usr/local/texlive/2022/texmf-dist/tex/generic/pgf/basiclayer/pgfcorepoints.code.tex
File: pgfcorepoints.code.tex 2023-01-15 v3.1.10 (3.1.10)
\pgf@picminx=\dimen176
\pgf@picmaxx=\dimen177
\pgf@picminy=\dimen178
\pgf@picmaxy=\dimen179
\pgf@pathminx=\dimen180
\pgf@pathmaxx=\dimen181
\pgf@pathminy=\dimen182
\pgf@pathmaxy=\dimen183
\pgf@xx=\dimen184
\pgf@xy=\dimen185
\pgf@yx=\dimen186
\pgf@yy=\dimen187
\pgf@zx=\dimen188
\pgf@zy=\dimen189
) (/usr/local/texlive/2022/texmf-dist/tex/generic/pgf/basiclayer/pgfcorepathconstruct.code.tex
File: pgfcorepathconstruct.code.tex 2023-01-15 v3.1.10 (3.1.10)
\pgf@path@lastx=\dimen190
\pgf@path@lasty=\dimen191
) (/usr/local/texlive/2022/texmf-dist/tex/generic/pgf/basiclayer/pgfcorepathusage.code.tex
File: pgfcorepathusage.code.tex 2023-01-15 v3.1.10 (3.1.10)
\pgf@shorten@end@additional=\dimen192
\pgf@shorten@start@additional=\dimen193
) (/usr/local/texlive/2022/texmf-dist/tex/generic/pgf/basiclayer/pgfcorescopes.code.tex
File: pgfcorescopes.code.tex 2023-01-15 v3.1.10 (3.1.10)
\pgfpic=\box57
\pgf@hbox=\box58
\pgf@layerbox@main=\box59
\pgf@picture@serial@count=\count292
) (/usr/local/texlive/2022/texmf-dist/tex/generic/pgf/basiclayer/pgfcoregraphicstate.code.tex
File: pgfcoregraphicstate.code.tex 2023-01-15 v3.1.10 (3.1.10)
\pgflinewidth=\dimen194
) (/usr/local/texlive/2022/texmf-dist/tex/generic/pgf/basiclayer/pgfcoretransformations.code.tex
File: pgfcoretransformations.code.tex 2023-01-15 v3.1.10 (3.1.10)
\pgf@pt@x=\dimen195
\pgf@pt@y=\dimen196
\pgf@pt@temp=\dimen197
) (/usr/local/texlive/2022/texmf-dist/tex/generic/pgf/basiclayer/pgfcorequick.code.tex
File: pgfcorequick.code.tex 2023-01-15 v3.1.10 (3.1.10)
) (/usr/local/texlive/2022/texmf-dist/tex/generic/pgf/basiclayer/pgfcoreobjects.code.tex
File: pgfcoreobjects.code.tex 2023-01-15 v3.1.10 (3.1.10)
) (/usr/local/texlive/2022/texmf-dist/tex/generic/pgf/basiclayer/pgfcorepathprocessing.code.tex
File: pgfcorepathprocessing.code.tex 2023-01-15 v3.1.10 (3.1.10)
) (/usr/local/texlive/2022/texmf-dist/tex/generic/pgf/basiclayer/pgfcorearrows.code.tex
File: pgfcorearrows.code.tex 2023-01-15 v3.1.10 (3.1.10)
\pgfarrowsep=\dimen198
) (/usr/local/texlive/2022/texmf-dist/tex/generic/pgf/basiclayer/pgfcoreshade.code.tex
File: pgfcoreshade.code.tex 2023-01-15 v3.1.10 (3.1.10)
\pgf@max=\dimen199
\pgf@sys@shading@range@num=\count293
\pgf@shadingcount=\count294
) (/usr/local/texlive/2022/texmf-dist/tex/generic/pgf/basiclayer/pgfcoreimage.code.tex
File: pgfcoreimage.code.tex 2023-01-15 v3.1.10 (3.1.10)
) (/usr/local/texlive/2022/texmf-dist/tex/generic/pgf/basiclayer/pgfcoreexternal.code.tex
File: pgfcoreexternal.code.tex 2023-01-15 v3.1.10 (3.1.10)
\pgfexternal@startupbox=\box60
) (/usr/local/texlive/2022/texmf-dist/tex/generic/pgf/basiclayer/pgfcorelayers.code.tex
File: pgfcorelayers.code.tex 2023-01-15 v3.1.10 (3.1.10)
) (/usr/local/texlive/2022/texmf-dist/tex/generic/pgf/basiclayer/pgfcoretransparency.code.tex
File: pgfcoretransparency.code.tex 2023-01-15 v3.1.10 (3.1.10)
) (/usr/local/texlive/2022/texmf-dist/tex/generic/pgf/basiclayer/pgfcorepatterns.code.tex
File: pgfcorepatterns.code.tex 2023-01-15 v3.1.10 (3.1.10)
) (/usr/local/texlive/2022/texmf-dist/tex/generic/pgf/basiclayer/pgfcorerdf.code.tex
File: pgfcorerdf.code.tex 2023-01-15 v3.1.10 (3.1.10)
))) (/usr/local/texlive/2022/texmf-dist/tex/generic/pgf/modules/pgfmoduleshapes.code.tex
File: pgfmoduleshapes.code.tex 2023-01-15 v3.1.10 (3.1.10)
\pgfnodeparttextbox=\box61
) (/usr/local/texlive/2022/texmf-dist/tex/generic/pgf/modules/pgfmoduleplot.code.tex
File: pgfmoduleplot.code.tex 2023-01-15 v3.1.10 (3.1.10)
) (/usr/local/texlive/2022/texmf-dist/tex/latex/pgf/compatibility/pgfcomp-version-0-65.sty
Package: pgfcomp-version-0-65 2023-01-15 v3.1.10 (3.1.10)
\pgf@nodesepstart=\dimen256
\pgf@nodesepend=\dimen257
) (/usr/local/texlive/2022/texmf-dist/tex/latex/pgf/compatibility/pgfcomp-version-1-18.sty
Package: pgfcomp-version-1-18 2023-01-15 v3.1.10 (3.1.10)
)) (/usr/local/texlive/2022/texmf-dist/tex/latex/tools/verbatim.sty
Package: verbatim 2022-07-02 v1.5u LaTeX2e package for verbatim enhancements
\every@verbatim=\toks28
\verbatim@line=\toks29
\verbatim@in@stream=\read3
) (/usr/local/texlive/2022/texmf-dist/tex/latex/environ/environ.sty
Package: environ 2014/05/04 v0.3 A new way to define environments
 (/usr/local/texlive/2022/texmf-dist/tex/latex/trimspaces/trimspaces.sty
Package: trimspaces 2009/09/17 v1.1 Trim spaces around a token list
)
\@envbody=\toks30
) (/usr/local/texlive/2022/texmf-dist/tex/latex/etoolbox/etoolbox.sty
Package: etoolbox 2020/10/05 v2.5k e-TeX tools for LaTeX (JAW)
\etb@tempcnta=\count295
)
\tcb@titlebox=\box62
\tcb@upperbox=\box63
\tcb@lowerbox=\box64
\tcb@phantombox=\box65
\c@tcbbreakpart=\count296
\c@tcblayer=\count297
\c@tcolorbox@number=\count298
\tcb@temp=\box66
\tcb@temp=\box67
\tcb@temp=\box68
\tcb@temp=\box69
 (/usr/local/texlive/2022/texmf-dist/tex/latex/tcolorbox/tcbraster.code.tex
Library (tcolorbox): 'tcbraster.code.tex' version '5.1.1'
\c@tcbrastercolumn=\count299
\c@tcbrasterrow=\count300
\c@tcbrasternum=\count301
\c@tcbraster=\count302
) (/usr/local/texlive/2022/texmf-dist/tex/latex/tcolorbox/tcbskins.code.tex
Library (tcolorbox): 'tcbskins.code.tex' version '5.1.1'
(/usr/local/texlive/2022/texmf-dist/tex/latex/pgf/frontendlayer/tikz.sty (/usr/local/texlive/2022/texmf-dist/tex/latex/pgf/utilities/pgffor.sty (/usr/local/texlive/2022/texmf-dist/tex/latex/pgf/utilities/pgfkeys.sty (/usr/local/texlive/2022/texmf-dist/tex/generic/pgf/utilities/pgfkeys.code.tex)) (/usr/local/texlive/2022/texmf-dist/tex/latex/pgf/math/pgfmath.sty (/usr/local/texlive/2022/texmf-dist/tex/generic/pgf/math/pgfmath.code.tex)) (/usr/local/texlive/2022/texmf-dist/tex/generic/pgf/utilities/pgffor.code.tex
Package: pgffor 2023-01-15 v3.1.10 (3.1.10)
\pgffor@iter=\dimen258
\pgffor@skip=\dimen259
\pgffor@stack=\toks31
\pgffor@toks=\toks32
)) (/usr/local/texlive/2022/texmf-dist/tex/generic/pgf/frontendlayer/tikz/tikz.code.tex
Package: tikz 2023-01-15 v3.1.10 (3.1.10)
 (/usr/local/texlive/2022/texmf-dist/tex/generic/pgf/libraries/pgflibraryplothandlers.code.tex
File: pgflibraryplothandlers.code.tex 2023-01-15 v3.1.10 (3.1.10)
\pgf@plot@mark@count=\count303
\pgfplotmarksize=\dimen260
)
\tikz@lastx=\dimen261
\tikz@lasty=\dimen262
\tikz@lastxsaved=\dimen263
\tikz@lastysaved=\dimen264
\tikz@lastmovetox=\dimen265
\tikz@lastmovetoy=\dimen266
\tikzleveldistance=\dimen267
\tikzsiblingdistance=\dimen268
\tikz@figbox=\box70
\tikz@figbox@bg=\box71
\tikz@tempbox=\box72
\tikz@tempbox@bg=\box73
\tikztreelevel=\count304
\tikznumberofchildren=\count305
\tikznumberofcurrentchild=\count306
\tikz@fig@count=\count307
 (/usr/local/texlive/2022/texmf-dist/tex/generic/pgf/modules/pgfmodulematrix.code.tex
File: pgfmodulematrix.code.tex 2023-01-15 v3.1.10 (3.1.10)
\pgfmatrixcurrentrow=\count308
\pgfmatrixcurrentcolumn=\count309
\pgf@matrix@numberofcolumns=\count310
)
\tikz@expandcount=\count311
 (/usr/local/texlive/2022/texmf-dist/tex/generic/pgf/frontendlayer/tikz/libraries/tikzlibrarytopaths.code.tex
File: tikzlibrarytopaths.code.tex 2023-01-15 v3.1.10 (3.1.10)
)))
\tcb@waterbox=\box74
 (/usr/local/texlive/2022/texmf-dist/tex/latex/tcolorbox/tcbskinsjigsaw.code.tex
Library (tcolorbox): 'tcbskinsjigsaw.code.tex' version '5.1.1'
)) (/usr/local/texlive/2022/texmf-dist/tex/latex/tcolorbox/tcbbreakable.code.tex
Library (tcolorbox): 'tcbbreakable.code.tex' version '5.1.1'
(/usr/local/texlive/2022/texmf-dist/tex/latex/pdfcol/pdfcol.sty
Package: pdfcol 2022-09-21 v1.7 Handle new color stacks for pdfTeX (HO)
Package pdfcol Info: Interface disabled because of missing PDF mode of pdfTeX.
)
Package pdfcol Info: pdfTeX's color stacks are not available.
\tcb@testbox=\box75
\tcb@totalupperbox=\box76
\tcb@totallowerbox=\box77
) (/usr/local/texlive/2022/texmf-dist/tex/latex/tcolorbox/tcbhooks.code.tex
Library (tcolorbox): 'tcbhooks.code.tex' version '5.1.1'
) (/usr/local/texlive/2022/texmf-dist/tex/latex/tcolorbox/tcbtheorems.code.tex
Library (tcolorbox): 'tcbtheorems.code.tex' version '5.1.1'
(/usr/local/texlive/2022/texmf-dist/tex/latex/amsmath/amsmath.sty
Package: amsmath 2022/04/08 v2.17n AMS math features
\@mathmargin=\skip62

For additional information on amsmath, use the `?' option.
(/usr/local/texlive/2022/texmf-dist/tex/latex/amsmath/amstext.sty
Package: amstext 2021/08/26 v2.01 AMS text
 (/usr/local/texlive/2022/texmf-dist/tex/latex/amsmath/amsgen.sty
File: amsgen.sty 1999/11/30 v2.0 generic functions
\@emptytoks=\toks33
\ex@=\dimen269
)) (/usr/local/texlive/2022/texmf-dist/tex/latex/amsmath/amsbsy.sty
Package: amsbsy 1999/11/29 v1.2d Bold Symbols
\pmbraise@=\dimen270
) (/usr/local/texlive/2022/texmf-dist/tex/latex/amsmath/amsopn.sty
Package: amsopn 2022/04/08 v2.04 operator names
)
\inf@bad=\count312
LaTeX Info: Redefining \frac on input line 234.
\uproot@=\count313
\leftroot@=\count314
LaTeX Info: Redefining \overline on input line 399.
LaTeX Info: Redefining \colon on input line 410.
\classnum@=\count315
\DOTSCASE@=\count316
LaTeX Info: Redefining \ldots on input line 496.
LaTeX Info: Redefining \dots on input line 499.
LaTeX Info: Redefining \cdots on input line 620.
\Mathstrutbox@=\box78
\strutbox@=\box79
LaTeX Info: Redefining \big on input line 722.
LaTeX Info: Redefining \Big on input line 723.
LaTeX Info: Redefining \bigg on input line 724.
LaTeX Info: Redefining \Bigg on input line 725.
\big@size=\dimen271
LaTeX Font Info:    Redeclaring font encoding OML on input line 743.
LaTeX Font Info:    Redeclaring font encoding OMS on input line 744.
\macc@depth=\count317
LaTeX Info: Redefining \bmod on input line 905.
LaTeX Info: Redefining \pmod on input line 910.
LaTeX Info: Redefining \smash on input line 940.
LaTeX Info: Redefining \relbar on input line 970.
LaTeX Info: Redefining \Relbar on input line 971.
\c@MaxMatrixCols=\count318
\dotsspace@=\muskip17
\c@parentequation=\count319
\dspbrk@lvl=\count320
\tag@help=\toks34
\row@=\count321
\column@=\count322
\maxfields@=\count323
\andhelp@=\toks35
\eqnshift@=\dimen272
\alignsep@=\dimen273
\tagshift@=\dimen274
\tagwidth@=\dimen275
\totwidth@=\dimen276
\lineht@=\dimen277
\@envbody=\toks36
\multlinegap=\skip63
\multlinetaggap=\skip64
\mathdisplay@stack=\toks37
LaTeX Info: Redefining \[ on input line 2953.
LaTeX Info: Redefining \] on input line 2954.
)) (/usr/local/texlive/2022/texmf-dist/tex/latex/tcolorbox/tcbfitting.code.tex
Library (tcolorbox): 'tcbfitting.code.tex' version '5.1.1'
\tcbfitdim=\dimen278
\tcb@lowerfitdim=\dimen279
\tcb@upperfitdim=\dimen280
\tcb@cur@hbadness=\count324
)) (/usr/local/texlive/2022/texmf-dist/tex/latex/base/fontenc.sty
Package: fontenc 2021/04/29 v2.0v Standard LaTeX package
LaTeX Font Info:    Trying to load font information for T1+lmr on input line 112.
 (/usr/local/texlive/2022/texmf-dist/tex/latex/lm/t1lmr.fd
File: t1lmr.fd 2015/05/01 v1.6.1 Font defs for Latin Modern
)) (/usr/local/texlive/2022/texmf-dist/tex/latex/lm/lmodern.sty
Package: lmodern 2015/05/01 v1.6.1 Latin Modern Fonts
LaTeX Font Info:    Overwriting symbol font `operators' in version `normal'
(Font)                  OT1/cmr/m/n --> OT1/lmr/m/n on input line 22.
LaTeX Font Info:    Overwriting symbol font `letters' in version `normal'
(Font)                  OML/cmm/m/it --> OML/lmm/m/it on input line 23.
LaTeX Font Info:    Overwriting symbol font `symbols' in version `normal'
(Font)                  OMS/cmsy/m/n --> OMS/lmsy/m/n on input line 24.
LaTeX Font Info:    Overwriting symbol font `largesymbols' in version `normal'
(Font)                  OMX/cmex/m/n --> OMX/lmex/m/n on input line 25.
LaTeX Font Info:    Overwriting symbol font `operators' in version `bold'
(Font)                  OT1/cmr/bx/n --> OT1/lmr/bx/n on input line 26.
LaTeX Font Info:    Overwriting symbol font `letters' in version `bold'
(Font)                  OML/cmm/b/it --> OML/lmm/b/it on input line 27.
LaTeX Font Info:    Overwriting symbol font `symbols' in version `bold'
(Font)                  OMS/cmsy/b/n --> OMS/lmsy/b/n on input line 28.
LaTeX Font Info:    Overwriting symbol font `largesymbols' in version `bold'
(Font)                  OMX/cmex/m/n --> OMX/lmex/m/n on input line 29.
LaTeX Font Info:    Overwriting math alphabet `\mathbf' in version `normal'
(Font)                  OT1/cmr/bx/n --> OT1/lmr/bx/n on input line 31.
LaTeX Font Info:    Overwriting math alphabet `\mathsf' in version `normal'
(Font)                  OT1/cmss/m/n --> OT1/lmss/m/n on input line 32.
LaTeX Font Info:    Overwriting math alphabet `\mathit' in version `normal'
(Font)                  OT1/cmr/m/it --> OT1/lmr/m/it on input line 33.
LaTeX Font Info:    Overwriting math alphabet `\mathtt' in version `normal'
(Font)                  OT1/cmtt/m/n --> OT1/lmtt/m/n on input line 34.
LaTeX Font Info:    Overwriting math alphabet `\mathbf' in version `bold'
(Font)                  OT1/cmr/bx/n --> OT1/lmr/bx/n on input line 35.
LaTeX Font Info:    Overwriting math alphabet `\mathsf' in version `bold'
(Font)                  OT1/cmss/bx/n --> OT1/lmss/bx/n on input line 36.
LaTeX Font Info:    Overwriting math alphabet `\mathit' in version `bold'
(Font)                  OT1/cmr/bx/it --> OT1/lmr/bx/it on input line 37.
LaTeX Font Info:    Overwriting math alphabet `\mathtt' in version `bold'
(Font)                  OT1/cmtt/m/n --> OT1/lmtt/m/n on input line 38.
) (/usr/local/texlive/2022/texmf-dist/tex/latex/jknapltx/mathrsfs.sty
Package: mathrsfs 1996/01/01 Math RSFS package v1.0 (jk)
\symrsfs=\mathgroup4
) (/usr/local/texlive/2022/texmf-dist/tex/latex/enumitem/enumitem.sty
Package: enumitem 2019/06/20 v3.9 Customized lists
\labelindent=\skip65
\enit@outerparindent=\dimen281
\enit@toks=\toks38
\enit@inbox=\box80
\enit@count@id=\count325
\enitdp@description=\count326
) (/usr/local/texlive/2022/texmf-dist/tex/latex/mathtools/mathtools.sty
Package: mathtools 2022/06/29 v1.29 mathematical typesetting tools
 (/usr/local/texlive/2022/texmf-dist/tex/latex/tools/calc.sty
Package: calc 2017/05/25 v4.3 Infix arithmetic (KKT,FJ)
\calc@Acount=\count327
\calc@Bcount=\count328
\calc@Adimen=\dimen282
\calc@Bdimen=\dimen283
\calc@Askip=\skip66
\calc@Bskip=\skip67
LaTeX Info: Redefining \setlength on input line 80.
LaTeX Info: Redefining \addtolength on input line 81.
\calc@Ccount=\count329
\calc@Cskip=\skip68
) (/usr/local/texlive/2022/texmf-dist/tex/latex/mathtools/mhsetup.sty
Package: mhsetup 2021/03/18 v1.4 programming setup (MH)
)
\g_MT_multlinerow_int=\count330
\l_MT_multwidth_dim=\dimen284
\origjot=\skip69
\l_MT_shortvdotswithinadjustabove_dim=\dimen285
\l_MT_shortvdotswithinadjustbelow_dim=\dimen286
\l_MT_above_intertext_sep=\dimen287
\l_MT_below_intertext_sep=\dimen288
\l_MT_above_shortintertext_sep=\dimen289
\l_MT_below_shortintertext_sep=\dimen290
\xmathstrut@box=\box81
\xmathstrut@dim=\dimen291
) (/usr/local/texlive/2022/texmf-dist/tex/latex/amscls/amsthm.sty
Package: amsthm 2020/05/29 v2.20.6
\thm@style=\toks39
\thm@bodyfont=\toks40
\thm@headfont=\toks41
\thm@notefont=\toks42
\thm@headpunct=\toks43
\thm@preskip=\skip70
\thm@postskip=\skip71
\thm@headsep=\skip72
\dth@everypar=\toks44
) (/usr/local/texlive/2022/texmf-dist/tex/latex/amsfonts/amssymb.sty
Package: amssymb 2013/01/14 v3.01 AMS font symbols
 (/usr/local/texlive/2022/texmf-dist/tex/latex/amsfonts/amsfonts.sty
Package: amsfonts 2013/01/14 v3.01 Basic AMSFonts support
\symAMSa=\mathgroup5
\symAMSb=\mathgroup6
LaTeX Font Info:    Redeclaring math symbol \hbar on input line 98.
LaTeX Font Info:    Overwriting math alphabet `\mathfrak' in version `bold'
(Font)                  U/euf/m/n --> U/euf/b/n on input line 106.
)) (/usr/local/texlive/2022/texmf-dist/tex/latex/tools/bm.sty
Package: bm 2022/01/05 v1.2f Bold Symbol Support (DPC/FMi)
\symboldoperators=\mathgroup7
\symboldletters=\mathgroup8
\symboldsymbols=\mathgroup9
Package bm Info: No bold for \OMX/lmex/m/n, using \pmb.
Package bm Info: No bold for \U/rsfs/m/n, using \pmb.
Package bm Info: No bold for \U/msa/m/n, using \pmb.
Package bm Info: No bold for \U/msb/m/n, using \pmb.
LaTeX Font Info:    Redeclaring math alphabet \mathbf on input line 149.
) (/usr/local/texlive/2022/texmf-dist/tex/latex/thmtools/thmtools.sty
Package: thmtools 2022/06/01 v0.73
\thmt@toks=\toks45
\c@thmt@dummyctr=\count331
 (/usr/local/texlive/2022/texmf-dist/tex/latex/thmtools/thm-patch.sty
Package: thm-patch 2022/06/01 v0.73
 (/usr/local/texlive/2022/texmf-dist/tex/latex/thmtools/parseargs.sty
Package: parseargs 2022/06/01 v0.73
\@parsespec=\toks46
)) (/usr/local/texlive/2022/texmf-dist/tex/latex/thmtools/thm-kv.sty
Package: thm-kv 2022/06/01 v0.73
Package thm-kv Info: Theorem names will be uppercased on input line 42.
Package thm-kv Info: kvsetkeys patch (v1.16 or later) on input line 158.
) (/usr/local/texlive/2022/texmf-dist/tex/latex/thmtools/thm-autoref.sty
Package: thm-autoref 2022/06/01 v0.73
 (/usr/local/texlive/2022/texmf-dist/tex/latex/thmtools/aliasctr.sty
Package: aliasctr 2022/06/01 v0.73
)) (/usr/local/texlive/2022/texmf-dist/tex/latex/thmtools/thm-listof.sty
Package: thm-listof 2022/06/01 v0.73
) (/usr/local/texlive/2022/texmf-dist/tex/latex/thmtools/thm-restate.sty
Package: thm-restate 2022/06/01 v0.73
) (/usr/local/texlive/2022/texmf-dist/tex/latex/thmtools/thm-amsthm.sty
Package: thm-amsthm 2022/06/01 v0.73
\thmt@style@headstyle=\toks47
)) (/usr/local/texlive/2022/texmf-dist/tex/latex/tools/array.sty
Package: array 2022/09/04 v2.5g Tabular extension package (FMi)
\col@sep=\dimen292
\ar@mcellbox=\box82
\extrarowheight=\dimen293
\NC@list=\toks48
\extratabsurround=\skip73
\backup@length=\skip74
\ar@cellbox=\box83
) (/usr/local/texlive/2022/texmf-dist/tex/latex/tools/tabularx.sty
Package: tabularx 2020/01/15 v2.11c `tabularx' package (DPC)
\TX@col@width=\dimen294
\TX@old@table=\dimen295
\TX@old@col=\dimen296
\TX@target=\dimen297
\TX@delta=\dimen298
\TX@cols=\count332
\TX@ftn=\toks49
) (/usr/local/texlive/2022/texmf-dist/tex/latex/booktabs/booktabs.sty
Package: booktabs 2020/01/12 v1.61803398 Publication quality tables
\heavyrulewidth=\dimen299
\lightrulewidth=\dimen300
\cmidrulewidth=\dimen301
\belowrulesep=\dimen302
\belowbottomsep=\dimen303
\aboverulesep=\dimen304
\abovetopsep=\dimen305
\cmidrulesep=\dimen306
\cmidrulekern=\dimen307
\defaultaddspace=\dimen308
\@cmidla=\count333
\@cmidlb=\count334
\@aboverulesep=\dimen309
\@belowrulesep=\dimen310
\@thisruleclass=\count335
\@lastruleclass=\count336
\@thisrulewidth=\dimen311
) (/usr/local/texlive/2022/texmf-dist/tex/latex/wrapfig/wrapfig.sty
\wrapoverhang=\dimen312
\WF@size=\dimen313
\c@WF@wrappedlines=\count337
\WF@box=\box84
\WF@everypar=\toks50
Package: wrapfig 2003/01/31  v 3.6
) (/usr/local/texlive/2022/texmf-dist/tex/latex/float/float.sty
Package: float 2001/11/08 v1.3d Float enhancements (AL)
\c@float@type=\count338
\float@exts=\toks51
\float@box=\box85
\@float@everytoks=\toks52
\@floatcapt=\box86
) (/usr/local/texlive/2022/texmf-dist/tex/latex/setspace/setspace.sty
Package: setspace 2022/12/04 v6.7b set line spacing
) (/usr/local/texlive/2022/texmf-dist/tex/latex/tools/multicol.sty
Package: multicol 2021/11/30 v1.9d multicolumn formatting (FMi)
\c@tracingmulticols=\count339
\mult@box=\box87
\multicol@leftmargin=\dimen314
\c@unbalance=\count340
\c@collectmore=\count341
\doublecol@number=\count342
\multicoltolerance=\count343
\multicolpretolerance=\count344
\full@width=\dimen315
\page@free=\dimen316
\premulticols=\dimen317
\postmulticols=\dimen318
\multicolsep=\skip75
\multicolbaselineskip=\skip76
\partial@page=\box88
\last@line=\box89
\maxbalancingoverflow=\dimen319
\mult@rightbox=\box90
\mult@grightbox=\box91
\mult@firstbox=\box92
\mult@gfirstbox=\box93
\@tempa=\box94
\@tempa=\box95
\@tempa=\box96
\@tempa=\box97
\@tempa=\box98
\@tempa=\box99
\@tempa=\box100
\@tempa=\box101
\@tempa=\box102
\@tempa=\box103
\@tempa=\box104
\@tempa=\box105
\@tempa=\box106
\@tempa=\box107
\@tempa=\box108
\@tempa=\box109
\@tempa=\box110
\@tempa=\box111
\@tempa=\box112
\@tempa=\box113
\@tempa=\box114
\@tempa=\box115
\@tempa=\box116
\@tempa=\box117
\@tempa=\box118
\@tempa=\box119
\@tempa=\box120
\@tempa=\box121
\@tempa=\box122
\@tempa=\box123
\@tempa=\box124
\@tempa=\box125
\@tempa=\box126
\@tempa=\box127
\@tempa=\box128
\@tempa=\box129
\c@minrows=\count345
\c@columnbadness=\count346
\c@finalcolumnbadness=\count347
\last@try=\dimen320
\multicolovershoot=\dimen321
\multicolundershoot=\dimen322
\mult@nat@firstbox=\box130
\colbreak@box=\box131
\mc@col@check@num=\count348
) (/usr/local/texlive/2022/texmf-dist/tex/latex/physics/physics.sty
Package: physics 
)
\myoddoffset=\skip77
\spacelength=\skip78
\c@theorem=\count349
\c@proof=\count350
\c@Intuition=\count351
\c@ques=\count352
\c@definition=\count353
\c@lemma=\count354
\c@axiom=\count355
\c@principle=\count356
\c@intu=\count357
\c@solu=\count358
\c@remark=\count359
\c@example=\count360
\auth@toks=\toks53
\affil@toks=\toks54
\email@toks=\toks55
\c@email@counter=\count361
\affiliationsSep=\skip79
LaTeX Font Info:    Trying to load font information for OT1+phv on input line 403.
 (/usr/local/texlive/2022/texmf-dist/tex/latex/psnfss/ot1phv.fd
File: ot1phv.fd 2020/03/25 scalable font definitions for OT1/phv.
) (/usr/local/texlive/2022/texmf-dist/tex/latex/titlesec/titlesec.sty
Package: titlesec 2021/07/05 v2.14 Sectioning titles
\ttl@box=\box132
\beforetitleunit=\skip80
\aftertitleunit=\skip81
\ttl@plus=\dimen323
\ttl@minus=\dimen324
\ttl@toksa=\toks56
\titlewidth=\dimen325
\titlewidthlast=\dimen326
\titlewidthfirst=\dimen327
) (/usr/local/texlive/2022/texmf-dist/tex/latex/chngcntr/chngcntr.sty
Package: chngcntr 2018/04/09 v1.1a change counter resetting
Package chngcntr Info: \counterwithout already defined.
(chngcntr)             Quitting chngcntr on input line 21.
)
\c@exercise=\count362
 (/usr/local/texlive/2022/texmf-dist/tex/latex/listings/listings.sty
\lst@mode=\count363
\lst@gtempboxa=\box133
\lst@token=\toks57
\lst@length=\count364
\lst@currlwidth=\dimen328
\lst@column=\count365
\lst@pos=\count366
\lst@lostspace=\dimen329
\lst@width=\dimen330
\lst@newlines=\count367
\lst@lineno=\count368
\lst@maxwidth=\dimen331
 (/usr/local/texlive/2022/texmf-dist/tex/latex/listings/lstmisc.sty
File: lstmisc.sty 2020/03/24 1.8d (Carsten Heinz)
\c@lstnumber=\count369
\lst@skipnumbers=\count370
\lst@framebox=\box134
) (/usr/local/texlive/2022/texmf-dist/tex/latex/listings/listings.cfg
File: listings.cfg 2020/03/24 1.8d listings configuration
))
Package: listings 2020/03/24 1.8d (Carsten Heinz)
 (/usr/local/texlive/2022/texmf-dist/tex/latex/marvosym/marvosym.sty
Package: marvosym 2011/07/20 v2.2 Martin Vogel's Symbols font definitions
) (/usr/local/texlive/2022/texmf-dist/tex/latex/listings/lstlang1.sty
File: lstlang1.sty 2020/03/24 1.8d listings language file
) (/usr/local/texlive/2022/texmf-dist/tex/latex/listings/lstmisc.sty
File: lstmisc.sty 2020/03/24 1.8d (Carsten Heinz)
)) (/usr/local/texlive/2022/texmf-dist/tex/latex/lipsum/lipsum.sty
Package: lipsum 2021-09-20 v2.7 150 paragraphs of Lorem Ipsum dummy text
\g__lipsum_par_int=\count371
\l__lipsum_a_int=\count372
\l__lipsum_b_int=\count373
 (/usr/local/texlive/2022/texmf-dist/tex/latex/lipsum/lipsum.ltd.tex)) (/usr/local/texlive/2022/texmf-dist/tex/latex/ctex/ctex.sty
Package: ctex 2022/07/14 v2.5.10 Chinese adapter in LaTeX (CTEX)
 (/usr/local/texlive/2022/texmf-dist/tex/latex/ctex/ctexhook.sty
Package: ctexhook 2022/07/14 v2.5.10 Document and package hooks (CTEX)
) (/usr/local/texlive/2022/texmf-dist/tex/latex/ctex/ctexpatch.sty
Package: ctexpatch 2022/07/14 v2.5.10 Patching commands (CTEX)
) (/usr/local/texlive/2022/texmf-dist/tex/latex/base/fix-cm.sty
Package: fix-cm 2020/11/24 v1.1t fixes to LaTeX
 (/usr/local/texlive/2022/texmf-dist/tex/latex/base/ts1enc.def
File: ts1enc.def 2001/06/05 v3.0e (jk/car/fm) Standard LaTeX file
LaTeX Font Info:    Redeclaring font encoding TS1 on input line 47.
))
\l__ctex_tmp_int=\count374
\l__ctex_tmp_box=\box135
\l__ctex_tmp_dim=\dimen332
\g__ctex_section_depth_int=\count375
\g__ctex_font_size_int=\count376
 (/usr/local/texlive/2022/texmf-dist/tex/latex/ctex/config/ctexopts.cfg
File: ctexopts.cfg 2022/07/14 v2.5.10 Option configuration file (CTEX)
) (/usr/local/texlive/2022/texmf-dist/tex/latex/ctex/engine/ctex-engine-xetex.def
File: ctex-engine-xetex.def 2022/07/14 v2.5.10 XeLaTeX adapter (CTEX)
 (/usr/local/texlive/2022/texmf-dist/tex/xelatex/xecjk/xeCJK.sty
Package: xeCJK 2022/08/05 v3.9.1 Typesetting CJK scripts with XeLaTeX
 (/usr/local/texlive/2022/texmf-dist/tex/latex/l3packages/xtemplate/xtemplate.sty
Package: xtemplate 2023-01-16 L3 Experimental prototype document functions
\l__xtemplate_tmp_dim=\dimen333
\l__xtemplate_tmp_int=\count377
\l__xtemplate_tmp_muskip=\muskip18
\l__xtemplate_tmp_skip=\skip82
)
\l__xeCJK_tmp_int=\count378
\l__xeCJK_tmp_box=\box136
\l__xeCJK_tmp_dim=\dimen334
\l__xeCJK_tmp_skip=\skip83
\g__xeCJK_space_factor_int=\count379
\l__xeCJK_begin_int=\count380
\l__xeCJK_end_int=\count381
\c__xeCJK_CJK_class_int=\XeTeXcharclass1
\c__xeCJK_FullLeft_class_int=\XeTeXcharclass2
\c__xeCJK_FullRight_class_int=\XeTeXcharclass3
\c__xeCJK_HalfLeft_class_int=\XeTeXcharclass4
\c__xeCJK_HalfRight_class_int=\XeTeXcharclass5
\c__xeCJK_NormalSpace_class_int=\XeTeXcharclass6
\c__xeCJK_CM_class_int=\XeTeXcharclass7
\c__xeCJK_HangulJamo_class_int=\XeTeXcharclass8
\l__xeCJK_last_skip=\skip84
\c__xeCJK_none_node=\count382
\g__xeCJK_node_int=\count383
\c__xeCJK_CJK_node_dim=\dimen335
\c__xeCJK_CJK-space_node_dim=\dimen336
\c__xeCJK_default_node_dim=\dimen337
\c__xeCJK_CJK-widow_node_dim=\dimen338
\c__xeCJK_normalspace_node_dim=\dimen339
\c__xeCJK_default-space_node_skip=\skip85
\l__xeCJK_ccglue_skip=\skip86
\l__xeCJK_ecglue_skip=\skip87
\l__xeCJK_punct_kern_skip=\skip88
\l__xeCJK_indent_box=\box137
\l__xeCJK_last_penalty_int=\count384
\l__xeCJK_last_bound_dim=\dimen340
\l__xeCJK_last_kern_dim=\dimen341
\l__xeCJK_widow_penalty_int=\count385

Package xtemplate Info: Declaring object type 'xeCJK/punctuation' taking 0
(xtemplate)             argument(s) on line 2396.

\l__xeCJK_fixed_punct_width_dim=\dimen342
\l__xeCJK_mixed_punct_width_dim=\dimen343
\l__xeCJK_middle_punct_width_dim=\dimen344
\l__xeCJK_fixed_margin_width_dim=\dimen345
\l__xeCJK_mixed_margin_width_dim=\dimen346
\l__xeCJK_middle_margin_width_dim=\dimen347
\l__xeCJK_bound_punct_width_dim=\dimen348
\l__xeCJK_bound_margin_width_dim=\dimen349
\l__xeCJK_margin_minimum_dim=\dimen350
\l__xeCJK_kerning_total_width_dim=\dimen351
\l__xeCJK_same_align_margin_dim=\dimen352
\l__xeCJK_different_align_margin_dim=\dimen353
\l__xeCJK_kerning_margin_width_dim=\dimen354
\l__xeCJK_kerning_margin_minimum_dim=\dimen355
\l__xeCJK_bound_dim=\dimen356
\l__xeCJK_reverse_bound_dim=\dimen357
\l__xeCJK_margin_dim=\dimen358
\l__xeCJK_minimum_bound_dim=\dimen359
\l__xeCJK_kerning_margin_dim=\dimen360
\g__xeCJK_family_int=\count386
\l__xeCJK_fam_int=\count387
\g__xeCJK_fam_allocation_int=\count388
\l__xeCJK_verb_case_int=\count389
\l__xeCJK_verb_exspace_skip=\skip89
 (/usr/local/texlive/2022/texmf-dist/tex/latex/fontspec/fontspec.sty
Package: fontspec 2022/01/15 v2.8a Font selection for XeLaTeX and LuaLaTeX
 (/usr/local/texlive/2022/texmf-dist/tex/latex/fontspec/fontspec-xetex.sty
Package: fontspec-xetex 2022/01/15 v2.8a Font selection for XeLaTeX and LuaLaTeX
\l__fontspec_script_int=\count390
\l__fontspec_language_int=\count391
\l__fontspec_strnum_int=\count392
\l__fontspec_tmp_int=\count393
\l__fontspec_tmpa_int=\count394
\l__fontspec_tmpb_int=\count395
\l__fontspec_tmpc_int=\count396
\l__fontspec_em_int=\count397
\l__fontspec_emdef_int=\count398
\l__fontspec_strong_int=\count399
\l__fontspec_strongdef_int=\count400
\l__fontspec_tmpa_dim=\dimen361
\l__fontspec_tmpb_dim=\dimen362
\l__fontspec_tmpc_dim=\dimen363
 (/usr/local/texlive/2022/texmf-dist/tex/latex/base/fontenc.sty
Package: fontenc 2021/04/29 v2.0v Standard LaTeX package
) (/usr/local/texlive/2022/texmf-dist/tex/latex/fontspec/fontspec.cfg))) (/usr/local/texlive/2022/texmf-dist/tex/xelatex/xecjk/xeCJK-listings.sty
Package: xeCJK-listings 2022/08/05 v3.9.1 xeCJK patch file for listings
\l__xeCJK_listings_max_char_int=\count401
\l__xeCJK_listings_flag_int=\count402
) (/usr/local/texlive/2022/texmf-dist/tex/xelatex/xecjk/xeCJK.cfg
File: xeCJK.cfg 2022/08/05 v3.9.1 Configuration file for xeCJK package
))
\ccwd=\dimen364
\l__ctex_ccglue_skip=\skip90
)
\l__ctex_ziju_dim=\dimen365
 (/usr/local/texlive/2022/texmf-dist/tex/latex/zhnumber/zhnumber.sty
Package: zhnumber 2022/07/14 v3.0 Typesetting numbers with Chinese glyphs
\l__zhnum_scale_int=\count403
\l__zhnum_tmp_int=\count404
 (/usr/local/texlive/2022/texmf-dist/tex/latex/zhnumber/zhnumber-utf8.cfg
File: zhnumber-utf8.cfg 2022/07/14 v3.0 Chinese numerals with UTF8 encoding
)) (/usr/local/texlive/2022/texmf-dist/tex/latex/ctex/scheme/ctex-scheme-chinese.def
File: ctex-scheme-chinese.def 2022/07/14 v2.5.10 Chinese scheme for generic (CTEX)
 (/usr/local/texlive/2022/texmf-dist/tex/latex/ctex/config/ctex-name-utf8.cfg
File: ctex-name-utf8.cfg 2022/07/14 v2.5.10 Caption with encoding UTF-8 (CTEX)
)) (/usr/local/texlive/2022/texmf-dist/tex/latex/tools/indentfirst.sty
Package: indentfirst 1995/11/23 v1.03 Indent first paragraph (DPC)
) (/usr/local/texlive/2022/texmf-dist/tex/latex/ctex/fontset/ctex-fontset-mac.def
File: ctex-fontset-mac.def 2022/07/14 v2.5.10 macOS fonts definition (CTEX)
 (/usr/local/texlive/2022/texmf-dist/tex/latex/ctex/fontset/ctex-fontset-macnew.def
File: ctex-fontset-macnew.def 2022/07/14 v2.5.10 macOS fonts definition for El Capitan or later version (CTEX)


Package fontspec Warning: Font "Songti SC Light" does not contain requested
(fontspec)                Script "CJK".


Package fontspec Info: Font family 'SongtiSCLight(0)' created for font 'Songti
(fontspec)             SC Light' with options
(fontspec)             [Script={CJK},BoldItalicFont={Kaiti SC
(fontspec)             Bold},BoldFont={Songti SC Bold},ItalicFont={Kaiti SC}].
(fontspec)              
(fontspec)              This font family consists of the following NFSS
(fontspec)             series/shapes:
(fontspec)              
(fontspec)             - 'normal' (m/n) with NFSS spec.: <->"Songti SC
(fontspec)             Light/OT:language=dflt;"
(fontspec)             - 'small caps'  (m/sc) with NFSS spec.: 
(fontspec)             - 'bold' (b/n) with NFSS spec.: <->"Songti SC
(fontspec)             Bold/OT:language=dflt;"
(fontspec)             - 'bold small caps'  (b/sc) with NFSS spec.: 
(fontspec)             - 'italic' (m/it) with NFSS spec.: <->"Kaiti
(fontspec)             SC/OT:language=dflt;"
(fontspec)             - 'italic small caps'  (m/scit) with NFSS spec.: 
(fontspec)             - 'bold italic' (b/it) with NFSS spec.: <->"Kaiti SC
(fontspec)             Bold/OT:language=dflt;"
(fontspec)             - 'bold italic small caps'  (b/scit) with NFSS spec.: 

))) (/usr/local/texlive/2022/texmf-dist/tex/latex/ctex/config/ctex.cfg
File: ctex.cfg 2022/07/14 v2.5.10 Configuration file (CTEX)
) (./main.aux (./c-review/c-review.aux) (./recursion/recursion.aux) (./opt-search/opt-search.aux) (./graph/graph.aux) (./count-intro/count-intro.aux) (./dp/dp.aux) (./ntheory/ntheory.aux) (./comb/comb.aux) (./seg-tree/seg-tree.aux))
\openout1 = `main.aux'.

LaTeX Font Info:    Checking defaults for OML/cmm/m/it on input line 6.
LaTeX Font Info:    ... okay on input line 6.
LaTeX Font Info:    Checking defaults for OMS/cmsy/m/n on input line 6.
LaTeX Font Info:    ... okay on input line 6.
LaTeX Font Info:    Checking defaults for OT1/cmr/m/n on input line 6.
LaTeX Font Info:    ... okay on input line 6.
LaTeX Font Info:    Checking defaults for T1/cmr/m/n on input line 6.
LaTeX Font Info:    ... okay on input line 6.
LaTeX Font Info:    Checking defaults for TS1/cmr/m/n on input line 6.
LaTeX Font Info:    ... okay on input line 6.
LaTeX Font Info:    Checking defaults for TU/lmr/m/n on input line 6.
LaTeX Font Info:    ... okay on input line 6.
LaTeX Font Info:    Checking defaults for OMX/cmex/m/n on input line 6.
LaTeX Font Info:    ... okay on input line 6.
LaTeX Font Info:    Checking defaults for U/cmr/m/n on input line 6.
LaTeX Font Info:    ... okay on input line 6.
LaTeX Font Info:    Checking defaults for PD1/pdf/m/n on input line 6.
LaTeX Font Info:    ... okay on input line 6.
LaTeX Font Info:    Checking defaults for PU/pdf/m/n on input line 6.
LaTeX Font Info:    ... okay on input line 6.
Package hyperref Info: Link coloring ON on input line 6.
 (./main.out) (./main.out)
\@outlinefile=\write4
\openout4 = `main.out'.

Package caption Info: Begin \AtBeginDocument code.
Package caption Info: changepage package is loaded.
\caption@adjustwidth@hsize=\dimen366
\caption@adjustwidth@linewidth=\dimen367
Package caption Info: float package is loaded.
Package caption Info: listings package is loaded.
Package caption Info: wrapfig package is loaded.
Package caption Info: End \AtBeginDocument code.
\@sidenotes@extrawidth=\skip91

*geometry* driver: auto-detecting
*geometry* detected driver: xetex
*geometry* verbose mode - [ preamble ] result:
* driver: xetex
* paper: custom
* layout: <same size as paper>
* layoutoffset:(h,v)=(0.0pt,0.0pt)
* modes: 
* h-part:(L,W,R)=(67.57281pt, 380.8599pt, 165.86229pt)
* v-part:(T,H,B)=(65.18811pt, 631.99968pt, 97.7822pt)
* \paperwidth=614.295pt
* \paperheight=794.96999pt
* \textwidth=380.8599pt
* \textheight=641.99968pt
* \oddsidemargin=-4.69717pt
* \evensidemargin=-4.69717pt
* \topmargin=39.75092pt
* \headheight=15.90279pt
* \headsep=23.84811pt
* \topskip=10.0pt
* \footskip=20.0pt
* \marginparwidth=122.85712pt
* \marginparsep=12.28851pt
* \columnsep=10.0pt
* \skip\footins=9.0pt plus 4.0pt minus 2.0pt
* \hoffset=0.0pt
* \voffset=-72.26999pt
* \mag=1000
* \@twocolumnfalse
* \@twosidefalse
* \@mparswitchfalse
* \@reversemarginfalse
* (1in=72.27pt=25.4mm, 1cm=28.453pt)

\c@lstlisting=\count405
*geometry* verbose mode - [ newgeometry ] result:
* driver: xetex
* paper: custom
* layout: <same size as paper>
* layoutoffset:(h,v)=(0.0pt,0.0pt)
* modes: 
* h-part:(L,W,R)=(61.42856pt, 491.43787pt, 61.42857pt)
* v-part:(T,H,B)=(95.39737pt, 556.47656pt, 143.09605pt)
* \paperwidth=614.295pt
* \paperheight=794.96999pt
* \textwidth=491.43787pt
* \textheight=556.47656pt
* \oddsidemargin=-10.84143pt
* \evensidemargin=-10.84143pt
* \topmargin=-16.62352pt
* \headheight=15.90279pt
* \headsep=23.84811pt
* \topskip=10.0pt
* \footskip=20.0pt
* \marginparwidth=0.0pt
* \marginparsep=0.0pt
* \columnsep=10.0pt
* \skip\footins=9.0pt plus 4.0pt minus 2.0pt
* \hoffset=0.0pt
* \voffset=0.0pt
* \mag=1000
* \@twocolumnfalse
* \@twosidefalse
* \@mparswitchfalse
* \@reversemarginfalse
* (1in=72.27pt=25.4mm, 1cm=28.453pt)


Package fontspec Info: Could not resolve font "PingFang SC/I" (it probably
(fontspec)             doesn't exist).


Package fontspec Info: Font family 'PingFangSC(0)' created for font 'PingFang
(fontspec)             SC' with options [Script={CJK}].
(fontspec)              
(fontspec)              This font family consists of the following NFSS
(fontspec)             series/shapes:
(fontspec)              
(fontspec)             - 'normal' (m/n) with NFSS spec.: <->"PingFang
(fontspec)             SC/OT:script=hani;language=dflt;"
(fontspec)             - 'small caps'  (m/sc) with NFSS spec.: 
(fontspec)             - 'bold' (b/n) with NFSS spec.: <->"PingFang
(fontspec)             SC/B/OT:script=hani;language=dflt;"
(fontspec)             - 'bold small caps'  (b/sc) with NFSS spec.: 
(fontspec)             - 'bold italic' (b/it) with NFSS spec.: <->"PingFang
(fontspec)             SC/BI/OT:script=hani;language=dflt;"
(fontspec)             - 'bold italic small caps'  (b/scit) with NFSS spec.: 


LaTeX Font Warning: Font shape `TU/SongtiSCLight(0)/m/sc' undefined
(Font)              using `TU/SongtiSCLight(0)/m/n' instead on input line 24.


Underfull \hbox (badness 10000) in paragraph at lines 24--24

 []


Underfull \hbox (badness 10000) in paragraph at lines 24--24

 []


Package fontspec Warning: Font "STFangsong" does not contain requested Script
(fontspec)                "CJK".


Package fontspec Info: Could not resolve font "STFangsong/BI" (it probably
(fontspec)             doesn't exist).


Package fontspec Info: Could not resolve font "STFangsong/B" (it probably
(fontspec)             doesn't exist).


Package fontspec Info: Could not resolve font "STFangsong/I" (it probably
(fontspec)             doesn't exist).


Package fontspec Info: Font family 'STFangsong(0)' created for font
(fontspec)             'STFangsong' with options [Script={CJK}].
(fontspec)              
(fontspec)              This font family consists of the following NFSS
(fontspec)             series/shapes:
(fontspec)              
(fontspec)             - 'normal' (m/n) with NFSS spec.:
(fontspec)             <->"STFangsong/OT:language=dflt;"
(fontspec)             - 'small caps'  (m/sc) with NFSS spec.: 

LaTeX Font Info:    Trying to load font information for OT1+lmr on input line 24.
(/usr/local/texlive/2022/texmf-dist/tex/latex/lm/ot1lmr.fd
File: ot1lmr.fd 2015/05/01 v1.6.1 Font defs for Latin Modern
)
LaTeX Font Info:    Trying to load font information for OML+lmm on input line 24.
 (/usr/local/texlive/2022/texmf-dist/tex/latex/lm/omllmm.fd
File: omllmm.fd 2015/05/01 v1.6.1 Font defs for Latin Modern
)
LaTeX Font Info:    Trying to load font information for OMS+lmsy on input line 24.
 (/usr/local/texlive/2022/texmf-dist/tex/latex/lm/omslmsy.fd
File: omslmsy.fd 2015/05/01 v1.6.1 Font defs for Latin Modern
)
LaTeX Font Info:    Trying to load font information for OMX+lmex on input line 24.
 (/usr/local/texlive/2022/texmf-dist/tex/latex/lm/omxlmex.fd
File: omxlmex.fd 2015/05/01 v1.6.1 Font defs for Latin Modern
)
LaTeX Font Info:    External font `lmex10' loaded for size
(Font)              <10> on input line 24.
LaTeX Font Info:    External font `lmex10' loaded for size
(Font)              <7> on input line 24.
LaTeX Font Info:    External font `lmex10' loaded for size
(Font)              <5> on input line 24.
LaTeX Font Info:    Trying to load font information for U+rsfs on input line 24.
 (/usr/local/texlive/2022/texmf-dist/tex/latex/jknapltx/ursfs.fd
File: ursfs.fd 1998/03/24 rsfs font definition file (jk)
)
LaTeX Font Info:    Trying to load font information for U+msa on input line 24.
 (/usr/local/texlive/2022/texmf-dist/tex/latex/amsfonts/umsa.fd
File: umsa.fd 2013/01/14 v3.01 AMS symbols A
)
LaTeX Font Info:    Trying to load font information for U+msb on input line 24.
 (/usr/local/texlive/2022/texmf-dist/tex/latex/amsfonts/umsb.fd
File: umsb.fd 2013/01/14 v3.01 AMS symbols B
) [0


]
Package marginnote Info: Using workaround for absolute page number on input line 24.
 (./main.toc [1])
\tf@toc=\write5
\openout5 = `main.toc'.

 [2]
\openout2 = `c-review/c-review.aux'.

 (./c-review/c-review.tex
Package marginnote Info: Margin note 5.1 is on absolute page 5 on input line 1.
Package marginnote Info: right page because not two side mode on input line 1.
Package marginnote Info: xpos seems to be 67.57281pt on input line 1.
LaTeX Font Info:    External font `lmex10' loaded for size
(Font)              <24.88> on input line 1.
LaTeX Font Info:    External font `lmex10' loaded for size
(Font)              <20.74> on input line 1.
LaTeX Font Info:    External font `lmex10' loaded for size
(Font)              <17.28> on input line 1.
Package hyperref Info: bookmark level for unknown axiom defaults to 0 on input line 12.
Package marginnote Info: Margin note 5.2 is on absolute page 5 on input line 18.
Package marginnote Info: right page because not two side mode on input line 18.
Package marginnote Info: xpos seems to be 67.57281pt on input line 18.
LaTeX Font Info:    Trying to load font information for U+mvs on input line 20.
 (/usr/local/texlive/2022/texmf-dist/tex/latex/marvosym/umvs.fd)) [1


]
\openout2 = `recursion/recursion.aux'.

 (./recursion/recursion.tex
Package marginnote Info: Margin note 6.1 is on absolute page 6 on input line 1.
Package marginnote Info: right page because not two side mode on input line 1.
Package marginnote Info: xpos seems to be 67.57281pt on input line 1.
Package hyperref Info: bookmark level for unknown example defaults to 0 on input line 15.
Package hyperref Info: bookmark level for unknown definition defaults to 0 on input line 39.
Package marginnote Info: Margin note 6.2 is on absolute page 6 on input line 57.
Package marginnote Info: right page because not two side mode on input line 57.
Package marginnote Info: xpos seems to be 401.43254pt on input line 57.
 [2



]
Package marginnote Info: Margin note 7.1 is on absolute page 7 on input line 84.
Package marginnote Info: right page because not two side mode on input line 84.
Package marginnote Info: xpos seems to be 67.57281pt on input line 84.
Package marginnote Info: Margin note 7.2 is on absolute page 7 on input line 91.
Package marginnote Info: right page because not two side mode on input line 91.
Package marginnote Info: xpos seems to be 67.57281pt on input line 91.
Package marginnote Info: Margin note 7.3 is on absolute page 7 on input line 104.
Package marginnote Info: right page because not two side mode on input line 104.
Package marginnote Info: xpos seems to be 67.57281pt on input line 104.
Package marginnote Info: Margin note 7.4 is on absolute page 7 on input line 107.
Package marginnote Info: right page because not two side mode on input line 107.
Package marginnote Info: xpos seems to be 67.57281pt on input line 107.
 [3]
File: recursion/bintree.jpeg Graphic file (type bmp)
<recursion/bintree.jpeg>
Package marginnote Info: Margin note 8.1 is on absolute page 8 on input line 144.
Package marginnote Info: right page because not two side mode on input line 144.
Package marginnote Info: xpos seems to be 67.57281pt on input line 144.
LaTeX Font Info:    Font shape `TU/lmtt/bx/n' in size <10> not available
(Font)              Font shape `TU/lmtt/b/n' tried instead on input line 147.
 [4]
Package marginnote Info: Margin note 9.1 is on absolute page 9 on input line 155.
Package marginnote Info: right page because not two side mode on input line 155.
Package marginnote Info: xpos seems to be 67.57281pt on input line 155.
Package marginnote Info: Margin note 9.2 is on absolute page 9 on input line 166.
Package marginnote Info: right page because not two side mode on input line 166.
Package marginnote Info: xpos seems to be 67.57281pt on input line 166.
 [5]
Package marginnote Info: Margin note 10.1 is on absolute page 10 on input line 218.
Package marginnote Info: right page because not two side mode on input line 218.
Package marginnote Info: xpos seems to be 67.57281pt on input line 218.
File: recursion/pancake.png Graphic file (type bmp)
<recursion/pancake.png>
 [6]
File: recursion/rotate.png Graphic file (type bmp)
<recursion/rotate.png>
) [7]
\openout2 = `opt-search/opt-search.aux'.

 (./opt-search/opt-search.tex
Package marginnote Info: Margin note 12.1 is on absolute page 12 on input line 1.
Package marginnote Info: right page because not two side mode on input line 1.
Package marginnote Info: xpos seems to be 67.57281pt on input line 1.
Package marginnote Info: Margin note 12.2 is on absolute page 12 on input line 21.
Package marginnote Info: right page because not two side mode on input line 21.
Package marginnote Info: xpos seems to be 67.57281pt on input line 21.
Package marginnote Info: Margin note 12.3 is on absolute page 12 on input line 41.
Package marginnote Info: right page because not two side mode on input line 41.
Package marginnote Info: xpos seems to be 67.57281pt on input line 41.


Package amsmath Warning: Foreign command \over;
(amsmath)                \frac or \genfrac should be used instead
(amsmath)                 on input line 44.

Package marginnote Info: Margin note 12.4 is on absolute page 12 on input line 46.
Package marginnote Info: right page because not two side mode on input line 46.
Package marginnote Info: xpos seems to be 155.40707pt on input line 46.
[8



]
Package hyperref Info: bookmark level for unknown remark defaults to 0 on input line 54.
Package marginnote Info: Margin note 13.1 is on absolute page 13 on input line 64.
Package marginnote Info: right page because not two side mode on input line 64.
Package marginnote Info: xpos seems to be 67.57281pt on input line 64.
Package hyperref Info: bookmark level for unknown ques defaults to 0 on input line 99.
Package marginnote Info: Margin note 13.2 is on absolute page 13 on input line 113.
Package marginnote Info: right page because not two side mode on input line 113.
Package marginnote Info: xpos seems to be 67.57281pt on input line 113.
Package marginnote Info: Margin note 13.3 is on absolute page 13 on input line 116.
Package marginnote Info: right page because not two side mode on input line 116.
Package marginnote Info: xpos seems to be 67.57281pt on input line 116.
 [9]
Package marginnote Info: Margin note 14.1 is on absolute page 14 on input line 133.
Package marginnote Info: right page because not two side mode on input line 133.
Package marginnote Info: xpos seems to be 67.57281pt on input line 133.
Package marginnote Info: Margin note 14.2 is on absolute page 14 on input line 151.
Package marginnote Info: right page because not two side mode on input line 151.
Package marginnote Info: xpos seems to be 67.57281pt on input line 151.
 [10]
Package marginnote Info: Margin note 15.1 is on absolute page 15 on input line 193.
Package marginnote Info: right page because not two side mode on input line 193.
Package marginnote Info: xpos seems to be 67.57281pt on input line 193.
Package marginnote Info: Margin note 15.2 is on absolute page 15 on input line 228.
Package marginnote Info: right page because not two side mode on input line 228.
Package marginnote Info: xpos seems to be 67.57281pt on input line 228.
Package marginnote Info: Margin note 15.3 is on absolute page 15 on input line 237.
Package marginnote Info: right page because not two side mode on input line 237.
Package marginnote Info: xpos seems to be 67.57281pt on input line 237.
 [11]
Package marginnote Info: Margin note 16.1 is on absolute page 16 on input line 248.
Package marginnote Info: right page because not two side mode on input line 248.
Package marginnote Info: xpos seems to be 67.57281pt on input line 248.
 [12]
Package marginnote Info: Margin note 17.1 is on absolute page 17 on input line 306.
Package marginnote Info: right page because not two side mode on input line 306.
Package marginnote Info: xpos seems to be 67.57281pt on input line 306.
Package marginnote Info: Margin note 17.2 is on absolute page 17 on input line 310.
Package marginnote Info: right page because not two side mode on input line 310.
Package marginnote Info: xpos seems to be 206.357pt on input line 310.

Overfull \hbox (9.1401pt too wide) detected at line 320
\OT1/lmr/m/n/10 115792089237316195423570985008687907853269984665640564039457584007913129639936
 []


Overfull \hbox (14.30045pt too wide) in paragraph at lines 325--327
\OT1/lmr/m/n/10 (\OML/lmm/m/it/10 a \OMS/lmsy/m/n/10 ^^B \OML/lmm/m/it/10 b\OT1/lmr/m/n/10 )  []  \OML/lmm/m/it/10 c \OT1/lmr/m/n/10 = ((\OML/lmm/m/it/10 a  []  c\OT1/lmr/m/n/10 ) \OMS/lmsy/m/n/10 ^^B \OT1/lmr/m/n/10 (\OML/lmm/m/it/10 b  []  c\OT1/lmr/m/n/10 ))  []  \OML/lmm/m/it/10 c$\TU/lmr/m/n/10 . \TU/SongtiSCLight(0)/m/sc/10           \TU/lmr/m/n/10 . [] 
 []

Package marginnote Info: Margin note 17.3 is on absolute page 17 on input line 329.
Package marginnote Info: right page because not two side mode on input line 329.
Package marginnote Info: xpos seems to be 67.57281pt on input line 329.
Package marginnote Info: Margin note 17.4 is on absolute page 17 on input line 345.
Package marginnote Info: right page because not two side mode on input line 345.
Package marginnote Info: xpos seems to be 67.57281pt on input line 345.
[13]
File: opt-search/sin-sta.png Graphic file (type bmp)
<opt-search/sin-sta.png>
) [14]
\openout2 = `graph/graph.aux'.

 (./graph/graph.tex
Package marginnote Info: Margin note 19.1 is on absolute page 19 on input line 1.
Package marginnote Info: right page because not two side mode on input line 1.
Package marginnote Info: xpos seems to be 67.57281pt on input line 1.
 [15



]

LaTeX Font Warning: Font shape `TU/STFangsong(0)/m/it' undefined
(Font)              using `TU/STFangsong(0)/m/n' instead on input line 63.


Overfull \hbox (87.32062pt too wide) in paragraph at lines 75--79
[]\U/mvs/m/n/10 v\TU/lmr/bx/n/10 B3643 \TU/SongtiSCLight(0)/b/n/10    \TU/lmr/bx/n/10 . \TU/SongtiSCLight(0)/m/sc/10        \TU/lmr/m/n/10 . \TU/SongtiSCLight(0)/m/sc/10              \TU/lmr/m/n/10 . []
 []

Package marginnote Info: Margin note 20.1 is on absolute page 21 on input line 103.
Package marginnote Info: right page because not two side mode on input line 103.
Package marginnote Info: xpos seems to be 67.57281pt on input line 103.
[16]
Package marginnote Info: Margin note 21.1 is on absolute page 21 on input line 140.
Package marginnote Info: right page because not two side mode on input line 140.
Package marginnote Info: xpos seems to be 387.33171pt on input line 140.
Package marginnote Info: Margin note 21.2 is on absolute page 21 on input line 143.
Package marginnote Info: right page because not two side mode on input line 143.
Package marginnote Info: xpos seems to be 67.57281pt on input line 143.
Package marginnote Info: Margin note 21.3 is on absolute page 21 on input line 146.
Package marginnote Info: right page because not two side mode on input line 146.
Package marginnote Info: xpos seems to be 67.57281pt on input line 146.
 [17]
Package marginnote Info: Margin note 22.1 is on absolute page 22 on input line 197.
Package marginnote Info: right page because not two side mode on input line 197.
Package marginnote Info: xpos seems to be 67.57281pt on input line 197.
 [18]
Package marginnote Info: Margin note 23.1 is on absolute page 23 on input line 242.
Package marginnote Info: right page because not two side mode on input line 242.
Package marginnote Info: xpos seems to be 67.57281pt on input line 242.
 [19]
Overfull \hbox (69.14468pt too wide) in paragraph at lines 279--280
[][][][][][][][][][][][][][][][][][][][][][] 
 []

Package hyperref Info: bookmark level for unknown proof defaults to 0 on input line 292.
) [20]
\openout2 = `count-intro/count-intro.aux'.

 (./count-intro/count-intro.tex
Package marginnote Info: Margin note 25.1 is on absolute page 25 on input line 1.
Package marginnote Info: right page because not two side mode on input line 1.
Package marginnote Info: xpos seems to be 67.57281pt on input line 1.
Package marginnote Info: Margin note 25.2 is on absolute page 25 on input line 8.
Package marginnote Info: right page because not two side mode on input line 8.
Package marginnote Info: xpos seems to be 67.57281pt on input line 8.

Missing character: There is no  ("82E5) in font rm-lmr10!
Missing character: There is no  ("975E) in font rm-lmr10!
Missing character: There is no  ("5219) in font rm-lmr10!
Missing character: There is no  ("975E) in font rm-lmr10!
Package hyperref Info: bookmark level for unknown theorem defaults to 0 on input line 23.
[21



]
Package marginnote Info: Margin note 26.1 is on absolute page 26 on input line 78.
Package marginnote Info: right page because not two side mode on input line 78.
Package marginnote Info: xpos seems to be 67.57281pt on input line 78.
Package marginnote Info: Margin note 26.2 is on absolute page 26 on input line 86.
Package marginnote Info: right page because not two side mode on input line 86.
Package marginnote Info: xpos seems to be 112.05582pt on input line 86.
LaTeX Font Info:    External font `lmex10' loaded for size
(Font)              <8> on input line 86.
LaTeX Font Info:    External font `lmex10' loaded for size
(Font)              <6> on input line 86.
Package marginnote Info: Margin note 26.3 is on absolute page 26 on input line 102.
Package marginnote Info: right page because not two side mode on input line 102.
Package marginnote Info: xpos seems to be 67.57281pt on input line 102.
Package marginnote Info: Margin note 26.4 is on absolute page 26 on input line 114.
Package marginnote Info: right page because not two side mode on input line 114.
Package marginnote Info: xpos seems to be 67.57281pt on input line 114.
Package marginnote Info: Margin note 26.5 is on absolute page 27 on input line 125.
Package marginnote Info: right page because not two side mode on input line 125.
Package marginnote Info: xpos seems to be 67.57281pt on input line 125.
 [22]
Package marginnote Info: Margin note 27.1 is on absolute page 27 on input line 141.
Package marginnote Info: right page because not two side mode on input line 141.
Package marginnote Info: xpos seems to be 67.57281pt on input line 141.
Package marginnote Info: Margin note 27.2 is on absolute page 27 on input line 154.
Package marginnote Info: right page because not two side mode on input line 154.
Package marginnote Info: xpos seems to be 67.57281pt on input line 154.
Package hyperref Info: bookmark level for unknown principle defaults to 0 on input line 159.
Package marginnote Info: Margin note 27.3 is on absolute page 27 on input line 161.
Package marginnote Info: right page because not two side mode on input line 161.
Package marginnote Info: xpos seems to be 357.30432pt on input line 161.
 [23]
Package marginnote Info: Margin note 28.1 is on absolute page 28 on input line 195.
Package marginnote Info: right page because not two side mode on input line 195.
Package marginnote Info: xpos seems to be 309.27582pt on input line 195.

Overfull \hbox (76.87013pt too wide) in paragraph at lines 204--213
 [] 
 []

Package marginnote Info: Margin note 28.2 is on absolute page 28 on input line 230.
Package marginnote Info: right page because not two side mode on input line 230.
Package marginnote Info: xpos seems to be 448.43271pt on input line 230.
[24]

Package amsmath Warning: Foreign command \atop;
(amsmath)                \frac or \genfrac should be used instead
(amsmath)                 on input line 251.

Package marginnote Info: Margin note 29.1 is on absolute page 29 on input line 253.
Package marginnote Info: right page because not two side mode on input line 253.
Package marginnote Info: xpos seems to be 443.67667pt on input line 253.
[25]

Package amsmath Warning: Foreign command \atopwithdelims;
(amsmath)                \frac or \genfrac should be used instead
(amsmath)                 on input line 296.

[26]
Underfull \hbox (badness 1460) in paragraph at lines 382--384
[][][]  \TU/lmr/m/n/10 (\TU/SongtiSCLight(0)/m/sc/10   \TU/lmr/m/n/10 ) []\TU/SongtiSCLight(0)/m/sc/10      $\OML/lmm/m/it/10 p[]\OT1/lmr/m/n/10 (\OML/lmm/m/it/10 n\OT1/lmr/m/n/10 )$ \TU/SongtiSCLight(0)/m/sc/10         $\OML/lmm/m/it/10 n$ \TU/SongtiSCLight(0)/m/sc/10    $\OML/lmm/m/it/10 k$ \TU/SongtiSCLight(0)/m/sc/10  \TU/lmr/m/n/10 , \TU/SongtiSCLight(0)/m/sc/10    
 []


Overfull \hbox (66.87013pt too wide) in paragraph at lines 405--414
 [] 
 []

[27]
Overfull \hbox (76.79759pt too wide) in paragraph at lines 430--439
 [] 
 []

Package marginnote Info: Margin note 32.1 is on absolute page 32 on input line 451.
Package marginnote Info: right page because not two side mode on input line 451.
Package marginnote Info: xpos seems to be 67.57281pt on input line 451.
Package marginnote Info: Margin note 32.2 is on absolute page 32 on input line 453.
Package marginnote Info: right page because not two side mode on input line 453.
Package marginnote Info: xpos seems to be 67.57281pt on input line 453.
[28]
Package marginnote Info: Margin note 33.1 is on absolute page 33 on input line 467.
Package marginnote Info: right page because not two side mode on input line 467.
Package marginnote Info: xpos seems to be 371.70482pt on input line 467.

Overfull \hbox (16.72926pt too wide) in paragraph at lines 465--468
\TU/SongtiSCLight(0)/m/sc/10        \TU/lmr/m/n/10 , \TU/SongtiSCLight(0)/m/sc/10       \TU/lmr/m/n/10 , \TU/SongtiSCLight(0)/m/sc/10    \TU/lmr/m/n/10 , \TU/SongtiSCLight(0)/m/sc/10         $[]$|[][]\TU/lmr/m/n/10 . [] 
 []

Package marginnote Info: Margin note 33.2 is on absolute page 33 on input line 472.
Package marginnote Info: right page because not two side mode on input line 472.
Package marginnote Info: xpos seems to be 309.36882pt on input line 472.
[29]) [30]
\openout2 = `dp/dp.aux'.

 (./dp/dp.tex
Package marginnote Info: Margin note 35.1 is on absolute page 35 on input line 1.
Package marginnote Info: right page because not two side mode on input line 1.
Package marginnote Info: xpos seems to be 67.57281pt on input line 1.
Package marginnote Info: Margin note 35.2 is on absolute page 35 on input line 8.
Package marginnote Info: right page because not two side mode on input line 8.
Package marginnote Info: xpos seems to be 67.57281pt on input line 8.

Overfull \hbox (32.2206pt too wide) in paragraph at lines 27--30
[]\TU/SongtiSCLight(0)/m/sc/10     \TU/lmr/m/n/10 , \TU/SongtiSCLight(0)/m/sc/10        \TU/lmr/m/n/10 : $\OML/lmm/m/it/10 f\OT1/lmr/m/n/10 [\OML/lmm/m/it/10 i[]\OT1/lmr/m/n/10 ][\OML/lmm/m/it/10 j[]\OT1/lmr/m/n/10 ][\OML/lmm/m/it/10 i[]\OT1/lmr/m/n/10 ][\OML/lmm/m/it/10 j[]\OT1/lmr/m/n/10 ]$ \TU/SongtiSCLight(0)/m/sc/10      $\OT1/lmr/m/n/10 (1\OML/lmm/m/it/10 ; \OT1/lmr/m/n/10 1)\OML/lmm/m/it/10 ; \OT1/lmr/m/n/10 (1\OML/lmm/m/it/10 ; \OT1/lmr/m/n/10 1)$ \TU/SongtiSCLight(0)/m/sc/10   $\OT1/lmr/m/n/10 (\OML/lmm/m/it/10 i[]; j[]\OT1/lmr/m/n/10 )\OML/lmm/m/it/10 ; \OT1/lmr/m/n/10 (\OML/lmm/m/it/10 i[]; j[]\OT1/lmr/m/n/10 )$
 []


Overfull \hbox (17.89417pt too wide) in paragraph at lines 31--34
\TU/SongtiSCLight(0)/m/sc/10      \TU/lmr/m/n/10 TBD: \TU/SongtiSCLight(0)/m/sc/10      \TU/lmr/m/n/10 , \TU/SongtiSCLight(0)/m/sc/10  \TU/lmr/m/n/10 , \TU/SongtiSCLight(0)/m/sc/10  \TU/lmr/m/n/10 , \TU/SongtiSCLight(0)/m/sc/10  \TU/lmr/m/n/10 , \TU/SongtiSCLight(0)/m/sc/10        \TU/lmr/m/n/10 . [] 
 []

Package marginnote Info: Margin note 35.3 is on absolute page 35 on input line 38.
Package marginnote Info: right page because not two side mode on input line 38.
Package marginnote Info: xpos seems to be 67.57281pt on input line 38.
[31



]
Overfull \hbox (65.2501pt too wide) in paragraph at lines 56--57
[]\TU/SongtiSCLight(0)/m/sc/10         \TU/lmr/m/n/10 , \TU/SongtiSCLight(0)/m/sc/10             $\OML/lmm/m/it/10 k$ \TU/SongtiSCLight(0)/m/sc/10  \TU/lmr/m/n/10 . \TU/SongtiSCLight(0)/m/sc/10         [] 
 []

Package marginnote Info: Margin note 36.1 is on absolute page 36 on input line 58.
Package marginnote Info: right page because not two side mode on input line 58.
Package marginnote Info: xpos seems to be 67.57281pt on input line 58.
Package marginnote Info: Margin note 36.2 is on absolute page 36 on input line 81.
Package marginnote Info: right page because not two side mode on input line 81.
Package marginnote Info: xpos seems to be 67.57281pt on input line 81.
Package marginnote Info: Margin note 36.3 is on absolute page 36 on input line 102.
Package marginnote Info: right page because not two side mode on input line 102.
Package marginnote Info: xpos seems to be 67.57281pt on input line 102.
Package marginnote Info: Margin note 36.4 is on absolute page 37 on input line 119.
Package marginnote Info: right page because not two side mode on input line 119.
Package marginnote Info: xpos seems to be 67.57281pt on input line 119.
[32]
Package marginnote Info: Margin note 37.1 is on absolute page 37 on input line 156.
Package marginnote Info: right page because not two side mode on input line 156.
Package marginnote Info: xpos seems to be 67.57281pt on input line 156.
Package marginnote Info: Margin note 37.2 is on absolute page 37 on input line 160.
Package marginnote Info: right page because not two side mode on input line 160.
Package marginnote Info: xpos seems to be 67.57281pt on input line 160.
 [33] [34]
Package marginnote Info: Margin note 39.1 is on absolute page 39 on input line 255.
Package marginnote Info: right page because not two side mode on input line 255.
Package marginnote Info: xpos seems to be 67.57281pt on input line 255.

Overfull \hbox (7.11525pt too wide) in paragraph at lines 270--273
\OML/lmm/m/it/10 f\OT1/lmr/m/n/10 [\OML/lmm/m/it/10 i \OMS/lmsy/m/n/10 ^^@ \OT1/lmr/m/n/10 1][\OML/lmm/m/it/10 j \OMS/lmsy/m/n/10 ^^@ \OML/lmm/m/it/10 v\OT1/lmr/m/n/10 [\OML/lmm/m/it/10 i\OT1/lmr/m/n/10 ]] + \OML/lmm/m/it/10 w\OT1/lmr/m/n/10 [\OML/lmm/m/it/10 i\OT1/lmr/m/n/10 ]$\TU/lmr/m/n/10 . \TU/SongtiSCLight(0)/m/sc/10               \TU/lmr/m/n/10 . \TU/SongtiSCLight(0)/m/sc/10    []\TU/lmr/m/n/10 . 
 []

Package marginnote Info: Margin note 39.2 is on absolute page 39 on input line 277.
Package marginnote Info: right page because not two side mode on input line 277.
Package marginnote Info: xpos seems to be 67.57281pt on input line 277.

Overfull \hbox (38.65039pt too wide) detected at line 292
\OML/lmm/m/it/10 f\OT1/lmr/m/n/10 [\OML/lmm/m/it/10 i\OT1/lmr/m/n/10 ][\OML/lmm/m/it/10 j\OT1/lmr/m/n/10 ] = [](  [] [] []\OML/lmm/m/it/10 f\OT1/lmr/m/n/10 [\OML/lmm/m/it/10 i \OMS/lmsy/m/n/10 ^^@ \OT1/lmr/m/n/10 1][\OML/lmm/m/it/10 j \OMS/lmsy/m/n/10 ^^@ \OML/lmm/m/it/10 v\OT1/lmr/m/n/10 ]\OML/lmm/m/it/10 ; f\OT1/lmr/m/n/10 [\OML/lmm/m/it/10 i \OMS/lmsy/m/n/10 ^^@ \OT1/lmr/m/n/10 1][\OML/lmm/m/it/10 j \OMS/lmsy/m/n/10 ^^@ \OT1/lmr/m/n/10 2\OML/lmm/m/it/10 v\OT1/lmr/m/n/10 ] + \OML/lmm/m/it/10 w; f\OT1/lmr/m/n/10 [\OML/lmm/m/it/10 i \OMS/lmsy/m/n/10 ^^@ \OT1/lmr/m/n/10 1][\OML/lmm/m/it/10 j \OMS/lmsy/m/n/10 ^^@ \OT1/lmr/m/n/10 3\OML/lmm/m/it/10 v\OT1/lmr/m/n/10 ] + 2\OML/lmm/m/it/10 w; []  ; f\OT1/lmr/m/n/10 [\OML/lmm/m/it/10 i \OMS/lmsy/m/n/10 ^^@ \OT1/lmr/m/n/10 1][\OML/lmm/m/it/10 j \OMS/lmsy/m/n/10 ^^@ \OML/lmm/m/it/10 sv\OT1/lmr/m/n/10 ] + (\OML/lmm/m/it/10 s \OMS/lmsy/m/n/10 ^^@ \OT1/lmr/m/n/10 1)\OML/lmm/m/it/10 w\OT1/lmr/m/n/10 )
 []

[35]
Package marginnote Info: Margin note 40.1 is on absolute page 40 on input line 305.
Package marginnote Info: right page because not two side mode on input line 305.
Package marginnote Info: xpos seems to be 67.57281pt on input line 305.

Overfull \hbox (54.41217pt too wide) detected at line 313
\OML/lmm/m/it/10 f\OT1/lmr/m/n/10 [\OML/lmm/m/it/10 i\OT1/lmr/m/n/10 ][\OML/lmm/m/it/10 j \OMS/lmsy/m/n/10 ^^@ \OML/lmm/m/it/10 v\OT1/lmr/m/n/10 ] = [](  [] [] []\OML/lmm/m/it/10 f\OT1/lmr/m/n/10 [\OML/lmm/m/it/10 i \OMS/lmsy/m/n/10 ^^@ \OT1/lmr/m/n/10 1][\OML/lmm/m/it/10 j \OMS/lmsy/m/n/10 ^^@ \OML/lmm/m/it/10 v\OT1/lmr/m/n/10 ]\OML/lmm/m/it/10 ; f\OT1/lmr/m/n/10 [\OML/lmm/m/it/10 i \OMS/lmsy/m/n/10 ^^@ \OT1/lmr/m/n/10 1][\OML/lmm/m/it/10 j \OMS/lmsy/m/n/10 ^^@ \OT1/lmr/m/n/10 2\OML/lmm/m/it/10 v\OT1/lmr/m/n/10 ] + \OML/lmm/m/it/10 w; f\OT1/lmr/m/n/10 [\OML/lmm/m/it/10 i \OMS/lmsy/m/n/10 ^^@ \OT1/lmr/m/n/10 1][\OML/lmm/m/it/10 j \OMS/lmsy/m/n/10 ^^@ \OT1/lmr/m/n/10 3\OML/lmm/m/it/10 v\OT1/lmr/m/n/10 ] + 2\OML/lmm/m/it/10 w; []  ; f\OT1/lmr/m/n/10 [\OML/lmm/m/it/10 i \OMS/lmsy/m/n/10 ^^@ \OT1/lmr/m/n/10 1][\OML/lmm/m/it/10 j \OMS/lmsy/m/n/10 ^^@ \OT1/lmr/m/n/10 (\OML/lmm/m/it/10 s \OT1/lmr/m/n/10 + 1)\OML/lmm/m/it/10 v\OT1/lmr/m/n/10 ] + \OML/lmm/m/it/10 sw\OT1/lmr/m/n/10 )\OML/lmm/m/it/10 :
 []


Overfull \hbox (92.75075pt too wide) detected at line 322
[]
 []

Package marginnote Info: Margin note 40.2 is on absolute page 40 on input line 326.
Package marginnote Info: right page because not two side mode on input line 326.
Package marginnote Info: xpos seems to be 67.57281pt on input line 326.
Package marginnote Info: Margin note 40.3 is on absolute page 40 on input line 335.
Package marginnote Info: right page because not two side mode on input line 335.
Package marginnote Info: xpos seems to be 67.57281pt on input line 335.
[36]
Package marginnote Info: Margin note 41.1 is on absolute page 41 on input line 352.
Package marginnote Info: right page because not two side mode on input line 352.
Package marginnote Info: xpos seems to be 67.57281pt on input line 352.
Package marginnote Info: Margin note 41.2 is on absolute page 41 on input line 357.
Package marginnote Info: right page because not two side mode on input line 357.
Package marginnote Info: xpos seems to be 67.57281pt on input line 357.
Package marginnote Info: Margin note 41.3 is on absolute page 41 on input line 371.
Package marginnote Info: right page because not two side mode on input line 371.
Package marginnote Info: xpos seems to be 67.57281pt on input line 371.
 [37]
Overfull \hbox (26.26338pt too wide) in paragraph at lines 406--407
[]\TU/SongtiSCLight(0)/m/sc/10         \TU/lmr/m/n/10 : \TU/SongtiSCLight(0)/b/n/10       \TU/lmr/bx/n/10 !  \TU/SongtiSCLight(0)/m/sc/10            \TU/lmr/m/n/10 . [] 
 []

[38]
Overfull \hbox (1.43968pt too wide) in paragraph at lines 474--476
[]\TU/SongtiSCLight(0)/m/sc/10        \TU/lmr/m/n/10 , \TU/SongtiSCLight(0)/m/sc/10        $\OML/lmm/m/it/10 k$ \TU/SongtiSCLight(0)/m/sc/10    \TU/lmr/m/n/10 , \TU/SongtiSCLight(0)/m/sc/10        \TU/lmr/m/n/10 ? \TU/SongtiSCLight(0)/m/sc/10    $\OML/lmm/m/it/10 f\OT1/lmr/m/n/10 [\OML/lmm/m/it/10 l\OT1/lmr/m/n/10 ][\OML/lmm/m/it/10 k \OMS/lmsy/m/n/10 ^^@
 []


Overfull \hbox (29.41927pt too wide) in paragraph at lines 483--485
\TU/SongtiSCLight(0)/m/sc/10           \TU/lmr/m/n/10 . \TU/SongtiSCLight(0)/m/sc/10               \TU/lmr/m/n/10 , \TU/SongtiSCLight(0)/m/sc/10    \TU/lmr/m/n/10 . \TU/SongtiSCLight(0)/m/sc/10 [] 
 []

[39] [40]
Overfull \hbox (102.85927pt too wide) in paragraph at lines 593--595
\TU/SongtiSCLight(0)/m/sc/10 \TU/lmr/m/n/10 ); \TU/SongtiSCLight(0)/m/sc/10           \TU/lmr/m/n/10 , \TU/SongtiSCLight(0)/m/sc/10                 \TU/lmr/m/n/10 . \TU/SongtiSCLight(0)/m/sc/10  []\TU/lmr/m/n/10 . 
 []


Overfull \hbox (20.16426pt too wide) in paragraph at lines 596--597
[]\TU/SongtiSCLight(0)/m/sc/10     \TU/lmr/m/n/10 , \TU/SongtiSCLight(0)/m/sc/10             \TU/lmr/m/n/10 : []. 
 []

[41]
Package marginnote Info: Margin note 46.1 is on absolute page 46 on input line 611.
Package marginnote Info: right page because not two side mode on input line 611.
Package marginnote Info: xpos seems to be 374.57042pt on input line 611.

Overfull \hbox (160.02196pt too wide) in paragraph at lines 628--630
[]\TU/SongtiSCLight(0)/m/sc/10    $\OML/lmm/m/it/10 f\OT1/lmr/m/n/10 [\OML/lmm/m/it/10 u\OT1/lmr/m/n/10 ][1]$\TU/lmr/m/n/10 , \TU/SongtiSCLight(0)/m/sc/10        \TU/lmr/m/n/10 , \TU/SongtiSCLight(0)/m/sc/10      \TU/lmr/m/n/10 . \TU/SongtiSCLight(0)/m/sc/10     $[]\OMS/lmsy/m/n/10 f\OML/lmm/m/it/10 f\OT1/lmr/m/n/10 [\OML/lmm/m/it/10 s[]\OT1/lmr/m/n/10 ][1]\OML/lmm/m/it/10 ; f\OT1/lmr/m/n/10 [\OML/lmm/m/it/10 s[]\OT1/lmr/m/n/10 ][0]\OML/lmm/m/it/10 ; f\OT1/lmr/m/n/10 [\OML/lmm/m/it/10 s[]\OT1/lmr/m/n/10 ][1]\OML/lmm/m/it/10 ; f\OT1/lmr/m/n/10 [\OML/lmm/m/it/10 s[]\OT1/lmr/m/n/10 ][0]\OML/lmm/m/it/10 ; []  ; f\OT1/lmr/m/n/10 [\OML/lmm/m/it/10 s[]\OT1/lmr/m/n/10 ][1]\OML/lmm/m/it/10 ; f\OT1/lmr/m/n/10 [\OML/lmm/m/it/10 s[]\OT1/lmr/m/n/10 ][0]\OMS/lmsy/m/n/10 g$\TU/lmr/m/n/10 . 
 []


Overfull \hbox (14.23999pt too wide) in paragraph at lines 639--645
\TU/SongtiSCLight(0)/m/sc/10       \TU/lmr/m/n/10 , \TU/SongtiSCLight(0)/m/sc/10      \TU/lmr/m/n/10 . \TU/SongtiSCLight(0)/m/sc/10    $\OML/lmm/m/it/10 f\OT1/lmr/m/n/10 [\OML/lmm/m/it/10 i\OT1/lmr/m/n/10 ][1] = [][]\OMS/lmsy/m/n/10 f\OML/lmm/m/it/10 f\OT1/lmr/m/n/10 [\OML/lmm/m/it/10 k\OT1/lmr/m/n/10 ][2] + [][] []\OMS/lmsy/m/n/10 f\OML/lmm/m/it/10 f\OT1/lmr/m/n/10 [\OML/lmm/m/it/10 j\OT1/lmr/m/n/10 ][1]\OML/lmm/m/it/10 ; f\OT1/lmr/m/n/10 [\OML/lmm/m/it/10 j\OT1/lmr/m/n/10 ][2]\OMS/lmsy/m/n/10 gg$\TU/lmr/m/n/10 .
 []

Package marginnote Info: Margin note 46.2 is on absolute page 46 on input line 656.
Package marginnote Info: right page because not two side mode on input line 656.
Package marginnote Info: xpos seems to be 324.54271pt on input line 656.
[42]) [43]
\openout2 = `ntheory/ntheory.aux'.

 (./ntheory/ntheory.tex
Package marginnote Info: Margin note 48.1 is on absolute page 48 on input line 1.
Package marginnote Info: right page because not two side mode on input line 1.
Package marginnote Info: xpos seems to be 67.57281pt on input line 1.
Package marginnote Info: Margin note 48.2 is on absolute page 48 on input line 20.
Package marginnote Info: right page because not two side mode on input line 20.
Package marginnote Info: xpos seems to be 357.58116pt on input line 20.
Package marginnote Info: Margin note 48.3 is on absolute page 48 on input line 29.
Package marginnote Info: right page because not two side mode on input line 29.
Package marginnote Info: xpos seems to be 339.91882pt on input line 29.
Package marginnote Info: Margin note 48.4 is on absolute page 48 on input line 56.
Package marginnote Info: right page because not two side mode on input line 56.
Package marginnote Info: xpos seems to be 67.57281pt on input line 56.
 [44



]
Package marginnote Info: Margin note 49.1 is on absolute page 49 on input line 75.
Package marginnote Info: right page because not two side mode on input line 75.
Package marginnote Info: xpos seems to be 67.57281pt on input line 75.
Package marginnote Info: Margin note 49.2 is on absolute page 49 on input line 81.
Package marginnote Info: right page because not two side mode on input line 81.
Package marginnote Info: xpos seems to be 125.12186pt on input line 81.

Underfull \hbox (badness 1292) in paragraph at lines 108--109
[][][]  \TU/lmr/m/n/10 (\TU/SongtiSCLight(0)/m/sc/10    \TU/lmr/m/n/10 (common divisor) \TU/SongtiSCLight(0)/m/sc/10     \TU/lmr/m/n/10 (common multiple)) []\TU/SongtiSCLight(0)/m/sc/10  $\OML/lmm/m/it/10 D; d; M; m$ \TU/SongtiSCLight(0)/m/sc/10  
 []

Package marginnote Info: Margin note 49.3 is on absolute page 49 on input line 114.
Package marginnote Info: right page because not two side mode on input line 114.
Package marginnote Info: xpos seems to be 126.03882pt on input line 114.
[45]
Package marginnote Info: Margin note 50.1 is on absolute page 50 on input line 129.
Package marginnote Info: right page because not two side mode on input line 129.
Package marginnote Info: xpos seems to be 67.57281pt on input line 129.
Package marginnote Info: Margin note 50.2 is on absolute page 50 on input line 178.
Package marginnote Info: right page because not two side mode on input line 178.
Package marginnote Info: xpos seems to be 67.57281pt on input line 178.
 [46] [47]
Package marginnote Info: Margin note 52.1 is on absolute page 52 on input line 275.
Package marginnote Info: right page because not two side mode on input line 275.
Package marginnote Info: xpos seems to be 67.57281pt on input line 275.
 [48]
Underfull \hbox (badness 1127) in paragraph at lines 305--308
[]\TU/SongtiSCLight(0)/m/sc/10           $\OML/lmm/m/it/10 p[]$\TU/lmr/m/n/10 , \TU/SongtiSCLight(0)/m/sc/10      \TU/lmr/m/n/10 . \TU/SongtiSCLight(0)/m/sc/10  $\OML/lmm/m/it/10 p[] \OT1/lmr/m/n/10 = \OML/lmm/m/it/10 q[]; p[] \OT1/lmr/m/n/10 = \OML/lmm/m/it/10 q[]; [] $ \TU/SongtiSCLight(0)/m/sc/10  
 []


Overfull \hbox (14.60056pt too wide) in paragraph at lines 314--317
[]\TU/SongtiSCLight(0)/m/sc/10      \TU/lmr/m/n/10 , \TU/SongtiSCLight(0)/m/sc/10                \TU/lmr/m/n/10 . \TU/SongtiSCLight(0)/m/sc/10       $\OML/lmm/m/it/10 n \OT1/lmr/m/n/10 = \OML/lmm/m/it/10 p[]p[] [] p[]$\TU/lmr/m/n/10 ,
 []

Package marginnote Info: Margin note 53.1 is on absolute page 53 on input line 331.
Package marginnote Info: right page because not two side mode on input line 331.
Package marginnote Info: xpos seems to be 67.57281pt on input line 331.
[49] [50]
Package marginnote Info: Margin note 55.1 is on absolute page 55 on input line 384.
Package marginnote Info: right page because not two side mode on input line 384.
Package marginnote Info: xpos seems to be 166.03882pt on input line 384.
Package marginnote Info: Margin note 55.2 is on absolute page 55 on input line 391.
Package marginnote Info: right page because not two side mode on input line 391.
Package marginnote Info: xpos seems to be 67.57281pt on input line 391.
 [51]
Package marginnote Info: Margin note 56.1 is on absolute page 56 on input line 457.
Package marginnote Info: right page because not two side mode on input line 457.
Package marginnote Info: xpos seems to be 67.57281pt on input line 457.
Package marginnote Info: Margin note 56.2 is on absolute page 57 on input line 475.
Package marginnote Info: right page because not two side mode on input line 475.
Package marginnote Info: xpos seems to be 103.89696pt on input line 475.
 [52]
Package marginnote Info: Margin note 57.1 is on absolute page 57 on input line 510.
Package marginnote Info: right page because not two side mode on input line 510.
Package marginnote Info: xpos seems to be 67.57281pt on input line 510.
 [53]
Overfull \hbox (109.25749pt too wide) detected at line 555
[] \OMS/lmsy/m/n/10 ^^@ [] \OT1/lmr/m/n/10 + [] \OMS/lmsy/m/n/10 ^^@ [] \OT1/lmr/m/n/10 + (\OMS/lmsy/m/n/10 ^^@\OT1/lmr/m/n/10 1)[][]\OML/lmm/m/it/10 :
 []


Overfull \hbox (11.06812pt too wide) detected at line 565
[][]
 []

Package marginnote Info: Margin note 58.1 is on absolute page 58 on input line 568.
Package marginnote Info: right page because not two side mode on input line 568.
Package marginnote Info: xpos seems to be 67.57281pt on input line 568.
[54]) [55]
\openout2 = `comb/comb.aux'.

 (./comb/comb.tex
Package marginnote Info: Margin note 60.1 is on absolute page 60 on input line 1.
Package marginnote Info: right page because not two side mode on input line 1.
Package marginnote Info: xpos seems to be 67.57281pt on input line 1.
Package marginnote Info: Margin note 60.2 is on absolute page 60 on input line 32.
Package marginnote Info: right page because not two side mode on input line 32.
Package marginnote Info: xpos seems to be 67.57281pt on input line 32.
 [56



] [57] [58]
Package marginnote Info: Margin note 63.1 is on absolute page 63 on input line 145.
Package marginnote Info: right page because not two side mode on input line 145.
Package marginnote Info: xpos seems to be 67.57281pt on input line 145.
) [59] [60]
\openout2 = `seg-tree/seg-tree.aux'.

 (./seg-tree/seg-tree.tex
Package marginnote Info: Margin note 65.1 is on absolute page 65 on input line 1.
Package marginnote Info: right page because not two side mode on input line 1.
Package marginnote Info: xpos seems to be 67.57281pt on input line 1.
File: seg-tree/init-config.png Graphic file (type bmp)
<seg-tree/init-config.png>
 [61



]
File: seg-tree/seg-struct.png Graphic file (type bmp)
<seg-tree/seg-struct.png>
 [62]
Overfull \hbox (46.3641pt too wide) in paragraph at lines 105--111
\TU/SongtiSCLight(0)/m/sc/10   \TU/lmtt/m/n/10 adds(l, x); adds(r+1, -x);\TU/lmr/m/n/10 , \TU/SongtiSCLight(0)/m/sc/10      \TU/lmtt/m/n/10 query(x)\TU/lmr/m/n/10 , \TU/SongtiSCLight(0)/m/sc/10      \TU/lmtt/m/n/10 query(r)-query(l-1)\TU/lmr/m/n/10 .
 []

Package marginnote Info: Margin note 67.1 is on absolute page 68 on input line 114.
Package marginnote Info: right page because not two side mode on input line 114.
Package marginnote Info: xpos seems to be 67.57281pt on input line 114.
[63]
File: seg-tree/intro-segtree.png Graphic file (type bmp)
<seg-tree/intro-segtree.png>
Package marginnote Info: Margin note 68.1 is on absolute page 68 on input line 122.
Package marginnote Info: right page because not two side mode on input line 122.
Package marginnote Info: xpos seems to be 67.57281pt on input line 122.
 [64]
Package marginnote Info: Margin note 69.1 is on absolute page 69 on input line 169.
Package marginnote Info: right page because not two side mode on input line 169.
Package marginnote Info: xpos seems to be 67.57281pt on input line 169.
Package marginnote Info: Margin note 69.2 is on absolute page 69 on input line 188.
Package marginnote Info: right page because not two side mode on input line 188.
Package marginnote Info: xpos seems to be 67.57281pt on input line 188.
 [65]
Package marginnote Info: Margin note 70.1 is on absolute page 70 on input line 202.
Package marginnote Info: right page because not two side mode on input line 202.
Package marginnote Info: xpos seems to be 67.57281pt on input line 202.
File: seg-tree/lazy-intro.png Graphic file (type bmp)
<seg-tree/lazy-intro.png>
Package marginnote Info: Margin note 70.2 is on absolute page 70 on input line 220.
Package marginnote Info: right page because not two side mode on input line 220.
Package marginnote Info: xpos seems to be 309.36882pt on input line 220.
 [66]
Package marginnote Info: Margin note 71.1 is on absolute page 71 on input line 268.
Package marginnote Info: right page because not two side mode on input line 268.
Package marginnote Info: xpos seems to be 67.57281pt on input line 268.
 [67])
Overfull \hbox (9.84706pt too wide) in paragraph at lines 304--38
\TU/SongtiSCLight(0)/m/sc/10               \TU/lmr/m/n/10 . \TU/SongtiSCLight(0)/m/sc/10     []     \TU/lmtt/m/n/10 sum[0]
 []

[68] (./main.bbl
LaTeX Font Info:    External font `lmex10' loaded for size
(Font)              <9> on input line 11.
) [69


] (./main.aux (./c-review/c-review.aux) (./recursion/recursion.aux) (./opt-search/opt-search.aux) (./graph/graph.aux) (./count-intro/count-intro.aux) (./dp/dp.aux) (./ntheory/ntheory.aux) (./comb/comb.aux) (./seg-tree/seg-tree.aux))

LaTeX Font Warning: Some font shapes were not available, defaults substituted.

Package rerunfilecheck Info: File `main.out' has not changed.
(rerunfilecheck)             Checksum: 3471F24452A9542531B5B5E9808B717C;3098.
 ) 
Here is how much of TeX's memory you used:
 39264 strings out of 476776
 849164 string characters out of 5805932
 1893991 words of memory out of 5000000
 58572 multiletter control sequences out of 15000+600000
 589120 words of font info for 183 fonts, out of 8000000 for 9000
 1348 hyphenation exceptions out of 8191
 114i,16n,118p,484b,1774s stack positions out of 10000i,1000n,20000p,200000b,200000s

Output written on main.xdv (72 pages, 1360596 bytes).
