\BOOKMARK [0][-]{part.1}{\376\377\000I\000\040\000C\213\355\212\000\126\336\230\176}{}% 1
\BOOKMARK [0][-]{part.2}{\376\377\000I\000I\000\040\220\022\137\122\116\016\126\336\156\257}{}% 2
\BOOKMARK [1][-]{section.1}{\376\377\225\356\230\230\166\204\173\200\123\026}{part.2}% 3
\BOOKMARK [1][-]{section.2}{\376\377\211\343\121\263\134\017\225\356\230\230\000,\000\040\000`\000`\230\172\117\277\000'\000'\211\343\121\263\116\206\131\047\225\356\230\230}{part.2}% 4
\BOOKMARK [1][-]{section.3}{\376\377\220\022\137\122\116\016\000`\000`\162\266\140\001\000'\000'\116\354}{part.2}% 5
\BOOKMARK [0][-]{part.3}{\376\377\000I\000I\000I\000\040\116\000\116\233\147\011\215\243\166\204\140\035\140\363}{}% 6
\BOOKMARK [1][-]{section.4}{\376\377\116\214\122\006\154\325}{part.3}% 7
\BOOKMARK [2][-]{subsection.4.1}{\376\377\127\372\147\054\166\204\117\213\133\120}{section.4}% 8
\BOOKMARK [2][-]{subsection.4.2}{\376\377\146\364\131\032\166\204\117\213\133\120}{section.4}% 9
\BOOKMARK [1][-]{section.5}{\376\377\122\115\177\000\124\214\116\016\135\356\122\006}{part.3}% 10
\BOOKMARK [1][-]{section.6}{\376\377\215\052\137\303\173\227\154\325}{part.3}% 11
\BOOKMARK [1][-]{section.7}{\376\377\120\015\130\236}{part.3}% 12
\BOOKMARK [1][-]{section.8}{\376\377\146\364\131\032\166\204\176\303\116\140\116\016\140\035\200\003}{part.3}% 13
\BOOKMARK [1][-]{section.9}{\376\377\136\166\147\345\226\306\173\200\116\313\000:\000\040\143\007\147\145\143\007\123\273}{part.3}% 14
\BOOKMARK [0][-]{part.4}{\376\377\000I\000V\000\040\145\160\213\272\173\200\116\313}{}% 15
\BOOKMARK [0][-]{part.5}{\376\377\000V\000\040\150\021\116\016\126\376}{}% 16
\BOOKMARK [0][-]{part.6}{\376\377\000V\000I\000\040\173\200\123\125\213\241\145\160\225\356\230\230}{}% 17
\BOOKMARK [0][-]{part.7}{\376\377\000V\000I\000I\000\040\122\250\140\001\211\304\122\022\173\200\116\313}{}% 18
\BOOKMARK [1][-]{section.10}{\376\377\122\035\153\145\166\204\225\356\230\230}{part.7}% 19
\BOOKMARK [1][-]{section.11}{\376\377\200\314\123\005\225\356\230\230}{part.7}% 20
\BOOKMARK [1][-]{section.12}{\376\377\121\163\116\216\123\072\225\364\166\204\225\356\230\230}{part.7}% 21
\BOOKMARK [0][-]{part.8}{\376\377\000V\000I\000I\000I\000\040\176\304\124\010\145\160\133\146\116\016\151\202\163\207\173\200\116\313}{}% 22
\BOOKMARK [0][-]{part.9}{\376\377\000I\000X\000\040\116\316\150\021\162\266\145\160\176\304\122\060\176\277\153\265\150\021}{}% 23
