\BOOKMARK [0][-]{chapter.1}{\376\377\226\306\124\010\213\272\124\214\173\200\123\125\145\160\164\006\220\073\217\221}{}% 1
\BOOKMARK [1][-]{section.1.1}{\376\377\145\160\164\006\220\073\217\221}{chapter.1}% 2
\BOOKMARK [2][-]{subsection.1.1.1}{\376\377\124\175\230\230}{section.1.1}% 3
\BOOKMARK [2][-]{subsection.1.1.2}{\376\377\124\175\230\230\220\073\217\221}{section.1.1}% 4
\BOOKMARK [2][-]{subsection.1.1.3}{\376\377\214\023\213\315\220\073\217\221}{section.1.1}% 5
\BOOKMARK [2][-]{subsection.1.1.4}{\376\377\145\160\133\146\137\122\176\263\154\325}{section.1.1}% 6
\BOOKMARK [1][-]{section.1.2}{\376\377\147\064\175\040\226\306\124\010\213\272}{chapter.1}% 7
\BOOKMARK [2][-]{subsection.1.2.1}{\376\377\121\154\164\006\117\123\174\373}{section.1.2}% 8
\BOOKMARK [2][-]{subsection.1.2.2}{\376\377\173\200\123\125\144\315\117\134}{section.1.2}% 9
\BOOKMARK [2][-]{subsection.1.2.3}{\376\377\232\330\176\247\226\306\124\010\144\315\117\134}{section.1.2}% 10
\BOOKMARK [2][-]{subsection.1.2.4}{\376\377\226\306\124\010\166\204\144\315\117\134\000:\000\040\143\222\122\027\166\204\122\233\221\317}{section.1.2}% 11
\BOOKMARK [2][-]{subsection.1.2.5}{\376\377\140\226\213\272\166\204\121\372\163\260}{section.1.2}% 12
\BOOKMARK [0][-]{chapter.2}{\376\377\121\163\174\373\000,\000\040\121\375\145\160\121\163\174\373\000,\000\040\136\217\121\163\174\373}{}% 13
\BOOKMARK [1][-]{section.2.1}{\376\377\121\163\174\373}{chapter.2}% 14
\BOOKMARK [2][-]{subsection.2.1.1}{\376\377\147\011\136\217\133\371}{section.2.1}% 15
\BOOKMARK [2][-]{subsection.2.1.2}{\376\377\173\033\123\141\134\024\171\357\000:\000\040\116\000\171\315\176\304\124\010\145\271\137\017}{section.2.1}% 16
\BOOKMARK [2][-]{subsection.2.1.3}{\376\377\165\050\147\011\136\217\133\371\133\232\116\111\116\214\121\103\121\163\174\373}{section.2.1}% 17
\BOOKMARK [1][-]{section.2.2}{\376\377\173\111\116\367\121\163\174\373\124\214\136\217\121\163\174\373}{chapter.2}% 18
\BOOKMARK [2][-]{subsection.2.2.1}{\376\377\116\011\116\052\133\232\116\111}{section.2.2}% 19
\BOOKMARK [2][-]{subsection.2.2.2}{\376\377\116\224\171\315\144\315\117\134}{section.2.2}% 20
\BOOKMARK [2][-]{subsection.2.2.3}{\376\377\116\003\116\052\140\047\215\050}{section.2.2}% 21
\BOOKMARK [2][-]{subsection.2.2.4}{\376\377\173\111\116\367\121\163\174\373}{section.2.2}% 22
\BOOKMARK [2][-]{subsection.2.2.5}{\376\377\147\204\220\040\133\236\145\160}{section.2.2}% 23
\BOOKMARK [1][-]{section.2.3}{\376\377\121\375\145\160}{chapter.2}% 24
\BOOKMARK [2][-]{subsection.2.3.1}{\376\377\121\375\145\160\000:\000\040\117\134\116\072\121\163\174\373\166\204\116\000\116\052\133\120\226\306}{section.2.3}% 25
\BOOKMARK [2][-]{subsection.2.3.2}{\376\377\117\134\116\072\226\306\124\010\166\204\121\375\145\160}{section.2.3}% 26
\BOOKMARK [2][-]{subsection.2.3.3}{\376\377\162\171\153\212\121\375\145\160\121\163\174\373}{section.2.3}% 27
\BOOKMARK [2][-]{subsection.2.3.4}{\376\377\117\134\116\072\121\163\174\373\166\204\121\375\145\160}{section.2.3}% 28
\BOOKMARK [0][-]{chapter.3}{\376\377\145\340\172\167}{}% 29
\BOOKMARK [1][-]{section.3.1}{\376\377\173\200\116\313}{chapter.3}% 30
\BOOKMARK [1][-]{section.3.2}{\376\377\127\050\000C\000a\000n\000t\000o\000r\116\345\122\115}{chapter.3}% 31
\BOOKMARK [1][-]{section.3.3}{\376\377\226\306\124\010\166\204\153\324\217\203}{chapter.3}% 32
\BOOKMARK [2][-]{subsection.3.3.1}{\376\377\226\306\124\010\166\204\116\052\145\160\166\370\173\111}{section.3.3}% 33
\BOOKMARK [1][-]{section.3.4}{\376\377\217\336\176\355\176\337\120\107\213\276}{chapter.3}% 34
