\BOOKMARK [0][-]{chapter.1}{\376\377\226\306\124\010\213\272\116\345\123\312\116\214\121\103\121\163\174\373\000[\000M\000]}{}% 1
\BOOKMARK [1][-]{section.1.1}{\376\377\173\200\123\125\166\204\147\064\175\040\226\306\124\010\213\272\166\204\116\000\116\233\133\232\116\111}{chapter.1}% 2
\BOOKMARK [1][-]{section.1.2}{\376\377\232\330\176\247\226\306\124\010\144\315\117\134}{chapter.1}% 3
\BOOKMARK [2][-]{subsection.1.2.1}{\376\377\116\244\124\214\136\166}{section.1.2}% 4
\BOOKMARK [2][-]{subsection.1.2.2}{\376\377\143\222\122\027\166\204\122\233\221\317}{section.1.2}% 5
\BOOKMARK [1][-]{section.1.3}{\376\377\140\226\213\272\166\204\121\372\163\260}{chapter.1}% 6
\BOOKMARK [1][-]{section.1.4}{\376\377\116\214\121\103\121\163\174\373\000:\000\040\173\200\116\313\116\345\123\312\173\200\123\125\217\320\173\227}{chapter.1}% 7
\BOOKMARK [2][-]{subsection.1.4.1}{\376\377\147\011\136\217\133\371}{section.1.4}% 8
\BOOKMARK [2][-]{subsection.1.4.2}{\376\377\173\033\123\141\134\024\171\357\000:\000\040\116\000\171\315\176\304\124\010\145\271\137\017}{section.1.4}% 9
\BOOKMARK [2][-]{subsection.1.4.3}{\376\377\165\050\147\011\136\217\133\371\133\232\116\111\116\214\121\103\121\163\174\373}{section.1.4}% 10
\BOOKMARK [2][-]{subsection.1.4.4}{\376\377\121\163\174\373\166\204\173\200\123\125\217\320\173\227}{section.1.4}% 11
\BOOKMARK [1][-]{section.1.5}{\376\377\173\111\116\367\121\163\174\373\000\040\040\023\000\040\162\171\153\212\166\204\116\214\121\103\121\163\174\373}{chapter.1}% 12
\BOOKMARK [2][-]{subsection.1.5.1}{\376\377\116\316\201\352\161\066\145\160\122\060\147\011\164\006\145\160}{section.1.5}% 13
\BOOKMARK [1][-]{section.1.6}{\376\377\166\370\133\271\121\163\174\373\000\040\040\023\000\040\162\171\153\212\166\204\116\214\121\103\121\163\174\373}{chapter.1}% 14
\BOOKMARK [2][-]{subsection.1.6.1}{\376\377\226\306\124\010\166\204\211\206\166\326}{section.1.6}% 15
\BOOKMARK [1][-]{section.1.7}{\376\377\121\375\145\160\000\040\040\023\000\040\162\171\153\212\166\204\116\214\121\103\121\163\174\373}{chapter.1}% 16
\BOOKMARK [2][-]{subsection.1.7.1}{\376\377\121\375\145\160\000:\000\040\117\134\116\072\121\163\174\373\166\204\116\000\116\052\133\120\226\306}{section.1.7}% 17
\BOOKMARK [2][-]{subsection.1.7.2}{\376\377\117\134\116\072\226\306\124\010\166\204\121\375\145\160}{section.1.7}% 18
\BOOKMARK [2][-]{subsection.1.7.3}{\376\377\162\171\153\212\121\375\145\160\121\163\174\373}{section.1.7}% 19
\BOOKMARK [2][-]{subsection.1.7.4}{\376\377\117\134\116\072\121\163\174\373\166\204\121\375\145\160}{section.1.7}% 20
\BOOKMARK [1][-]{section.1.8}{\376\377\136\217\121\163\174\373}{chapter.1}% 21
\BOOKMARK [2][-]{subsection.1.8.1}{\376\377\120\117\136\217\121\163\174\373\116\016\121\150\136\217\121\163\174\373}{section.1.8}% 22
