\BOOKMARK [1][-]{section*.1}{\376\377\000D\000o\000c\000u\000m\000e\000n\000t\000\040\000c\000l\000a\000s\000s\000e\000s}{}% 1
\BOOKMARK [2][-]{section*.2}{\376\377\000C\000o\000m\000m\000o\000n\000\040\000d\000o\000c\000u\000m\000e\000n\000t\000c\000l\000a\000s\000s\000\040\000o\000p\000t\000i\000o\000n\000s}{section*.1}% 2
\BOOKMARK [2][-]{section*.3}{\376\377\000P\000a\000c\000k\000a\000g\000e\000s}{section*.1}% 3
\BOOKMARK [2][-]{section*.4}{\376\377\000T\000i\000t\000l\000e}{section*.1}% 4
\BOOKMARK [2][-]{section*.5}{\376\377\000M\000i\000s\000c\000e\000l\000l\000a\000n\000e\000o\000u\000s}{section*.1}% 5
\BOOKMARK [1][-]{section*.6}{\376\377\000D\000o\000c\000u\000m\000e\000n\000t\000\040\000s\000t\000r\000u\000c\000t\000u\000r\000e}{}% 6
\BOOKMARK [2][-]{section*.7}{\376\377\000T\000e\000x\000t\000\040\000e\000n\000v\000i\000r\000o\000n\000m\000e\000n\000t\000s}{section*.6}% 7
\BOOKMARK [2][-]{section*.8}{\376\377\000L\000i\000s\000t\000s}{section*.6}% 8
\BOOKMARK [2][-]{section*.9}{\376\377\000R\000e\000f\000e\000r\000e\000n\000c\000e\000s}{section*.6}% 9
\BOOKMARK [2][-]{section*.10}{\376\377\000F\000l\000o\000a\000t\000i\000n\000g\000\040\000b\000o\000d\000i\000e\000s}{section*.6}% 10
\BOOKMARK [1][-]{section*.11}{\376\377\000T\000e\000x\000t\000\040\000p\000r\000o\000p\000e\000r\000t\000i\000e\000s}{}% 11
\BOOKMARK [2][-]{section*.12}{\376\377\000F\000o\000n\000t\000\040\000f\000a\000c\000e}{section*.11}% 12
\BOOKMARK [2][-]{section*.13}{\376\377\000F\000o\000n\000t\000\040\000s\000i\000z\000e}{section*.11}% 13
\BOOKMARK [2][-]{section*.14}{\376\377\000V\000e\000r\000b\000a\000t\000i\000m\000\040\000t\000e\000x\000t}{section*.11}% 14
\BOOKMARK [2][-]{section*.15}{\376\377\000J\000u\000s\000t\000i\000f\000i\000c\000a\000t\000i\000o\000n}{section*.11}% 15
\BOOKMARK [2][-]{section*.16}{\376\377\000M\000i\000s\000c\000e\000l\000l\000a\000n\000e\000o\000u\000s}{section*.11}% 16
\BOOKMARK [1][-]{section*.17}{\376\377\000T\000e\000x\000t\000-\000m\000o\000d\000e\000\040\000s\000y\000m\000b\000o\000l\000s}{}% 17
\BOOKMARK [2][-]{section*.18}{\376\377\000S\000y\000m\000b\000o\000l\000s}{section*.17}% 18
\BOOKMARK [2][-]{section*.19}{\376\377\000A\000c\000c\000e\000n\000t\000s}{section*.17}% 19
\BOOKMARK [2][-]{section*.20}{\376\377\000D\000e\000l\000i\000m\000i\000t\000e\000r\000s}{section*.17}% 20
\BOOKMARK [2][-]{section*.21}{\376\377\000D\000a\000s\000h\000e\000s}{section*.17}% 21
\BOOKMARK [2][-]{section*.22}{\376\377\000L\000i\000n\000e\000\040\000a\000n\000d\000\040\000p\000a\000g\000e\000\040\000b\000r\000e\000a\000k\000s}{section*.17}% 22
\BOOKMARK [2][-]{section*.23}{\376\377\000M\000i\000s\000c\000e\000l\000l\000a\000n\000e\000o\000u\000s}{section*.17}% 23
\BOOKMARK [1][-]{section*.24}{\376\377\000T\000a\000b\000u\000l\000a\000r\000\040\000e\000n\000v\000i\000r\000o\000n\000m\000e\000n\000t\000s}{}% 24
\BOOKMARK [2][-]{section*.25}{\376\377\000t\000a\000b\000b\000i\000n\000g\000\040\000e\000n\000v\000i\000r\000o\000n\000m\000e\000n\000t}{section*.24}% 25
\BOOKMARK [2][-]{section*.26}{\376\377\000t\000a\000b\000u\000l\000a\000r\000\040\000e\000n\000v\000i\000r\000o\000n\000m\000e\000n\000t}{section*.24}% 26
\BOOKMARK [3][-]{section*.27}{\376\377\000t\000a\000b\000u\000l\000a\000r\000\040\000c\000o\000l\000u\000m\000n\000\040\000s\000p\000e\000c\000i\000f\000i\000c\000a\000t\000i\000o\000n}{section*.26}% 27
\BOOKMARK [3][-]{section*.28}{\376\377\000t\000a\000b\000u\000l\000a\000r\000\040\000e\000l\000e\000m\000e\000n\000t\000s}{section*.26}% 28
\BOOKMARK [1][-]{section*.29}{\376\377\000M\000a\000t\000h\000\040\000m\000o\000d\000e}{}% 29
\BOOKMARK [2][-]{section*.30}{\376\377\000M\000a\000t\000h\000-\000m\000o\000d\000e\000\040\000s\000y\000m\000b\000o\000l\000s}{section*.29}% 30
\BOOKMARK [1][-]{section*.31}{\376\377\000B\000i\000b\000l\000i\000o\000g\000r\000a\000p\000h\000y\000\040\000a\000n\000d\000\040\000c\000i\000t\000a\000t\000i\000o\000n\000s}{}% 31
\BOOKMARK [2][-]{section*.32}{\376\377\000C\000i\000t\000a\000t\000i\000o\000n\000\040\000t\000y\000p\000e\000s}{section*.31}% 32
\BOOKMARK [2][-]{section*.33}{\376\377\000B\000i\000b\000T\000.\0007\000e\000x\000E\000X\000\040\000e\000n\000t\000r\000y\000\040\000t\000y\000p\000e\000s}{section*.31}% 33
\BOOKMARK [2][-]{section*.34}{\376\377\000B\000i\000b\000T\000.\0007\000e\000x\000E\000X\000\040\000f\000i\000e\000l\000d\000s}{section*.31}% 34
\BOOKMARK [2][-]{section*.35}{\376\377\000C\000o\000m\000m\000o\000n\000\040\000B\000i\000b\000T\000.\0007\000e\000x\000E\000X\000\040\000s\000t\000y\000l\000e\000\040\000f\000i\000l\000e\000s}{section*.31}% 35
\BOOKMARK [2][-]{section*.36}{\376\377\000B\000i\000b\000T\000.\0007\000e\000x\000E\000X\000\040\000e\000x\000a\000m\000p\000l\000e}{section*.31}% 36
\BOOKMARK [1][-]{section*.37}{\376\377\000S\000a\000m\000p\000l\000e\000\040\000L\000a\000T\000e\000X\000\040\000d\000o\000c\000u\000m\000e\000n\000t}{}% 37
