This is XeTeX, Version 3.141592653-2.6-0.999994 (MiKTeX 22.10) (preloaded format=xelatex 2022.11.10)  1 DEC 2022 00:10
entering extended mode
 restricted \write18 enabled.
 file:line:error style messages enabled.
 %&-line parsing enabled.
**d:/CP/TeXify/PSolve/notes/3-infinity/main.tex
(d:/CP/TeXify/PSolve/notes/3-infinity/main.tex
LaTeX2e <2022-06-01> patch level 5
L3 programming layer <2022-10-26> (d:/CP\TeXify\template.tex

! LaTeX Error: File `ctex.cls' not found.

Type X to quit or <RETURN> to proceed,
or enter new name. (Default extension: cls)

Enter file name: 
d:/CP\TeXify\template.tex:5: Emergency stop.
<read *> 
         
l.5 \fi
       ^^M
*** (cannot \read from terminal in nonstop modes)

 
Here is how much of TeX's memory you used:
 31 strings out of 410527
 597 string characters out of 2817629
 333185 words of memory out of 3000000
 21296 multiletter control sequences out of 15000+600000
 469259 words of font info for 28 fonts, out of 8000000 for 9000
 1348 hyphenation exceptions out of 8191
 24i,0n,32p,113b,18s stack positions out of 10000i,1000n,20000p,200000b,80000s
No pages of output.
